[0.078s] DEBUG:colcon:Command line arguments: ['/usr/bin/colcon', 'build']
[0.078s] DEBUG:colcon:Parsed command line arguments: Namespace(log_base=None, log_level=None, verb_name='build', build_base='build', install_base='install', merge_install=False, symlink_install=False, test_result_base=None, continue_on_error=False, executor='parallel', parallel_workers=12, event_handlers=None, ignore_user_meta=False, metas=['./colcon.meta'], base_paths=['.'], packages_ignore=None, packages_ignore_regex=None, paths=None, packages_up_to=None, packages_up_to_regex=None, packages_above=None, packages_above_and_dependencies=None, packages_above_depth=None, packages_select_by_dep=None, packages_skip_by_dep=None, packages_skip_up_to=None, packages_select_build_failed=False, packages_skip_build_finished=False, packages_select_test_failures=False, packages_skip_test_passed=False, packages_select=None, packages_skip=None, packages_select_regex=None, packages_skip_regex=None, packages_start=None, packages_end=None, allow_overriding=[], cmake_args=None, cmake_target=None, cmake_target_skip_unavailable=False, cmake_clean_cache=False, cmake_clean_first=False, cmake_force_configure=False, ament_cmake_args=None, catkin_cmake_args=None, catkin_skip_building_tests=False, verb_parser=<colcon_defaults.argument_parser.defaults.DefaultArgumentsDecorator object at 0x72072a6e6cb0>, verb_extension=<colcon_core.verb.build.BuildVerb object at 0x72072a6e66e0>, main=<bound method BuildVerb.main of <colcon_core.verb.build.BuildVerb object at 0x72072a6e66e0>>)
[0.181s] Level 1:colcon.colcon_core.package_discovery:discover_packages(colcon_meta) check parameters
[0.181s] Level 1:colcon.colcon_core.package_discovery:discover_packages(recursive) check parameters
[0.181s] Level 1:colcon.colcon_core.package_discovery:discover_packages(ignore) check parameters
[0.181s] Level 1:colcon.colcon_core.package_discovery:discover_packages(path) check parameters
[0.181s] Level 1:colcon.colcon_core.package_discovery:discover_packages(colcon_meta) discover
[0.181s] Level 1:colcon.colcon_core.package_discovery:discover_packages(recursive) discover
[0.181s] INFO:colcon.colcon_core.package_discovery:Crawling recursively for packages in '/home/zsj/code/unitree_ws'
[0.182s] Level 1:colcon.colcon_core.package_identification:_identify(.) by extensions ['ignore', 'ignore_ament_install']
[0.182s] Level 1:colcon.colcon_core.package_identification:_identify(.) by extension 'ignore'
[0.182s] Level 1:colcon.colcon_core.package_identification:_identify(.) by extension 'ignore_ament_install'
[0.182s] Level 1:colcon.colcon_core.package_identification:_identify(.) by extensions ['colcon_pkg']
[0.182s] Level 1:colcon.colcon_core.package_identification:_identify(.) by extension 'colcon_pkg'
[0.182s] Level 1:colcon.colcon_core.package_identification:_identify(.) by extensions ['colcon_meta']
[0.182s] Level 1:colcon.colcon_core.package_identification:_identify(.) by extension 'colcon_meta'
[0.182s] Level 1:colcon.colcon_core.package_identification:_identify(.) by extensions ['ros']
[0.182s] Level 1:colcon.colcon_core.package_identification:_identify(.) by extension 'ros'
[0.191s] Level 1:colcon.colcon_core.package_identification:_identify(.) by extensions ['cmake', 'python']
[0.192s] Level 1:colcon.colcon_core.package_identification:_identify(.) by extension 'cmake'
[0.192s] Level 1:colcon.colcon_core.package_identification:_identify(.) by extension 'python'
[0.192s] Level 1:colcon.colcon_core.package_identification:_identify(.) by extensions ['python_setup_py']
[0.192s] Level 1:colcon.colcon_core.package_identification:_identify(.) by extension 'python_setup_py'
[0.192s] Level 1:colcon.colcon_core.package_identification:_identify(build) by extensions ['ignore', 'ignore_ament_install']
[0.192s] Level 1:colcon.colcon_core.package_identification:_identify(build) by extension 'ignore'
[0.192s] Level 1:colcon.colcon_core.package_identification:_identify(build) ignored
[0.192s] Level 1:colcon.colcon_core.package_identification:_identify(dataset) by extensions ['ignore', 'ignore_ament_install']
[0.192s] Level 1:colcon.colcon_core.package_identification:_identify(dataset) by extension 'ignore'
[0.192s] Level 1:colcon.colcon_core.package_identification:_identify(dataset) by extension 'ignore_ament_install'
[0.192s] Level 1:colcon.colcon_core.package_identification:_identify(dataset) by extensions ['colcon_pkg']
[0.192s] Level 1:colcon.colcon_core.package_identification:_identify(dataset) by extension 'colcon_pkg'
[0.192s] Level 1:colcon.colcon_core.package_identification:_identify(dataset) by extensions ['colcon_meta']
[0.192s] Level 1:colcon.colcon_core.package_identification:_identify(dataset) by extension 'colcon_meta'
[0.192s] Level 1:colcon.colcon_core.package_identification:_identify(dataset) by extensions ['ros']
[0.192s] Level 1:colcon.colcon_core.package_identification:_identify(dataset) by extension 'ros'
[0.192s] Level 1:colcon.colcon_core.package_identification:_identify(dataset) by extensions ['cmake', 'python']
[0.192s] Level 1:colcon.colcon_core.package_identification:_identify(dataset) by extension 'cmake'
[0.192s] Level 1:colcon.colcon_core.package_identification:_identify(dataset) by extension 'python'
[0.192s] Level 1:colcon.colcon_core.package_identification:_identify(dataset) by extensions ['python_setup_py']
[0.193s] Level 1:colcon.colcon_core.package_identification:_identify(dataset) by extension 'python_setup_py'
[0.193s] Level 1:colcon.colcon_core.package_identification:_identify(install) by extensions ['ignore', 'ignore_ament_install']
[0.193s] Level 1:colcon.colcon_core.package_identification:_identify(install) by extension 'ignore'
[0.193s] Level 1:colcon.colcon_core.package_identification:_identify(install) ignored
[0.193s] Level 1:colcon.colcon_core.package_identification:_identify(log) by extensions ['ignore', 'ignore_ament_install']
[0.193s] Level 1:colcon.colcon_core.package_identification:_identify(log) by extension 'ignore'
[0.193s] Level 1:colcon.colcon_core.package_identification:_identify(log) ignored
[0.193s] Level 1:colcon.colcon_core.package_identification:_identify(src) by extensions ['ignore', 'ignore_ament_install']
[0.193s] Level 1:colcon.colcon_core.package_identification:_identify(src) by extension 'ignore'
[0.193s] Level 1:colcon.colcon_core.package_identification:_identify(src) by extension 'ignore_ament_install'
[0.193s] Level 1:colcon.colcon_core.package_identification:_identify(src) by extensions ['colcon_pkg']
[0.193s] Level 1:colcon.colcon_core.package_identification:_identify(src) by extension 'colcon_pkg'
[0.193s] Level 1:colcon.colcon_core.package_identification:_identify(src) by extensions ['colcon_meta']
[0.193s] Level 1:colcon.colcon_core.package_identification:_identify(src) by extension 'colcon_meta'
[0.193s] Level 1:colcon.colcon_core.package_identification:_identify(src) by extensions ['ros']
[0.193s] Level 1:colcon.colcon_core.package_identification:_identify(src) by extension 'ros'
[0.193s] Level 1:colcon.colcon_core.package_identification:_identify(src) by extensions ['cmake', 'python']
[0.193s] Level 1:colcon.colcon_core.package_identification:_identify(src) by extension 'cmake'
[0.193s] Level 1:colcon.colcon_core.package_identification:_identify(src) by extension 'python'
[0.194s] Level 1:colcon.colcon_core.package_identification:_identify(src) by extensions ['python_setup_py']
[0.194s] Level 1:colcon.colcon_core.package_identification:_identify(src) by extension 'python_setup_py'
[0.194s] Level 1:colcon.colcon_core.package_identification:_identify(src/create_dataset) by extensions ['ignore', 'ignore_ament_install']
[0.194s] Level 1:colcon.colcon_core.package_identification:_identify(src/create_dataset) by extension 'ignore'
[0.194s] Level 1:colcon.colcon_core.package_identification:_identify(src/create_dataset) by extension 'ignore_ament_install'
[0.194s] Level 1:colcon.colcon_core.package_identification:_identify(src/create_dataset) by extensions ['colcon_pkg']
[0.194s] Level 1:colcon.colcon_core.package_identification:_identify(src/create_dataset) by extension 'colcon_pkg'
[0.194s] Level 1:colcon.colcon_core.package_identification:_identify(src/create_dataset) by extensions ['colcon_meta']
[0.194s] Level 1:colcon.colcon_core.package_identification:_identify(src/create_dataset) by extension 'colcon_meta'
[0.194s] Level 1:colcon.colcon_core.package_identification:_identify(src/create_dataset) by extensions ['ros']
[0.194s] Level 1:colcon.colcon_core.package_identification:_identify(src/create_dataset) by extension 'ros'
[0.196s] DEBUG:colcon.colcon_core.package_identification:Package 'src/create_dataset' with type 'ros.ament_cmake' and name 'create_dataset'
[0.196s] Level 1:colcon.colcon_core.package_identification:_identify(src/robot_state) by extensions ['ignore', 'ignore_ament_install']
[0.196s] Level 1:colcon.colcon_core.package_identification:_identify(src/robot_state) by extension 'ignore'
[0.196s] Level 1:colcon.colcon_core.package_identification:_identify(src/robot_state) by extension 'ignore_ament_install'
[0.196s] Level 1:colcon.colcon_core.package_identification:_identify(src/robot_state) by extensions ['colcon_pkg']
[0.196s] Level 1:colcon.colcon_core.package_identification:_identify(src/robot_state) by extension 'colcon_pkg'
[0.196s] Level 1:colcon.colcon_core.package_identification:_identify(src/robot_state) by extensions ['colcon_meta']
[0.196s] Level 1:colcon.colcon_core.package_identification:_identify(src/robot_state) by extension 'colcon_meta'
[0.196s] Level 1:colcon.colcon_core.package_identification:_identify(src/robot_state) by extensions ['ros']
[0.197s] Level 1:colcon.colcon_core.package_identification:_identify(src/robot_state) by extension 'ros'
[0.197s] DEBUG:colcon.colcon_core.package_identification:Package 'src/robot_state' with type 'ros.ament_cmake' and name 'robot_state'
[0.197s] Level 1:colcon.colcon_core.package_discovery:discover_packages(recursive) using defaults
[0.197s] Level 1:colcon.colcon_core.package_discovery:discover_packages(ignore) discover
[0.197s] Level 1:colcon.colcon_core.package_discovery:discover_packages(ignore) using defaults
[0.197s] Level 1:colcon.colcon_core.package_discovery:discover_packages(path) discover
[0.197s] Level 1:colcon.colcon_core.package_discovery:discover_packages(path) using defaults
[0.214s] Level 1:colcon.colcon_core.package_discovery:discover_packages(prefix_path) check parameters
[0.214s] Level 1:colcon.colcon_core.package_discovery:discover_packages(prefix_path) discover
[0.214s] Level 1:colcon.colcon_core.package_discovery:discover_packages(prefix_path) using defaults
[0.215s] Level 5:colcon.colcon_core.verb:set package 'robot_state' build argument 'cmake_args' from command line to 'None'
[0.215s] Level 5:colcon.colcon_core.verb:set package 'robot_state' build argument 'cmake_target' from command line to 'None'
[0.215s] Level 5:colcon.colcon_core.verb:set package 'robot_state' build argument 'cmake_target_skip_unavailable' from command line to 'False'
[0.215s] Level 5:colcon.colcon_core.verb:set package 'robot_state' build argument 'cmake_clean_cache' from command line to 'False'
[0.215s] Level 5:colcon.colcon_core.verb:set package 'robot_state' build argument 'cmake_clean_first' from command line to 'False'
[0.215s] Level 5:colcon.colcon_core.verb:set package 'robot_state' build argument 'cmake_force_configure' from command line to 'False'
[0.215s] Level 5:colcon.colcon_core.verb:set package 'robot_state' build argument 'ament_cmake_args' from command line to 'None'
[0.215s] Level 5:colcon.colcon_core.verb:set package 'robot_state' build argument 'catkin_cmake_args' from command line to 'None'
[0.216s] Level 5:colcon.colcon_core.verb:set package 'robot_state' build argument 'catkin_skip_building_tests' from command line to 'False'
[0.216s] DEBUG:colcon.colcon_core.verb:Building package 'robot_state' with the following arguments: {'ament_cmake_args': None, 'build_base': '/home/zsj/code/unitree_ws/build/robot_state', 'catkin_cmake_args': None, 'catkin_skip_building_tests': False, 'cmake_args': None, 'cmake_clean_cache': False, 'cmake_clean_first': False, 'cmake_force_configure': False, 'cmake_target': None, 'cmake_target_skip_unavailable': False, 'install_base': '/home/zsj/code/unitree_ws/install/robot_state', 'merge_install': False, 'path': '/home/zsj/code/unitree_ws/src/robot_state', 'symlink_install': False, 'test_result_base': None}
[0.216s] Level 5:colcon.colcon_core.verb:set package 'create_dataset' build argument 'cmake_args' from command line to 'None'
[0.216s] Level 5:colcon.colcon_core.verb:set package 'create_dataset' build argument 'cmake_target' from command line to 'None'
[0.216s] Level 5:colcon.colcon_core.verb:set package 'create_dataset' build argument 'cmake_target_skip_unavailable' from command line to 'False'
[0.216s] Level 5:colcon.colcon_core.verb:set package 'create_dataset' build argument 'cmake_clean_cache' from command line to 'False'
[0.216s] Level 5:colcon.colcon_core.verb:set package 'create_dataset' build argument 'cmake_clean_first' from command line to 'False'
[0.216s] Level 5:colcon.colcon_core.verb:set package 'create_dataset' build argument 'cmake_force_configure' from command line to 'False'
[0.216s] Level 5:colcon.colcon_core.verb:set package 'create_dataset' build argument 'ament_cmake_args' from command line to 'None'
[0.216s] Level 5:colcon.colcon_core.verb:set package 'create_dataset' build argument 'catkin_cmake_args' from command line to 'None'
[0.216s] Level 5:colcon.colcon_core.verb:set package 'create_dataset' build argument 'catkin_skip_building_tests' from command line to 'False'
[0.216s] DEBUG:colcon.colcon_core.verb:Building package 'create_dataset' with the following arguments: {'ament_cmake_args': None, 'build_base': '/home/zsj/code/unitree_ws/build/create_dataset', 'catkin_cmake_args': None, 'catkin_skip_building_tests': False, 'cmake_args': None, 'cmake_clean_cache': False, 'cmake_clean_first': False, 'cmake_force_configure': False, 'cmake_target': None, 'cmake_target_skip_unavailable': False, 'install_base': '/home/zsj/code/unitree_ws/install/create_dataset', 'merge_install': False, 'path': '/home/zsj/code/unitree_ws/src/create_dataset', 'symlink_install': False, 'test_result_base': None}
[0.216s] INFO:colcon.colcon_core.executor:Executing jobs using 'parallel' executor
[0.217s] DEBUG:colcon.colcon_parallel_executor.executor.parallel:run_until_complete
[0.217s] INFO:colcon.colcon_ros.task.ament_cmake.build:Building ROS package in '/home/zsj/code/unitree_ws/src/robot_state' with build type 'ament_cmake'
[0.217s] INFO:colcon.colcon_cmake.task.cmake.build:Building CMake package in '/home/zsj/code/unitree_ws/src/robot_state'
[0.219s] INFO:colcon.colcon_core.plugin_system:Skipping extension 'colcon_core.shell.bat': Not used on non-Windows systems
[0.219s] INFO:colcon.colcon_core.shell:Skip shell extension 'powershell' for command environment: Not usable outside of PowerShell
[0.219s] DEBUG:colcon.colcon_core.shell:Skip shell extension 'dsv' for command environment
[0.225s] DEBUG:colcon.colcon_core.event_handler.log_command:Invoking command in '/home/zsj/code/unitree_ws/build/robot_state': /usr/bin/cmake --build /home/zsj/code/unitree_ws/build/robot_state -- -j12 -l12
[0.476s] DEBUG:colcon.colcon_core.event_handler.log_command:Invoked command in '/home/zsj/code/unitree_ws/build/robot_state' returned '0': /usr/bin/cmake --build /home/zsj/code/unitree_ws/build/robot_state -- -j12 -l12
[0.531s] DEBUG:colcon.colcon_core.event_handler.log_command:Invoking command in '/home/zsj/code/unitree_ws/build/robot_state': /usr/bin/cmake --install /home/zsj/code/unitree_ws/build/robot_state
[0.574s] Level 1:colcon.colcon_core.environment:create_environment_scripts_only(robot_state)
[0.576s] DEBUG:colcon.colcon_core.event_handler.log_command:Invoked command in '/home/zsj/code/unitree_ws/build/robot_state' returned '0': /usr/bin/cmake --install /home/zsj/code/unitree_ws/build/robot_state
[0.578s] Level 1:colcon.colcon_core.environment:checking '/home/zsj/code/unitree_ws/install/robot_state' for CMake module files
[0.578s] Level 1:colcon.colcon_core.environment:checking '/home/zsj/code/unitree_ws/install/robot_state' for CMake config files
[0.578s] Level 1:colcon.colcon_core.shell:create_environment_hook('robot_state', 'cmake_prefix_path')
[0.578s] INFO:colcon.colcon_core.shell:Creating environment hook '/home/zsj/code/unitree_ws/install/robot_state/share/robot_state/hook/cmake_prefix_path.ps1'
[0.579s] INFO:colcon.colcon_core.shell:Creating environment descriptor '/home/zsj/code/unitree_ws/install/robot_state/share/robot_state/hook/cmake_prefix_path.dsv'
[0.579s] INFO:colcon.colcon_core.shell:Creating environment hook '/home/zsj/code/unitree_ws/install/robot_state/share/robot_state/hook/cmake_prefix_path.sh'
[0.580s] Level 1:colcon.colcon_core.environment:checking '/home/zsj/code/unitree_ws/install/robot_state/lib'
[0.580s] Level 1:colcon.colcon_core.shell:create_environment_hook('robot_state', 'ld_library_path_lib')
[0.580s] INFO:colcon.colcon_core.shell:Creating environment hook '/home/zsj/code/unitree_ws/install/robot_state/share/robot_state/hook/ld_library_path_lib.ps1'
[0.580s] INFO:colcon.colcon_core.shell:Creating environment descriptor '/home/zsj/code/unitree_ws/install/robot_state/share/robot_state/hook/ld_library_path_lib.dsv'
[0.581s] INFO:colcon.colcon_core.shell:Creating environment hook '/home/zsj/code/unitree_ws/install/robot_state/share/robot_state/hook/ld_library_path_lib.sh'
[0.581s] Level 1:colcon.colcon_core.environment:checking '/home/zsj/code/unitree_ws/install/robot_state/bin'
[0.581s] Level 1:colcon.colcon_core.environment:checking '/home/zsj/code/unitree_ws/install/robot_state/lib/pkgconfig/robot_state.pc'
[0.582s] Level 1:colcon.colcon_core.environment:checking '/home/zsj/code/unitree_ws/install/robot_state/lib/python3.10/site-packages'
[0.583s] Level 1:colcon.colcon_core.environment:checking '/home/zsj/code/unitree_ws/install/robot_state/bin'
[0.583s] INFO:colcon.colcon_core.shell:Creating package script '/home/zsj/code/unitree_ws/install/robot_state/share/robot_state/package.ps1'
[0.584s] INFO:colcon.colcon_core.shell:Creating package descriptor '/home/zsj/code/unitree_ws/install/robot_state/share/robot_state/package.dsv'
[0.584s] INFO:colcon.colcon_core.shell:Creating package script '/home/zsj/code/unitree_ws/install/robot_state/share/robot_state/package.sh'
[0.585s] INFO:colcon.colcon_core.shell:Creating package script '/home/zsj/code/unitree_ws/install/robot_state/share/robot_state/package.bash'
[0.585s] INFO:colcon.colcon_core.shell:Creating package script '/home/zsj/code/unitree_ws/install/robot_state/share/robot_state/package.zsh'
[0.586s] Level 1:colcon.colcon_core.environment:create_file_with_runtime_dependencies(/home/zsj/code/unitree_ws/install/robot_state/share/colcon-core/packages/robot_state)
[0.632s] Level 1:colcon.colcon_core.environment:create_environment_scripts_only(robot_state)
[0.632s] Level 1:colcon.colcon_core.environment:checking '/home/zsj/code/unitree_ws/install/robot_state' for CMake module files
[0.632s] Level 1:colcon.colcon_core.environment:checking '/home/zsj/code/unitree_ws/install/robot_state' for CMake config files
[0.633s] Level 1:colcon.colcon_core.shell:create_environment_hook('robot_state', 'cmake_prefix_path')
[0.633s] INFO:colcon.colcon_core.shell:Creating environment hook '/home/zsj/code/unitree_ws/install/robot_state/share/robot_state/hook/cmake_prefix_path.ps1'
[0.633s] INFO:colcon.colcon_core.shell:Creating environment descriptor '/home/zsj/code/unitree_ws/install/robot_state/share/robot_state/hook/cmake_prefix_path.dsv'
[0.633s] INFO:colcon.colcon_core.shell:Creating environment hook '/home/zsj/code/unitree_ws/install/robot_state/share/robot_state/hook/cmake_prefix_path.sh'
[0.634s] Level 1:colcon.colcon_core.environment:checking '/home/zsj/code/unitree_ws/install/robot_state/lib'
[0.634s] Level 1:colcon.colcon_core.shell:create_environment_hook('robot_state', 'ld_library_path_lib')
[0.634s] INFO:colcon.colcon_core.shell:Creating environment hook '/home/zsj/code/unitree_ws/install/robot_state/share/robot_state/hook/ld_library_path_lib.ps1'
[0.634s] INFO:colcon.colcon_core.shell:Creating environment descriptor '/home/zsj/code/unitree_ws/install/robot_state/share/robot_state/hook/ld_library_path_lib.dsv'
[0.635s] INFO:colcon.colcon_core.shell:Creating environment hook '/home/zsj/code/unitree_ws/install/robot_state/share/robot_state/hook/ld_library_path_lib.sh'
[0.635s] Level 1:colcon.colcon_core.environment:checking '/home/zsj/code/unitree_ws/install/robot_state/bin'
[0.635s] Level 1:colcon.colcon_core.environment:checking '/home/zsj/code/unitree_ws/install/robot_state/lib/pkgconfig/robot_state.pc'
[0.635s] Level 1:colcon.colcon_core.environment:checking '/home/zsj/code/unitree_ws/install/robot_state/lib/python3.10/site-packages'
[0.635s] Level 1:colcon.colcon_core.environment:checking '/home/zsj/code/unitree_ws/install/robot_state/bin'
[0.636s] INFO:colcon.colcon_core.shell:Creating package script '/home/zsj/code/unitree_ws/install/robot_state/share/robot_state/package.ps1'
[0.636s] INFO:colcon.colcon_core.shell:Creating package descriptor '/home/zsj/code/unitree_ws/install/robot_state/share/robot_state/package.dsv'
[0.636s] INFO:colcon.colcon_core.shell:Creating package script '/home/zsj/code/unitree_ws/install/robot_state/share/robot_state/package.sh'
[0.637s] INFO:colcon.colcon_core.shell:Creating package script '/home/zsj/code/unitree_ws/install/robot_state/share/robot_state/package.bash'
[0.637s] INFO:colcon.colcon_core.shell:Creating package script '/home/zsj/code/unitree_ws/install/robot_state/share/robot_state/package.zsh'
[0.637s] Level 1:colcon.colcon_core.environment:create_file_with_runtime_dependencies(/home/zsj/code/unitree_ws/install/robot_state/share/colcon-core/packages/robot_state)
[0.637s] INFO:colcon.colcon_ros.task.ament_cmake.build:Building ROS package in '/home/zsj/code/unitree_ws/src/create_dataset' with build type 'ament_cmake'
[0.637s] INFO:colcon.colcon_cmake.task.cmake.build:Building CMake package in '/home/zsj/code/unitree_ws/src/create_dataset'
[0.638s] INFO:colcon.colcon_core.shell:Skip shell extension 'powershell' for command environment: Not usable outside of PowerShell
[0.638s] DEBUG:colcon.colcon_core.shell:Skip shell extension 'dsv' for command environment
[0.644s] DEBUG:colcon.colcon_core.event_handler.log_command:Invoking command in '/home/zsj/code/unitree_ws/build/create_dataset': AMENT_PREFIX_PATH=/home/zsj/code/unitree_ws/install/robot_state CMAKE_PREFIX_PATH=/home/zsj/code/unitree_ws/install/robot_state LD_LIBRARY_PATH=/home/zsj/code/unitree_ws/install/robot_state/lib PYTHONPATH=/home/zsj/code/unitree_ws/install/robot_state/local/lib/python3.10/dist-packages /usr/bin/cmake --build /home/zsj/code/unitree_ws/build/create_dataset -- -j12 -l12
[9.870s] DEBUG:colcon.colcon_core.event_handler.log_command:Invoked command in '/home/zsj/code/unitree_ws/build/create_dataset' returned '0': AMENT_PREFIX_PATH=/home/zsj/code/unitree_ws/install/robot_state CMAKE_PREFIX_PATH=/home/zsj/code/unitree_ws/install/robot_state LD_LIBRARY_PATH=/home/zsj/code/unitree_ws/install/robot_state/lib PYTHONPATH=/home/zsj/code/unitree_ws/install/robot_state/local/lib/python3.10/dist-packages /usr/bin/cmake --build /home/zsj/code/unitree_ws/build/create_dataset -- -j12 -l12
[9.897s] DEBUG:colcon.colcon_core.event_handler.log_command:Invoking command in '/home/zsj/code/unitree_ws/build/create_dataset': AMENT_PREFIX_PATH=/home/zsj/code/unitree_ws/install/robot_state CMAKE_PREFIX_PATH=/home/zsj/code/unitree_ws/install/robot_state LD_LIBRARY_PATH=/home/zsj/code/unitree_ws/install/robot_state/lib PYTHONPATH=/home/zsj/code/unitree_ws/install/robot_state/local/lib/python3.10/dist-packages /usr/bin/cmake --install /home/zsj/code/unitree_ws/build/create_dataset
[9.914s] Level 1:colcon.colcon_core.environment:create_environment_scripts_only(create_dataset)
[9.914s] DEBUG:colcon.colcon_core.event_handler.log_command:Invoked command in '/home/zsj/code/unitree_ws/build/create_dataset' returned '0': AMENT_PREFIX_PATH=/home/zsj/code/unitree_ws/install/robot_state CMAKE_PREFIX_PATH=/home/zsj/code/unitree_ws/install/robot_state LD_LIBRARY_PATH=/home/zsj/code/unitree_ws/install/robot_state/lib PYTHONPATH=/home/zsj/code/unitree_ws/install/robot_state/local/lib/python3.10/dist-packages /usr/bin/cmake --install /home/zsj/code/unitree_ws/build/create_dataset
[9.915s] Level 1:colcon.colcon_core.environment:checking '/home/zsj/code/unitree_ws/install/create_dataset' for CMake module files
[9.915s] Level 1:colcon.colcon_core.environment:checking '/home/zsj/code/unitree_ws/install/create_dataset' for CMake config files
[9.916s] Level 1:colcon.colcon_core.shell:create_environment_hook('create_dataset', 'cmake_prefix_path')
[9.916s] INFO:colcon.colcon_core.shell:Creating environment hook '/home/zsj/code/unitree_ws/install/create_dataset/share/create_dataset/hook/cmake_prefix_path.ps1'
[9.916s] INFO:colcon.colcon_core.shell:Creating environment descriptor '/home/zsj/code/unitree_ws/install/create_dataset/share/create_dataset/hook/cmake_prefix_path.dsv'
[9.916s] INFO:colcon.colcon_core.shell:Creating environment hook '/home/zsj/code/unitree_ws/install/create_dataset/share/create_dataset/hook/cmake_prefix_path.sh'
[9.917s] Level 1:colcon.colcon_core.environment:checking '/home/zsj/code/unitree_ws/install/create_dataset/lib'
[9.917s] Level 1:colcon.colcon_core.environment:checking '/home/zsj/code/unitree_ws/install/create_dataset/bin'
[9.917s] Level 1:colcon.colcon_core.environment:checking '/home/zsj/code/unitree_ws/install/create_dataset/lib/pkgconfig/create_dataset.pc'
[9.917s] Level 1:colcon.colcon_core.environment:checking '/home/zsj/code/unitree_ws/install/create_dataset/lib/python3.10/site-packages'
[9.917s] Level 1:colcon.colcon_core.environment:checking '/home/zsj/code/unitree_ws/install/create_dataset/bin'
[9.917s] INFO:colcon.colcon_core.shell:Creating package script '/home/zsj/code/unitree_ws/install/create_dataset/share/create_dataset/package.ps1'
[9.918s] INFO:colcon.colcon_core.shell:Creating package descriptor '/home/zsj/code/unitree_ws/install/create_dataset/share/create_dataset/package.dsv'
[9.918s] INFO:colcon.colcon_core.shell:Creating package script '/home/zsj/code/unitree_ws/install/create_dataset/share/create_dataset/package.sh'
[9.918s] INFO:colcon.colcon_core.shell:Creating package script '/home/zsj/code/unitree_ws/install/create_dataset/share/create_dataset/package.bash'
[9.919s] INFO:colcon.colcon_core.shell:Creating package script '/home/zsj/code/unitree_ws/install/create_dataset/share/create_dataset/package.zsh'
[9.919s] Level 1:colcon.colcon_core.environment:create_file_with_runtime_dependencies(/home/zsj/code/unitree_ws/install/create_dataset/share/colcon-core/packages/create_dataset)
[9.945s] Level 1:colcon.colcon_core.environment:create_environment_scripts_only(create_dataset)
[9.946s] Level 1:colcon.colcon_core.environment:checking '/home/zsj/code/unitree_ws/install/create_dataset' for CMake module files
[9.946s] Level 1:colcon.colcon_core.environment:checking '/home/zsj/code/unitree_ws/install/create_dataset' for CMake config files
[9.946s] Level 1:colcon.colcon_core.shell:create_environment_hook('create_dataset', 'cmake_prefix_path')
[9.946s] INFO:colcon.colcon_core.shell:Creating environment hook '/home/zsj/code/unitree_ws/install/create_dataset/share/create_dataset/hook/cmake_prefix_path.ps1'
[9.947s] INFO:colcon.colcon_core.shell:Creating environment descriptor '/home/zsj/code/unitree_ws/install/create_dataset/share/create_dataset/hook/cmake_prefix_path.dsv'
[9.947s] INFO:colcon.colcon_core.shell:Creating environment hook '/home/zsj/code/unitree_ws/install/create_dataset/share/create_dataset/hook/cmake_prefix_path.sh'
[9.947s] Level 1:colcon.colcon_core.environment:checking '/home/zsj/code/unitree_ws/install/create_dataset/lib'
[9.947s] Level 1:colcon.colcon_core.environment:checking '/home/zsj/code/unitree_ws/install/create_dataset/bin'
[9.947s] Level 1:colcon.colcon_core.environment:checking '/home/zsj/code/unitree_ws/install/create_dataset/lib/pkgconfig/create_dataset.pc'
[9.948s] Level 1:colcon.colcon_core.environment:checking '/home/zsj/code/unitree_ws/install/create_dataset/lib/python3.10/site-packages'
[9.948s] Level 1:colcon.colcon_core.environment:checking '/home/zsj/code/unitree_ws/install/create_dataset/bin'
[9.948s] INFO:colcon.colcon_core.shell:Creating package script '/home/zsj/code/unitree_ws/install/create_dataset/share/create_dataset/package.ps1'
[9.948s] INFO:colcon.colcon_core.shell:Creating package descriptor '/home/zsj/code/unitree_ws/install/create_dataset/share/create_dataset/package.dsv'
[9.949s] INFO:colcon.colcon_core.shell:Creating package script '/home/zsj/code/unitree_ws/install/create_dataset/share/create_dataset/package.sh'
[9.949s] INFO:colcon.colcon_core.shell:Creating package script '/home/zsj/code/unitree_ws/install/create_dataset/share/create_dataset/package.bash'
[9.949s] INFO:colcon.colcon_core.shell:Creating package script '/home/zsj/code/unitree_ws/install/create_dataset/share/create_dataset/package.zsh'
[9.950s] Level 1:colcon.colcon_core.environment:create_file_with_runtime_dependencies(/home/zsj/code/unitree_ws/install/create_dataset/share/colcon-core/packages/create_dataset)
[9.950s] DEBUG:colcon.colcon_parallel_executor.executor.parallel:closing loop
[9.950s] DEBUG:colcon.colcon_parallel_executor.executor.parallel:loop closed
[9.950s] DEBUG:colcon.colcon_parallel_executor.executor.parallel:run_until_complete finished with '0'
[9.950s] DEBUG:colcon.colcon_core.event_reactor:joining thread
[9.955s] INFO:colcon.colcon_core.plugin_system:Skipping extension 'colcon_notification.desktop_notification.terminal_notifier': Not used on non-Darwin systems
[9.955s] INFO:colcon.colcon_core.plugin_system:Skipping extension 'colcon_notification.desktop_notification.win32': Not used on non-Windows systems
[9.955s] INFO:colcon.colcon_notification.desktop_notification:Sending desktop notification using 'notify2'
[9.979s] DEBUG:colcon.colcon_core.event_reactor:joined thread
[9.980s] INFO:colcon.colcon_core.shell:Creating prefix script '/home/zsj/code/unitree_ws/install/local_setup.ps1'
[9.980s] INFO:colcon.colcon_core.shell:Creating prefix util module '/home/zsj/code/unitree_ws/install/_local_setup_util_ps1.py'
[9.981s] INFO:colcon.colcon_core.shell:Creating prefix chain script '/home/zsj/code/unitree_ws/install/setup.ps1'
[9.982s] INFO:colcon.colcon_core.shell:Creating prefix script '/home/zsj/code/unitree_ws/install/local_setup.sh'
[9.983s] INFO:colcon.colcon_core.shell:Creating prefix util module '/home/zsj/code/unitree_ws/install/_local_setup_util_sh.py'
[9.983s] INFO:colcon.colcon_core.shell:Creating prefix chain script '/home/zsj/code/unitree_ws/install/setup.sh'
[9.984s] INFO:colcon.colcon_core.shell:Creating prefix script '/home/zsj/code/unitree_ws/install/local_setup.bash'
[9.984s] INFO:colcon.colcon_core.shell:Creating prefix chain script '/home/zsj/code/unitree_ws/install/setup.bash'
[9.985s] INFO:colcon.colcon_core.shell:Creating prefix script '/home/zsj/code/unitree_ws/install/local_setup.zsh'
[9.985s] INFO:colcon.colcon_core.shell:Creating prefix chain script '/home/zsj/code/unitree_ws/install/setup.zsh'
