[0.011s] Invoking command in '/home/zsj/code/unitree_ws/build/robot_state': CMAKE_PREFIX_PATH=${CMAKE_PREFIX_PATH}:/home/zsj/code/unitree_ws/install/read_bag:/opt/ros/humble /usr/bin/cmake --build /home/zsj/code/unitree_ws/build/robot_state -- -j12 -l12
[0.056s] [  3%] Built target robot_state__cpp
[0.057s] [ 12%] Built target robot_state__rosidl_generator_c
[0.068s] [ 12%] Built target ament_cmake_python_copy_robot_state
[0.078s] [ 41%] Built target robot_state__rosidl_typesupport_introspection_c
[0.078s] [ 41%] Built target robot_state__rosidl_typesupport_fastrtps_c
[0.078s] [ 41%] Built target robot_state__rosidl_typesupport_cpp
[0.078s] [ 51%] Built target robot_state__rosidl_typesupport_introspection_cpp
[0.080s] [ 61%] Built target robot_state__rosidl_typesupport_fastrtps_cpp
[0.083s] [ 70%] Built target robot_state__rosidl_typesupport_c
[0.104s] [ 70%] Built target robot_state
[0.126s] [ 74%] Built target robot_state__py
[0.149s] [ 80%] Built target robot_state__rosidl_generator_py
[0.174s] [100%] Built target robot_state__rosidl_typesupport_c__pyext
[0.174s] [100%] Built target robot_state__rosidl_typesupport_fastrtps_c__pyext
[0.175s] [100%] Built target robot_state__rosidl_typesupport_introspection_c__pyext
[0.310s] running egg_info
[0.311s] writing robot_state.egg-info/PKG-INFO
[0.311s] writing dependency_links to robot_state.egg-info/dependency_links.txt
[0.311s] writing top-level names to robot_state.egg-info/top_level.txt
[0.313s] reading manifest file 'robot_state.egg-info/SOURCES.txt'
[0.314s] writing manifest file 'robot_state.egg-info/SOURCES.txt'
[0.344s] [100%] Built target ament_cmake_python_build_robot_state_egg
[0.361s] Invoked command in '/home/zsj/code/unitree_ws/build/robot_state' returned '0': CMAKE_PREFIX_PATH=${CMAKE_PREFIX_PATH}:/home/zsj/code/unitree_ws/install/read_bag:/opt/ros/humble /usr/bin/cmake --build /home/zsj/code/unitree_ws/build/robot_state -- -j12 -l12
[0.441s] Invoking command in '/home/zsj/code/unitree_ws/build/robot_state': CMAKE_PREFIX_PATH=${CMAKE_PREFIX_PATH}:/home/zsj/code/unitree_ws/install/read_bag:/opt/ros/humble /usr/bin/cmake --install /home/zsj/code/unitree_ws/build/robot_state
[0.449s] -- Install configuration: ""
[0.449s] -- Up-to-date: /home/zsj/code/unitree_ws/install/robot_state/share/ament_index/resource_index/rosidl_interfaces/robot_state
[0.449s] -- Up-to-date: /home/zsj/code/unitree_ws/install/robot_state/include/robot_state/robot_state
[0.449s] -- Up-to-date: /home/zsj/code/unitree_ws/install/robot_state/include/robot_state/robot_state/msg
[0.449s] -- Up-to-date: /home/zsj/code/unitree_ws/install/robot_state/include/robot_state/robot_state/msg/robot_state.h
[0.449s] -- Up-to-date: /home/zsj/code/unitree_ws/install/robot_state/include/robot_state/robot_state/msg/rosidl_generator_c__visibility_control.h
[0.449s] -- Up-to-date: /home/zsj/code/unitree_ws/install/robot_state/include/robot_state/robot_state/msg/detail
[0.450s] -- Up-to-date: /home/zsj/code/unitree_ws/install/robot_state/include/robot_state/robot_state/msg/detail/robot_state__functions.h
[0.450s] -- Up-to-date: /home/zsj/code/unitree_ws/install/robot_state/include/robot_state/robot_state/msg/detail/robot_state__struct.h
[0.450s] -- Up-to-date: /home/zsj/code/unitree_ws/install/robot_state/include/robot_state/robot_state/msg/detail/robot_state__type_support.h
[0.450s] -- Up-to-date: /home/zsj/code/unitree_ws/install/robot_state/include/robot_state/robot_state/msg/detail/robot_state__functions.c
[0.450s] -- Up-to-date: /home/zsj/code/unitree_ws/install/robot_state/share/robot_state/environment/library_path.sh
[0.450s] -- Up-to-date: /home/zsj/code/unitree_ws/install/robot_state/share/robot_state/environment/library_path.dsv
[0.450s] -- Up-to-date: /home/zsj/code/unitree_ws/install/robot_state/lib/librobot_state__rosidl_generator_c.so
[0.450s] -- Up-to-date: /home/zsj/code/unitree_ws/install/robot_state/include/robot_state/robot_state
[0.450s] -- Up-to-date: /home/zsj/code/unitree_ws/install/robot_state/include/robot_state/robot_state/msg
[0.450s] -- Up-to-date: /home/zsj/code/unitree_ws/install/robot_state/include/robot_state/robot_state/msg/rosidl_typesupport_fastrtps_c__visibility_control.h
[0.450s] -- Up-to-date: /home/zsj/code/unitree_ws/install/robot_state/include/robot_state/robot_state/msg/detail
[0.450s] -- Up-to-date: /home/zsj/code/unitree_ws/install/robot_state/include/robot_state/robot_state/msg/detail/robot_state__rosidl_typesupport_fastrtps_c.h
[0.450s] -- Up-to-date: /home/zsj/code/unitree_ws/install/robot_state/lib/librobot_state__rosidl_typesupport_fastrtps_c.so
[0.450s] -- Up-to-date: /home/zsj/code/unitree_ws/install/robot_state/include/robot_state/robot_state
[0.451s] -- Up-to-date: /home/zsj/code/unitree_ws/install/robot_state/include/robot_state/robot_state/msg
[0.451s] -- Up-to-date: /home/zsj/code/unitree_ws/install/robot_state/include/robot_state/robot_state/msg/rosidl_typesupport_introspection_c__visibility_control.h
[0.451s] -- Up-to-date: /home/zsj/code/unitree_ws/install/robot_state/include/robot_state/robot_state/msg/detail
[0.451s] -- Up-to-date: /home/zsj/code/unitree_ws/install/robot_state/include/robot_state/robot_state/msg/detail/robot_state__rosidl_typesupport_introspection_c.h
[0.451s] -- Up-to-date: /home/zsj/code/unitree_ws/install/robot_state/include/robot_state/robot_state/msg/detail/robot_state__type_support.c
[0.451s] -- Up-to-date: /home/zsj/code/unitree_ws/install/robot_state/lib/librobot_state__rosidl_typesupport_introspection_c.so
[0.451s] -- Up-to-date: /home/zsj/code/unitree_ws/install/robot_state/lib/librobot_state__rosidl_typesupport_c.so
[0.451s] -- Up-to-date: /home/zsj/code/unitree_ws/install/robot_state/include/robot_state/robot_state
[0.451s] -- Up-to-date: /home/zsj/code/unitree_ws/install/robot_state/include/robot_state/robot_state/msg
[0.451s] -- Up-to-date: /home/zsj/code/unitree_ws/install/robot_state/include/robot_state/robot_state/msg/robot_state.hpp
[0.451s] -- Up-to-date: /home/zsj/code/unitree_ws/install/robot_state/include/robot_state/robot_state/msg/detail
[0.451s] -- Up-to-date: /home/zsj/code/unitree_ws/install/robot_state/include/robot_state/robot_state/msg/detail/robot_state__struct.hpp
[0.451s] -- Up-to-date: /home/zsj/code/unitree_ws/install/robot_state/include/robot_state/robot_state/msg/detail/robot_state__builder.hpp
[0.451s] -- Up-to-date: /home/zsj/code/unitree_ws/install/robot_state/include/robot_state/robot_state/msg/detail/robot_state__traits.hpp
[0.451s] -- Up-to-date: /home/zsj/code/unitree_ws/install/robot_state/include/robot_state/robot_state
[0.452s] -- Up-to-date: /home/zsj/code/unitree_ws/install/robot_state/include/robot_state/robot_state/msg
[0.452s] -- Up-to-date: /home/zsj/code/unitree_ws/install/robot_state/include/robot_state/robot_state/msg/rosidl_typesupport_fastrtps_cpp__visibility_control.h
[0.452s] -- Up-to-date: /home/zsj/code/unitree_ws/install/robot_state/include/robot_state/robot_state/msg/detail
[0.452s] -- Up-to-date: /home/zsj/code/unitree_ws/install/robot_state/include/robot_state/robot_state/msg/detail/robot_state__rosidl_typesupport_fastrtps_cpp.hpp
[0.452s] -- Up-to-date: /home/zsj/code/unitree_ws/install/robot_state/include/robot_state/robot_state/msg/detail/dds_fastrtps
[0.452s] -- Up-to-date: /home/zsj/code/unitree_ws/install/robot_state/lib/librobot_state__rosidl_typesupport_fastrtps_cpp.so
[0.452s] -- Up-to-date: /home/zsj/code/unitree_ws/install/robot_state/include/robot_state/robot_state
[0.452s] -- Up-to-date: /home/zsj/code/unitree_ws/install/robot_state/include/robot_state/robot_state/msg
[0.452s] -- Up-to-date: /home/zsj/code/unitree_ws/install/robot_state/include/robot_state/robot_state/msg/detail
[0.452s] -- Up-to-date: /home/zsj/code/unitree_ws/install/robot_state/include/robot_state/robot_state/msg/detail/robot_state__type_support.cpp
[0.452s] -- Up-to-date: /home/zsj/code/unitree_ws/install/robot_state/include/robot_state/robot_state/msg/detail/robot_state__rosidl_typesupport_introspection_cpp.hpp
[0.452s] -- Up-to-date: /home/zsj/code/unitree_ws/install/robot_state/lib/librobot_state__rosidl_typesupport_introspection_cpp.so
[0.452s] -- Up-to-date: /home/zsj/code/unitree_ws/install/robot_state/lib/librobot_state__rosidl_typesupport_cpp.so
[0.452s] -- Up-to-date: /home/zsj/code/unitree_ws/install/robot_state/share/robot_state/environment/pythonpath.sh
[0.452s] -- Up-to-date: /home/zsj/code/unitree_ws/install/robot_state/share/robot_state/environment/pythonpath.dsv
[0.452s] -- Up-to-date: /home/zsj/code/unitree_ws/install/robot_state/local/lib/python3.10/dist-packages/robot_state-0.0.0-py3.10.egg-info
[0.453s] -- Installing: /home/zsj/code/unitree_ws/install/robot_state/local/lib/python3.10/dist-packages/robot_state-0.0.0-py3.10.egg-info/PKG-INFO
[0.453s] -- Installing: /home/zsj/code/unitree_ws/install/robot_state/local/lib/python3.10/dist-packages/robot_state-0.0.0-py3.10.egg-info/dependency_links.txt
[0.453s] -- Installing: /home/zsj/code/unitree_ws/install/robot_state/local/lib/python3.10/dist-packages/robot_state-0.0.0-py3.10.egg-info/SOURCES.txt
[0.453s] -- Installing: /home/zsj/code/unitree_ws/install/robot_state/local/lib/python3.10/dist-packages/robot_state-0.0.0-py3.10.egg-info/top_level.txt
[0.453s] -- Up-to-date: /home/zsj/code/unitree_ws/install/robot_state/local/lib/python3.10/dist-packages/robot_state
[0.453s] -- Up-to-date: /home/zsj/code/unitree_ws/install/robot_state/local/lib/python3.10/dist-packages/robot_state/librobot_state__rosidl_generator_py.so
[0.453s] -- Up-to-date: /home/zsj/code/unitree_ws/install/robot_state/local/lib/python3.10/dist-packages/robot_state/robot_state_s__rosidl_typesupport_fastrtps_c.cpython-310-x86_64-linux-gnu.so
[0.453s] -- Up-to-date: /home/zsj/code/unitree_ws/install/robot_state/local/lib/python3.10/dist-packages/robot_state/_robot_state_s.ep.rosidl_typesupport_introspection_c.c
[0.453s] -- Up-to-date: /home/zsj/code/unitree_ws/install/robot_state/local/lib/python3.10/dist-packages/robot_state/robot_state_s__rosidl_typesupport_introspection_c.cpython-310-x86_64-linux-gnu.so
[0.453s] -- Up-to-date: /home/zsj/code/unitree_ws/install/robot_state/local/lib/python3.10/dist-packages/robot_state/robot_state_s__rosidl_typesupport_c.cpython-310-x86_64-linux-gnu.so
[0.453s] -- Up-to-date: /home/zsj/code/unitree_ws/install/robot_state/local/lib/python3.10/dist-packages/robot_state/_robot_state_s.ep.rosidl_typesupport_fastrtps_c.c
[0.453s] -- Up-to-date: /home/zsj/code/unitree_ws/install/robot_state/local/lib/python3.10/dist-packages/robot_state/__init__.py
[0.453s] -- Up-to-date: /home/zsj/code/unitree_ws/install/robot_state/local/lib/python3.10/dist-packages/robot_state/msg
[0.454s] -- Up-to-date: /home/zsj/code/unitree_ws/install/robot_state/local/lib/python3.10/dist-packages/robot_state/msg/_robot_state.py
[0.454s] -- Up-to-date: /home/zsj/code/unitree_ws/install/robot_state/local/lib/python3.10/dist-packages/robot_state/msg/_robot_state_s.c
[0.454s] -- Up-to-date: /home/zsj/code/unitree_ws/install/robot_state/local/lib/python3.10/dist-packages/robot_state/msg/__init__.py
[0.454s] -- Up-to-date: /home/zsj/code/unitree_ws/install/robot_state/local/lib/python3.10/dist-packages/robot_state/_robot_state_s.ep.rosidl_typesupport_c.c
[0.482s] Listing '/home/zsj/code/unitree_ws/install/robot_state/local/lib/python3.10/dist-packages/robot_state'...
[0.482s] Listing '/home/zsj/code/unitree_ws/install/robot_state/local/lib/python3.10/dist-packages/robot_state/msg'...
[0.486s] -- Up-to-date: /home/zsj/code/unitree_ws/install/robot_state/local/lib/python3.10/dist-packages/robot_state/robot_state_s__rosidl_typesupport_fastrtps_c.cpython-310-x86_64-linux-gnu.so
[0.486s] -- Up-to-date: /home/zsj/code/unitree_ws/install/robot_state/local/lib/python3.10/dist-packages/robot_state/robot_state_s__rosidl_typesupport_introspection_c.cpython-310-x86_64-linux-gnu.so
[0.487s] -- Up-to-date: /home/zsj/code/unitree_ws/install/robot_state/local/lib/python3.10/dist-packages/robot_state/robot_state_s__rosidl_typesupport_c.cpython-310-x86_64-linux-gnu.so
[0.487s] -- Up-to-date: /home/zsj/code/unitree_ws/install/robot_state/lib/librobot_state__rosidl_generator_py.so
[0.487s] -- Up-to-date: /home/zsj/code/unitree_ws/install/robot_state/share/robot_state/msg/RobotState.idl
[0.487s] -- Up-to-date: /home/zsj/code/unitree_ws/install/robot_state/share/robot_state/msg/RobotState.msg
[0.488s] -- Up-to-date: /home/zsj/code/unitree_ws/install/robot_state/share/ament_index/resource_index/package_run_dependencies/robot_state
[0.488s] -- Up-to-date: /home/zsj/code/unitree_ws/install/robot_state/share/ament_index/resource_index/parent_prefix_path/robot_state
[0.488s] -- Up-to-date: /home/zsj/code/unitree_ws/install/robot_state/share/robot_state/environment/ament_prefix_path.sh
[0.488s] -- Up-to-date: /home/zsj/code/unitree_ws/install/robot_state/share/robot_state/environment/ament_prefix_path.dsv
[0.488s] -- Up-to-date: /home/zsj/code/unitree_ws/install/robot_state/share/robot_state/environment/path.sh
[0.488s] -- Up-to-date: /home/zsj/code/unitree_ws/install/robot_state/share/robot_state/environment/path.dsv
[0.488s] -- Up-to-date: /home/zsj/code/unitree_ws/install/robot_state/share/robot_state/local_setup.bash
[0.488s] -- Up-to-date: /home/zsj/code/unitree_ws/install/robot_state/share/robot_state/local_setup.sh
[0.488s] -- Up-to-date: /home/zsj/code/unitree_ws/install/robot_state/share/robot_state/local_setup.zsh
[0.488s] -- Up-to-date: /home/zsj/code/unitree_ws/install/robot_state/share/robot_state/local_setup.dsv
[0.488s] -- Installing: /home/zsj/code/unitree_ws/install/robot_state/share/robot_state/package.dsv
[0.488s] -- Up-to-date: /home/zsj/code/unitree_ws/install/robot_state/share/ament_index/resource_index/packages/robot_state
[0.488s] -- Up-to-date: /home/zsj/code/unitree_ws/install/robot_state/share/robot_state/cmake/export_robot_state__rosidl_generator_cExport.cmake
[0.488s] -- Up-to-date: /home/zsj/code/unitree_ws/install/robot_state/share/robot_state/cmake/export_robot_state__rosidl_generator_cExport-noconfig.cmake
[0.489s] -- Up-to-date: /home/zsj/code/unitree_ws/install/robot_state/share/robot_state/cmake/export_robot_state__rosidl_typesupport_fastrtps_cExport.cmake
[0.489s] -- Up-to-date: /home/zsj/code/unitree_ws/install/robot_state/share/robot_state/cmake/export_robot_state__rosidl_typesupport_fastrtps_cExport-noconfig.cmake
[0.489s] -- Up-to-date: /home/zsj/code/unitree_ws/install/robot_state/share/robot_state/cmake/robot_state__rosidl_typesupport_introspection_cExport.cmake
[0.489s] -- Up-to-date: /home/zsj/code/unitree_ws/install/robot_state/share/robot_state/cmake/robot_state__rosidl_typesupport_introspection_cExport-noconfig.cmake
[0.489s] -- Up-to-date: /home/zsj/code/unitree_ws/install/robot_state/share/robot_state/cmake/robot_state__rosidl_typesupport_cExport.cmake
[0.489s] -- Up-to-date: /home/zsj/code/unitree_ws/install/robot_state/share/robot_state/cmake/robot_state__rosidl_typesupport_cExport-noconfig.cmake
[0.489s] -- Up-to-date: /home/zsj/code/unitree_ws/install/robot_state/share/robot_state/cmake/export_robot_state__rosidl_generator_cppExport.cmake
[0.489s] -- Up-to-date: /home/zsj/code/unitree_ws/install/robot_state/share/robot_state/cmake/export_robot_state__rosidl_typesupport_fastrtps_cppExport.cmake
[0.489s] -- Up-to-date: /home/zsj/code/unitree_ws/install/robot_state/share/robot_state/cmake/export_robot_state__rosidl_typesupport_fastrtps_cppExport-noconfig.cmake
[0.489s] -- Up-to-date: /home/zsj/code/unitree_ws/install/robot_state/share/robot_state/cmake/robot_state__rosidl_typesupport_introspection_cppExport.cmake
[0.489s] -- Up-to-date: /home/zsj/code/unitree_ws/install/robot_state/share/robot_state/cmake/robot_state__rosidl_typesupport_introspection_cppExport-noconfig.cmake
[0.489s] -- Up-to-date: /home/zsj/code/unitree_ws/install/robot_state/share/robot_state/cmake/robot_state__rosidl_typesupport_cppExport.cmake
[0.489s] -- Up-to-date: /home/zsj/code/unitree_ws/install/robot_state/share/robot_state/cmake/robot_state__rosidl_typesupport_cppExport-noconfig.cmake
[0.489s] -- Up-to-date: /home/zsj/code/unitree_ws/install/robot_state/share/robot_state/cmake/export_robot_state__rosidl_generator_pyExport.cmake
[0.490s] -- Up-to-date: /home/zsj/code/unitree_ws/install/robot_state/share/robot_state/cmake/export_robot_state__rosidl_generator_pyExport-noconfig.cmake
[0.490s] -- Up-to-date: /home/zsj/code/unitree_ws/install/robot_state/share/robot_state/cmake/rosidl_cmake-extras.cmake
[0.490s] -- Up-to-date: /home/zsj/code/unitree_ws/install/robot_state/share/robot_state/cmake/ament_cmake_export_include_directories-extras.cmake
[0.490s] -- Up-to-date: /home/zsj/code/unitree_ws/install/robot_state/share/robot_state/cmake/ament_cmake_export_libraries-extras.cmake
[0.490s] -- Up-to-date: /home/zsj/code/unitree_ws/install/robot_state/share/robot_state/cmake/ament_cmake_export_targets-extras.cmake
[0.490s] -- Up-to-date: /home/zsj/code/unitree_ws/install/robot_state/share/robot_state/cmake/rosidl_cmake_export_typesupport_targets-extras.cmake
[0.490s] -- Up-to-date: /home/zsj/code/unitree_ws/install/robot_state/share/robot_state/cmake/ament_cmake_export_dependencies-extras.cmake
[0.490s] -- Up-to-date: /home/zsj/code/unitree_ws/install/robot_state/share/robot_state/cmake/rosidl_cmake_export_typesupport_libraries-extras.cmake
[0.490s] -- Up-to-date: /home/zsj/code/unitree_ws/install/robot_state/share/robot_state/cmake/robot_stateConfig.cmake
[0.490s] -- Up-to-date: /home/zsj/code/unitree_ws/install/robot_state/share/robot_state/cmake/robot_stateConfig-version.cmake
[0.490s] -- Up-to-date: /home/zsj/code/unitree_ws/install/robot_state/share/robot_state/package.xml
[0.491s] Invoked command in '/home/zsj/code/unitree_ws/build/robot_state' returned '0': CMAKE_PREFIX_PATH=${CMAKE_PREFIX_PATH}:/home/zsj/code/unitree_ws/install/read_bag:/opt/ros/humble /usr/bin/cmake --install /home/zsj/code/unitree_ws/build/robot_state
