[0.011s] Invoking command in '/home/zsj/code/unitree_ws/build/create_dataset': CMAKE_PREFIX_PATH=${CMAKE_PREFIX_PATH}:/home/zsj/code/unitree_ws/install/read_bag:/opt/ros/humble /usr/bin/cmake --build /home/zsj/code/unitree_ws/build/create_dataset -- -j12 -l12
[0.058s] [35m[1mConsolidate compiler generated dependencies of target read_data[0m
[0.058s] [35m[1mConsolidate compiler generated dependencies of target record_data[0m
[0.058s] [35m[1mConsolidate compiler generated dependencies of target control_speed[0m
[0.080s] [ 42%] Built target record_data
[0.080s] [ 42%] [32mBuilding CXX object CMakeFiles/read_data.dir/src/read_data.cpp.o[0m
[0.080s] [ 85%] Built target control_speed
[4.928s] [100%] [32m[1mLinking CXX executable read_data[0m
[5.121s] [100%] Built target read_data
[5.132s] Invoked command in '/home/zsj/code/unitree_ws/build/create_dataset' returned '0': CMAKE_PREFIX_PATH=${CMAKE_PREFIX_PATH}:/home/zsj/code/unitree_ws/install/read_bag:/opt/ros/humble /usr/bin/cmake --build /home/zsj/code/unitree_ws/build/create_dataset -- -j12 -l12
[5.167s] Invoking command in '/home/zsj/code/unitree_ws/build/create_dataset': CMAKE_PREFIX_PATH=${CMAKE_PREFIX_PATH}:/home/zsj/code/unitree_ws/install/read_bag:/opt/ros/humble /usr/bin/cmake --install /home/zsj/code/unitree_ws/build/create_dataset
[5.173s] -- Install configuration: ""
[5.174s] -- Installing: /home/zsj/code/unitree_ws/install/create_dataset/lib/create_dataset/record_data
[5.177s] -- Set runtime path of "/home/zsj/code/unitree_ws/install/create_dataset/lib/create_dataset/record_data" to ""
[5.177s] -- Installing: /home/zsj/code/unitree_ws/install/create_dataset/lib/create_dataset/control_speed
[5.181s] -- Set runtime path of "/home/zsj/code/unitree_ws/install/create_dataset/lib/create_dataset/control_speed" to ""
[5.181s] -- Installing: /home/zsj/code/unitree_ws/install/create_dataset/lib/create_dataset/read_data
[5.182s] -- Set runtime path of "/home/zsj/code/unitree_ws/install/create_dataset/lib/create_dataset/read_data" to ""
[5.182s] -- Installing: /home/zsj/code/unitree_ws/install/create_dataset/share/ament_index/resource_index/package_run_dependencies/create_dataset
[5.182s] -- Installing: /home/zsj/code/unitree_ws/install/create_dataset/share/ament_index/resource_index/parent_prefix_path/create_dataset
[5.183s] -- Installing: /home/zsj/code/unitree_ws/install/create_dataset/share/create_dataset/environment/ament_prefix_path.sh
[5.183s] -- Installing: /home/zsj/code/unitree_ws/install/create_dataset/share/create_dataset/environment/ament_prefix_path.dsv
[5.183s] -- Installing: /home/zsj/code/unitree_ws/install/create_dataset/share/create_dataset/environment/path.sh
[5.183s] -- Installing: /home/zsj/code/unitree_ws/install/create_dataset/share/create_dataset/environment/path.dsv
[5.183s] -- Installing: /home/zsj/code/unitree_ws/install/create_dataset/share/create_dataset/local_setup.bash
[5.183s] -- Installing: /home/zsj/code/unitree_ws/install/create_dataset/share/create_dataset/local_setup.sh
[5.183s] -- Installing: /home/zsj/code/unitree_ws/install/create_dataset/share/create_dataset/local_setup.zsh
[5.184s] -- Installing: /home/zsj/code/unitree_ws/install/create_dataset/share/create_dataset/local_setup.dsv
[5.184s] -- Installing: /home/zsj/code/unitree_ws/install/create_dataset/share/create_dataset/package.dsv
[5.184s] -- Installing: /home/zsj/code/unitree_ws/install/create_dataset/share/ament_index/resource_index/packages/create_dataset
[5.184s] -- Installing: /home/zsj/code/unitree_ws/install/create_dataset/share/create_dataset/cmake/create_datasetConfig.cmake
[5.184s] -- Installing: /home/zsj/code/unitree_ws/install/create_dataset/share/create_dataset/cmake/create_datasetConfig-version.cmake
[5.184s] -- Installing: /home/zsj/code/unitree_ws/install/create_dataset/share/create_dataset/package.xml
[5.186s] Invoked command in '/home/zsj/code/unitree_ws/build/create_dataset' returned '0': CMAKE_PREFIX_PATH=${CMAKE_PREFIX_PATH}:/home/zsj/code/unitree_ws/install/read_bag:/opt/ros/humble /usr/bin/cmake --install /home/zsj/code/unitree_ws/build/create_dataset
