[0.005s] Invoking command in '/home/zsj/code/unitree_ws/build/create_dataset': AMENT_PREFIX_PATH=/home/zsj/code/unitree_ws/install/robot_state CMAKE_PREFIX_PATH=/home/zsj/code/unitree_ws/install/robot_state LD_LIBRARY_PATH=/home/zsj/code/unitree_ws/install/robot_state/lib PYTHONPATH=/home/zsj/code/unitree_ws/install/robot_state/local/lib/python3.10/dist-packages /usr/bin/cmake --build /home/zsj/code/unitree_ws/build/create_dataset -- -j12 -l12
[0.043s] [35m[1mConsolidate compiler generated dependencies of target read_data[0m
[0.056s] [ 14%] [32mBuilding CXX object CMakeFiles/record_data.dir/src/record_data.cpp.o[0m
[0.058s] [ 28%] [32mBuilding CXX object CMakeFiles/control_speed.dir/src/control_speed.cpp.o[0m
[0.063s] [ 57%] Built target read_data
[8.196s] [ 71%] [32m[1mLinking CXX executable record_data[0m
[8.627s] [ 71%] Built target record_data
[8.797s] [ 85%] [32m[1mLinking CXX executable control_speed[0m
[9.220s] [100%] Built target control_speed
[9.231s] Invoked command in '/home/zsj/code/unitree_ws/build/create_dataset' returned '0': AMENT_PREFIX_PATH=/home/zsj/code/unitree_ws/install/robot_state CMAKE_PREFIX_PATH=/home/zsj/code/unitree_ws/install/robot_state LD_LIBRARY_PATH=/home/zsj/code/unitree_ws/install/robot_state/lib PYTHONPATH=/home/zsj/code/unitree_ws/install/robot_state/local/lib/python3.10/dist-packages /usr/bin/cmake --build /home/zsj/code/unitree_ws/build/create_dataset -- -j12 -l12
[9.258s] Invoking command in '/home/zsj/code/unitree_ws/build/create_dataset': AMENT_PREFIX_PATH=/home/zsj/code/unitree_ws/install/robot_state CMAKE_PREFIX_PATH=/home/zsj/code/unitree_ws/install/robot_state LD_LIBRARY_PATH=/home/zsj/code/unitree_ws/install/robot_state/lib PYTHONPATH=/home/zsj/code/unitree_ws/install/robot_state/local/lib/python3.10/dist-packages /usr/bin/cmake --install /home/zsj/code/unitree_ws/build/create_dataset
[9.264s] -- Install configuration: ""
[9.265s] -- Installing: /home/zsj/code/unitree_ws/install/create_dataset/lib/create_dataset/record_data
[9.269s] -- Set runtime path of "/home/zsj/code/unitree_ws/install/create_dataset/lib/create_dataset/record_data" to ""
[9.269s] -- Installing: /home/zsj/code/unitree_ws/install/create_dataset/lib/create_dataset/control_speed
[9.273s] -- Set runtime path of "/home/zsj/code/unitree_ws/install/create_dataset/lib/create_dataset/control_speed" to ""
[9.273s] -- Up-to-date: /home/zsj/code/unitree_ws/install/create_dataset/lib/create_dataset/read_data
[9.274s] -- Up-to-date: /home/zsj/code/unitree_ws/install/create_dataset/share/ament_index/resource_index/package_run_dependencies/create_dataset
[9.274s] -- Up-to-date: /home/zsj/code/unitree_ws/install/create_dataset/share/ament_index/resource_index/parent_prefix_path/create_dataset
[9.274s] -- Up-to-date: /home/zsj/code/unitree_ws/install/create_dataset/share/create_dataset/environment/ament_prefix_path.sh
[9.274s] -- Up-to-date: /home/zsj/code/unitree_ws/install/create_dataset/share/create_dataset/environment/ament_prefix_path.dsv
[9.274s] -- Up-to-date: /home/zsj/code/unitree_ws/install/create_dataset/share/create_dataset/environment/path.sh
[9.274s] -- Up-to-date: /home/zsj/code/unitree_ws/install/create_dataset/share/create_dataset/environment/path.dsv
[9.274s] -- Up-to-date: /home/zsj/code/unitree_ws/install/create_dataset/share/create_dataset/local_setup.bash
[9.274s] -- Up-to-date: /home/zsj/code/unitree_ws/install/create_dataset/share/create_dataset/local_setup.sh
[9.274s] -- Up-to-date: /home/zsj/code/unitree_ws/install/create_dataset/share/create_dataset/local_setup.zsh
[9.274s] -- Up-to-date: /home/zsj/code/unitree_ws/install/create_dataset/share/create_dataset/local_setup.dsv
[9.274s] -- Installing: /home/zsj/code/unitree_ws/install/create_dataset/share/create_dataset/package.dsv
[9.275s] -- Up-to-date: /home/zsj/code/unitree_ws/install/create_dataset/share/ament_index/resource_index/packages/create_dataset
[9.275s] -- Up-to-date: /home/zsj/code/unitree_ws/install/create_dataset/share/create_dataset/cmake/create_datasetConfig.cmake
[9.275s] -- Up-to-date: /home/zsj/code/unitree_ws/install/create_dataset/share/create_dataset/cmake/create_datasetConfig-version.cmake
[9.275s] -- Up-to-date: /home/zsj/code/unitree_ws/install/create_dataset/share/create_dataset/package.xml
[9.276s] Invoked command in '/home/zsj/code/unitree_ws/build/create_dataset' returned '0': AMENT_PREFIX_PATH=/home/zsj/code/unitree_ws/install/robot_state CMAKE_PREFIX_PATH=/home/zsj/code/unitree_ws/install/robot_state LD_LIBRARY_PATH=/home/zsj/code/unitree_ws/install/robot_state/lib PYTHONPATH=/home/zsj/code/unitree_ws/install/robot_state/local/lib/python3.10/dist-packages /usr/bin/cmake --install /home/zsj/code/unitree_ws/build/create_dataset
