[0.090s] DEBUG:colcon:Command line arguments: ['/usr/bin/colcon', 'build']
[0.090s] DEBUG:colcon:Parsed command line arguments: Namespace(log_base=None, log_level=None, verb_name='build', build_base='build', install_base='install', merge_install=False, symlink_install=False, test_result_base=None, continue_on_error=False, executor='parallel', parallel_workers=12, event_handlers=None, ignore_user_meta=False, metas=['./colcon.meta'], base_paths=['.'], packages_ignore=None, packages_ignore_regex=None, paths=None, packages_up_to=None, packages_up_to_regex=None, packages_above=None, packages_above_and_dependencies=None, packages_above_depth=None, packages_select_by_dep=None, packages_skip_by_dep=None, packages_skip_up_to=None, packages_select_build_failed=False, packages_skip_build_finished=False, packages_select_test_failures=False, packages_skip_test_passed=False, packages_select=None, packages_skip=None, packages_select_regex=None, packages_skip_regex=None, packages_start=None, packages_end=None, allow_overriding=[], cmake_args=None, cmake_target=None, cmake_target_skip_unavailable=False, cmake_clean_cache=False, cmake_clean_first=False, cmake_force_configure=False, ament_cmake_args=None, catkin_cmake_args=None, catkin_skip_building_tests=False, verb_parser=<colcon_defaults.argument_parser.defaults.DefaultArgumentsDecorator object at 0x77810dff35e0>, verb_extension=<colcon_core.verb.build.BuildVerb object at 0x77810dff3010>, main=<bound method BuildVerb.main of <colcon_core.verb.build.BuildVerb object at 0x77810dff3010>>)
[0.244s] Level 1:colcon.colcon_core.package_discovery:discover_packages(colcon_meta) check parameters
[0.244s] Level 1:colcon.colcon_core.package_discovery:discover_packages(recursive) check parameters
[0.244s] Level 1:colcon.colcon_core.package_discovery:discover_packages(ignore) check parameters
[0.244s] Level 1:colcon.colcon_core.package_discovery:discover_packages(path) check parameters
[0.244s] Level 1:colcon.colcon_core.package_discovery:discover_packages(colcon_meta) discover
[0.245s] Level 1:colcon.colcon_core.package_discovery:discover_packages(recursive) discover
[0.245s] INFO:colcon.colcon_core.package_discovery:Crawling recursively for packages in '/home/zsj/code/unitree_ws'
[0.245s] Level 1:colcon.colcon_core.package_identification:_identify(.) by extensions ['ignore', 'ignore_ament_install']
[0.245s] Level 1:colcon.colcon_core.package_identification:_identify(.) by extension 'ignore'
[0.245s] Level 1:colcon.colcon_core.package_identification:_identify(.) by extension 'ignore_ament_install'
[0.245s] Level 1:colcon.colcon_core.package_identification:_identify(.) by extensions ['colcon_pkg']
[0.245s] Level 1:colcon.colcon_core.package_identification:_identify(.) by extension 'colcon_pkg'
[0.245s] Level 1:colcon.colcon_core.package_identification:_identify(.) by extensions ['colcon_meta']
[0.245s] Level 1:colcon.colcon_core.package_identification:_identify(.) by extension 'colcon_meta'
[0.245s] Level 1:colcon.colcon_core.package_identification:_identify(.) by extensions ['ros']
[0.245s] Level 1:colcon.colcon_core.package_identification:_identify(.) by extension 'ros'
[0.256s] Level 1:colcon.colcon_core.package_identification:_identify(.) by extensions ['cmake', 'python']
[0.256s] Level 1:colcon.colcon_core.package_identification:_identify(.) by extension 'cmake'
[0.256s] Level 1:colcon.colcon_core.package_identification:_identify(.) by extension 'python'
[0.256s] Level 1:colcon.colcon_core.package_identification:_identify(.) by extensions ['python_setup_py']
[0.256s] Level 1:colcon.colcon_core.package_identification:_identify(.) by extension 'python_setup_py'
[0.256s] Level 1:colcon.colcon_core.package_identification:_identify(build) by extensions ['ignore', 'ignore_ament_install']
[0.256s] Level 1:colcon.colcon_core.package_identification:_identify(build) by extension 'ignore'
[0.256s] Level 1:colcon.colcon_core.package_identification:_identify(build) ignored
[0.256s] Level 1:colcon.colcon_core.package_identification:_identify(dataset) by extensions ['ignore', 'ignore_ament_install']
[0.256s] Level 1:colcon.colcon_core.package_identification:_identify(dataset) by extension 'ignore'
[0.256s] Level 1:colcon.colcon_core.package_identification:_identify(dataset) by extension 'ignore_ament_install'
[0.256s] Level 1:colcon.colcon_core.package_identification:_identify(dataset) by extensions ['colcon_pkg']
[0.256s] Level 1:colcon.colcon_core.package_identification:_identify(dataset) by extension 'colcon_pkg'
[0.256s] Level 1:colcon.colcon_core.package_identification:_identify(dataset) by extensions ['colcon_meta']
[0.256s] Level 1:colcon.colcon_core.package_identification:_identify(dataset) by extension 'colcon_meta'
[0.257s] Level 1:colcon.colcon_core.package_identification:_identify(dataset) by extensions ['ros']
[0.257s] Level 1:colcon.colcon_core.package_identification:_identify(dataset) by extension 'ros'
[0.257s] Level 1:colcon.colcon_core.package_identification:_identify(dataset) by extensions ['cmake', 'python']
[0.257s] Level 1:colcon.colcon_core.package_identification:_identify(dataset) by extension 'cmake'
[0.257s] Level 1:colcon.colcon_core.package_identification:_identify(dataset) by extension 'python'
[0.257s] Level 1:colcon.colcon_core.package_identification:_identify(dataset) by extensions ['python_setup_py']
[0.257s] Level 1:colcon.colcon_core.package_identification:_identify(dataset) by extension 'python_setup_py'
[0.257s] Level 1:colcon.colcon_core.package_identification:_identify(install) by extensions ['ignore', 'ignore_ament_install']
[0.257s] Level 1:colcon.colcon_core.package_identification:_identify(install) by extension 'ignore'
[0.257s] Level 1:colcon.colcon_core.package_identification:_identify(install) ignored
[0.257s] Level 1:colcon.colcon_core.package_identification:_identify(log) by extensions ['ignore', 'ignore_ament_install']
[0.257s] Level 1:colcon.colcon_core.package_identification:_identify(log) by extension 'ignore'
[0.257s] Level 1:colcon.colcon_core.package_identification:_identify(log) ignored
[0.257s] Level 1:colcon.colcon_core.package_identification:_identify(src) by extensions ['ignore', 'ignore_ament_install']
[0.257s] Level 1:colcon.colcon_core.package_identification:_identify(src) by extension 'ignore'
[0.257s] Level 1:colcon.colcon_core.package_identification:_identify(src) by extension 'ignore_ament_install'
[0.258s] Level 1:colcon.colcon_core.package_identification:_identify(src) by extensions ['colcon_pkg']
[0.258s] Level 1:colcon.colcon_core.package_identification:_identify(src) by extension 'colcon_pkg'
[0.258s] Level 1:colcon.colcon_core.package_identification:_identify(src) by extensions ['colcon_meta']
[0.258s] Level 1:colcon.colcon_core.package_identification:_identify(src) by extension 'colcon_meta'
[0.258s] Level 1:colcon.colcon_core.package_identification:_identify(src) by extensions ['ros']
[0.258s] Level 1:colcon.colcon_core.package_identification:_identify(src) by extension 'ros'
[0.258s] Level 1:colcon.colcon_core.package_identification:_identify(src) by extensions ['cmake', 'python']
[0.258s] Level 1:colcon.colcon_core.package_identification:_identify(src) by extension 'cmake'
[0.258s] Level 1:colcon.colcon_core.package_identification:_identify(src) by extension 'python'
[0.258s] Level 1:colcon.colcon_core.package_identification:_identify(src) by extensions ['python_setup_py']
[0.258s] Level 1:colcon.colcon_core.package_identification:_identify(src) by extension 'python_setup_py'
[0.258s] Level 1:colcon.colcon_core.package_identification:_identify(src/create_dataset) by extensions ['ignore', 'ignore_ament_install']
[0.258s] Level 1:colcon.colcon_core.package_identification:_identify(src/create_dataset) by extension 'ignore'
[0.258s] Level 1:colcon.colcon_core.package_identification:_identify(src/create_dataset) by extension 'ignore_ament_install'
[0.258s] Level 1:colcon.colcon_core.package_identification:_identify(src/create_dataset) by extensions ['colcon_pkg']
[0.258s] Level 1:colcon.colcon_core.package_identification:_identify(src/create_dataset) by extension 'colcon_pkg'
[0.258s] Level 1:colcon.colcon_core.package_identification:_identify(src/create_dataset) by extensions ['colcon_meta']
[0.258s] Level 1:colcon.colcon_core.package_identification:_identify(src/create_dataset) by extension 'colcon_meta'
[0.258s] Level 1:colcon.colcon_core.package_identification:_identify(src/create_dataset) by extensions ['ros']
[0.258s] Level 1:colcon.colcon_core.package_identification:_identify(src/create_dataset) by extension 'ros'
[0.261s] DEBUG:colcon.colcon_core.package_identification:Package 'src/create_dataset' with type 'ros.ament_cmake' and name 'create_dataset'
[0.261s] Level 1:colcon.colcon_core.package_identification:_identify(src/robot_state) by extensions ['ignore', 'ignore_ament_install']
[0.261s] Level 1:colcon.colcon_core.package_identification:_identify(src/robot_state) by extension 'ignore'
[0.261s] Level 1:colcon.colcon_core.package_identification:_identify(src/robot_state) by extension 'ignore_ament_install'
[0.261s] Level 1:colcon.colcon_core.package_identification:_identify(src/robot_state) by extensions ['colcon_pkg']
[0.261s] Level 1:colcon.colcon_core.package_identification:_identify(src/robot_state) by extension 'colcon_pkg'
[0.261s] Level 1:colcon.colcon_core.package_identification:_identify(src/robot_state) by extensions ['colcon_meta']
[0.261s] Level 1:colcon.colcon_core.package_identification:_identify(src/robot_state) by extension 'colcon_meta'
[0.261s] Level 1:colcon.colcon_core.package_identification:_identify(src/robot_state) by extensions ['ros']
[0.261s] Level 1:colcon.colcon_core.package_identification:_identify(src/robot_state) by extension 'ros'
[0.262s] DEBUG:colcon.colcon_core.package_identification:Package 'src/robot_state' with type 'ros.ament_cmake' and name 'robot_state'
[0.262s] Level 1:colcon.colcon_core.package_discovery:discover_packages(recursive) using defaults
[0.262s] Level 1:colcon.colcon_core.package_discovery:discover_packages(ignore) discover
[0.262s] Level 1:colcon.colcon_core.package_discovery:discover_packages(ignore) using defaults
[0.262s] Level 1:colcon.colcon_core.package_discovery:discover_packages(path) discover
[0.262s] Level 1:colcon.colcon_core.package_discovery:discover_packages(path) using defaults
[0.281s] Level 1:colcon.colcon_core.package_discovery:discover_packages(prefix_path) check parameters
[0.281s] Level 1:colcon.colcon_core.package_discovery:discover_packages(prefix_path) discover
[0.282s] WARNING:colcon.colcon_ros.prefix_path.ament:The path '/home/zsj/code/unitree_ws/install/read_bag' in the environment variable AMENT_PREFIX_PATH doesn't exist
[0.283s] DEBUG:colcon.colcon_installed_package_information.package_discovery:Found 2 installed packages in /home/zsj/code/unitree_ws/install
[0.283s] DEBUG:colcon.colcon_installed_package_information.package_discovery:Found 4 installed packages in /home/zsj/code/unitree_ros2/cyclonedds_ws/install
[0.285s] DEBUG:colcon.colcon_installed_package_information.package_discovery:Found 272 installed packages in /opt/ros/humble
[0.287s] Level 1:colcon.colcon_core.package_discovery:discover_packages(prefix_path) using defaults
[0.332s] Level 5:colcon.colcon_core.verb:set package 'robot_state' build argument 'cmake_args' from command line to 'None'
[0.332s] Level 5:colcon.colcon_core.verb:set package 'robot_state' build argument 'cmake_target' from command line to 'None'
[0.332s] Level 5:colcon.colcon_core.verb:set package 'robot_state' build argument 'cmake_target_skip_unavailable' from command line to 'False'
[0.332s] Level 5:colcon.colcon_core.verb:set package 'robot_state' build argument 'cmake_clean_cache' from command line to 'False'
[0.332s] Level 5:colcon.colcon_core.verb:set package 'robot_state' build argument 'cmake_clean_first' from command line to 'False'
[0.332s] Level 5:colcon.colcon_core.verb:set package 'robot_state' build argument 'cmake_force_configure' from command line to 'False'
[0.332s] Level 5:colcon.colcon_core.verb:set package 'robot_state' build argument 'ament_cmake_args' from command line to 'None'
[0.332s] Level 5:colcon.colcon_core.verb:set package 'robot_state' build argument 'catkin_cmake_args' from command line to 'None'
[0.332s] Level 5:colcon.colcon_core.verb:set package 'robot_state' build argument 'catkin_skip_building_tests' from command line to 'False'
[0.333s] DEBUG:colcon.colcon_core.verb:Building package 'robot_state' with the following arguments: {'ament_cmake_args': None, 'build_base': '/home/zsj/code/unitree_ws/build/robot_state', 'catkin_cmake_args': None, 'catkin_skip_building_tests': False, 'cmake_args': None, 'cmake_clean_cache': False, 'cmake_clean_first': False, 'cmake_force_configure': False, 'cmake_target': None, 'cmake_target_skip_unavailable': False, 'install_base': '/home/zsj/code/unitree_ws/install/robot_state', 'merge_install': False, 'path': '/home/zsj/code/unitree_ws/src/robot_state', 'symlink_install': False, 'test_result_base': None}
[0.333s] Level 5:colcon.colcon_core.verb:set package 'create_dataset' build argument 'cmake_args' from command line to 'None'
[0.333s] Level 5:colcon.colcon_core.verb:set package 'create_dataset' build argument 'cmake_target' from command line to 'None'
[0.333s] Level 5:colcon.colcon_core.verb:set package 'create_dataset' build argument 'cmake_target_skip_unavailable' from command line to 'False'
[0.333s] Level 5:colcon.colcon_core.verb:set package 'create_dataset' build argument 'cmake_clean_cache' from command line to 'False'
[0.333s] Level 5:colcon.colcon_core.verb:set package 'create_dataset' build argument 'cmake_clean_first' from command line to 'False'
[0.333s] Level 5:colcon.colcon_core.verb:set package 'create_dataset' build argument 'cmake_force_configure' from command line to 'False'
[0.333s] Level 5:colcon.colcon_core.verb:set package 'create_dataset' build argument 'ament_cmake_args' from command line to 'None'
[0.333s] Level 5:colcon.colcon_core.verb:set package 'create_dataset' build argument 'catkin_cmake_args' from command line to 'None'
[0.333s] Level 5:colcon.colcon_core.verb:set package 'create_dataset' build argument 'catkin_skip_building_tests' from command line to 'False'
[0.333s] DEBUG:colcon.colcon_core.verb:Building package 'create_dataset' with the following arguments: {'ament_cmake_args': None, 'build_base': '/home/zsj/code/unitree_ws/build/create_dataset', 'catkin_cmake_args': None, 'catkin_skip_building_tests': False, 'cmake_args': None, 'cmake_clean_cache': False, 'cmake_clean_first': False, 'cmake_force_configure': False, 'cmake_target': None, 'cmake_target_skip_unavailable': False, 'install_base': '/home/zsj/code/unitree_ws/install/create_dataset', 'merge_install': False, 'path': '/home/zsj/code/unitree_ws/src/create_dataset', 'symlink_install': False, 'test_result_base': None}
[0.333s] INFO:colcon.colcon_core.executor:Executing jobs using 'parallel' executor
[0.334s] DEBUG:colcon.colcon_parallel_executor.executor.parallel:run_until_complete
[0.334s] INFO:colcon.colcon_ros.task.ament_cmake.build:Building ROS package in '/home/zsj/code/unitree_ws/src/robot_state' with build type 'ament_cmake'
[0.335s] INFO:colcon.colcon_cmake.task.cmake.build:Building CMake package in '/home/zsj/code/unitree_ws/src/robot_state'
[0.337s] INFO:colcon.colcon_core.plugin_system:Skipping extension 'colcon_core.shell.bat': Not used on non-Windows systems
[0.337s] INFO:colcon.colcon_core.shell:Skip shell extension 'powershell' for command environment: Not usable outside of PowerShell
[0.337s] DEBUG:colcon.colcon_core.shell:Skip shell extension 'dsv' for command environment
[0.346s] DEBUG:colcon.colcon_core.event_handler.log_command:Invoking command in '/home/zsj/code/unitree_ws/build/robot_state': CMAKE_PREFIX_PATH=${CMAKE_PREFIX_PATH}:/home/zsj/code/unitree_ws/install/read_bag:/opt/ros/humble /usr/bin/cmake --build /home/zsj/code/unitree_ws/build/robot_state -- -j12 -l12
[0.686s] DEBUG:colcon.colcon_core.event_handler.log_command:Invoked command in '/home/zsj/code/unitree_ws/build/robot_state' returned '0': CMAKE_PREFIX_PATH=${CMAKE_PREFIX_PATH}:/home/zsj/code/unitree_ws/install/read_bag:/opt/ros/humble /usr/bin/cmake --build /home/zsj/code/unitree_ws/build/robot_state -- -j12 -l12
[0.758s] DEBUG:colcon.colcon_core.event_handler.log_command:Invoking command in '/home/zsj/code/unitree_ws/build/robot_state': CMAKE_PREFIX_PATH=${CMAKE_PREFIX_PATH}:/home/zsj/code/unitree_ws/install/read_bag:/opt/ros/humble /usr/bin/cmake --install /home/zsj/code/unitree_ws/build/robot_state
[0.811s] Level 1:colcon.colcon_core.environment:create_environment_scripts_only(robot_state)
[0.812s] DEBUG:colcon.colcon_core.event_handler.log_command:Invoked command in '/home/zsj/code/unitree_ws/build/robot_state' returned '0': CMAKE_PREFIX_PATH=${CMAKE_PREFIX_PATH}:/home/zsj/code/unitree_ws/install/read_bag:/opt/ros/humble /usr/bin/cmake --install /home/zsj/code/unitree_ws/build/robot_state
[0.813s] Level 1:colcon.colcon_core.environment:checking '/home/zsj/code/unitree_ws/install/robot_state' for CMake module files
[0.814s] Level 1:colcon.colcon_core.environment:checking '/home/zsj/code/unitree_ws/install/robot_state' for CMake config files
[0.814s] Level 1:colcon.colcon_core.shell:create_environment_hook('robot_state', 'cmake_prefix_path')
[0.814s] INFO:colcon.colcon_core.shell:Creating environment hook '/home/zsj/code/unitree_ws/install/robot_state/share/robot_state/hook/cmake_prefix_path.ps1'
[0.815s] INFO:colcon.colcon_core.shell:Creating environment descriptor '/home/zsj/code/unitree_ws/install/robot_state/share/robot_state/hook/cmake_prefix_path.dsv'
[0.815s] INFO:colcon.colcon_core.shell:Creating environment hook '/home/zsj/code/unitree_ws/install/robot_state/share/robot_state/hook/cmake_prefix_path.sh'
[0.816s] Level 1:colcon.colcon_core.environment:checking '/home/zsj/code/unitree_ws/install/robot_state/lib'
[0.816s] Level 1:colcon.colcon_core.shell:create_environment_hook('robot_state', 'ld_library_path_lib')
[0.816s] INFO:colcon.colcon_core.shell:Creating environment hook '/home/zsj/code/unitree_ws/install/robot_state/share/robot_state/hook/ld_library_path_lib.ps1'
[0.816s] INFO:colcon.colcon_core.shell:Creating environment descriptor '/home/zsj/code/unitree_ws/install/robot_state/share/robot_state/hook/ld_library_path_lib.dsv'
[0.817s] INFO:colcon.colcon_core.shell:Creating environment hook '/home/zsj/code/unitree_ws/install/robot_state/share/robot_state/hook/ld_library_path_lib.sh'
[0.817s] Level 1:colcon.colcon_core.environment:checking '/home/zsj/code/unitree_ws/install/robot_state/bin'
[0.817s] Level 1:colcon.colcon_core.environment:checking '/home/zsj/code/unitree_ws/install/robot_state/lib/pkgconfig/robot_state.pc'
[0.817s] Level 1:colcon.colcon_core.environment:checking '/home/zsj/code/unitree_ws/install/robot_state/lib/python3.10/site-packages'
[0.817s] Level 1:colcon.colcon_core.environment:checking '/home/zsj/code/unitree_ws/install/robot_state/bin'
[0.818s] INFO:colcon.colcon_core.shell:Creating package script '/home/zsj/code/unitree_ws/install/robot_state/share/robot_state/package.ps1'
[0.818s] INFO:colcon.colcon_core.shell:Creating package descriptor '/home/zsj/code/unitree_ws/install/robot_state/share/robot_state/package.dsv'
[0.819s] INFO:colcon.colcon_core.shell:Creating package script '/home/zsj/code/unitree_ws/install/robot_state/share/robot_state/package.sh'
[0.819s] INFO:colcon.colcon_core.shell:Creating package script '/home/zsj/code/unitree_ws/install/robot_state/share/robot_state/package.bash'
[0.820s] INFO:colcon.colcon_core.shell:Creating package script '/home/zsj/code/unitree_ws/install/robot_state/share/robot_state/package.zsh'
[0.820s] Level 1:colcon.colcon_core.environment:create_file_with_runtime_dependencies(/home/zsj/code/unitree_ws/install/robot_state/share/colcon-core/packages/robot_state)
[0.886s] Level 1:colcon.colcon_core.environment:create_environment_scripts_only(robot_state)
[0.886s] Level 1:colcon.colcon_core.environment:checking '/home/zsj/code/unitree_ws/install/robot_state' for CMake module files
[0.887s] Level 1:colcon.colcon_core.environment:checking '/home/zsj/code/unitree_ws/install/robot_state' for CMake config files
[0.887s] Level 1:colcon.colcon_core.shell:create_environment_hook('robot_state', 'cmake_prefix_path')
[0.887s] INFO:colcon.colcon_core.shell:Creating environment hook '/home/zsj/code/unitree_ws/install/robot_state/share/robot_state/hook/cmake_prefix_path.ps1'
[0.888s] INFO:colcon.colcon_core.shell:Creating environment descriptor '/home/zsj/code/unitree_ws/install/robot_state/share/robot_state/hook/cmake_prefix_path.dsv'
[0.888s] INFO:colcon.colcon_core.shell:Creating environment hook '/home/zsj/code/unitree_ws/install/robot_state/share/robot_state/hook/cmake_prefix_path.sh'
[0.888s] Level 1:colcon.colcon_core.environment:checking '/home/zsj/code/unitree_ws/install/robot_state/lib'
[0.888s] Level 1:colcon.colcon_core.shell:create_environment_hook('robot_state', 'ld_library_path_lib')
[0.889s] INFO:colcon.colcon_core.shell:Creating environment hook '/home/zsj/code/unitree_ws/install/robot_state/share/robot_state/hook/ld_library_path_lib.ps1'
[0.889s] INFO:colcon.colcon_core.shell:Creating environment descriptor '/home/zsj/code/unitree_ws/install/robot_state/share/robot_state/hook/ld_library_path_lib.dsv'
[0.889s] INFO:colcon.colcon_core.shell:Creating environment hook '/home/zsj/code/unitree_ws/install/robot_state/share/robot_state/hook/ld_library_path_lib.sh'
[0.889s] Level 1:colcon.colcon_core.environment:checking '/home/zsj/code/unitree_ws/install/robot_state/bin'
[0.890s] Level 1:colcon.colcon_core.environment:checking '/home/zsj/code/unitree_ws/install/robot_state/lib/pkgconfig/robot_state.pc'
[0.890s] Level 1:colcon.colcon_core.environment:checking '/home/zsj/code/unitree_ws/install/robot_state/lib/python3.10/site-packages'
[0.890s] Level 1:colcon.colcon_core.environment:checking '/home/zsj/code/unitree_ws/install/robot_state/bin'
[0.890s] INFO:colcon.colcon_core.shell:Creating package script '/home/zsj/code/unitree_ws/install/robot_state/share/robot_state/package.ps1'
[0.891s] INFO:colcon.colcon_core.shell:Creating package descriptor '/home/zsj/code/unitree_ws/install/robot_state/share/robot_state/package.dsv'
[0.891s] INFO:colcon.colcon_core.shell:Creating package script '/home/zsj/code/unitree_ws/install/robot_state/share/robot_state/package.sh'
[0.891s] INFO:colcon.colcon_core.shell:Creating package script '/home/zsj/code/unitree_ws/install/robot_state/share/robot_state/package.bash'
[0.892s] INFO:colcon.colcon_core.shell:Creating package script '/home/zsj/code/unitree_ws/install/robot_state/share/robot_state/package.zsh'
[0.892s] Level 1:colcon.colcon_core.environment:create_file_with_runtime_dependencies(/home/zsj/code/unitree_ws/install/robot_state/share/colcon-core/packages/robot_state)
[0.892s] INFO:colcon.colcon_ros.task.ament_cmake.build:Building ROS package in '/home/zsj/code/unitree_ws/src/create_dataset' with build type 'ament_cmake'
[0.892s] INFO:colcon.colcon_cmake.task.cmake.build:Building CMake package in '/home/zsj/code/unitree_ws/src/create_dataset'
[0.892s] INFO:colcon.colcon_core.shell:Skip shell extension 'powershell' for command environment: Not usable outside of PowerShell
[0.893s] DEBUG:colcon.colcon_core.shell:Skip shell extension 'dsv' for command environment
[0.902s] DEBUG:colcon.colcon_core.event_handler.log_command:Invoking command in '/home/zsj/code/unitree_ws/build/create_dataset': CMAKE_PREFIX_PATH=${CMAKE_PREFIX_PATH}:/home/zsj/code/unitree_ws/install/read_bag:/opt/ros/humble /usr/bin/cmake --build /home/zsj/code/unitree_ws/build/create_dataset -- -j12 -l12
[4.110s] DEBUG:colcon.colcon_core.event_handler.log_command:Invoked command in '/home/zsj/code/unitree_ws/build/create_dataset' returned '2': CMAKE_PREFIX_PATH=${CMAKE_PREFIX_PATH}:/home/zsj/code/unitree_ws/install/read_bag:/opt/ros/humble /usr/bin/cmake --build /home/zsj/code/unitree_ws/build/create_dataset -- -j12 -l12
[4.144s] Level 1:colcon.colcon_core.environment:create_environment_scripts_only(create_dataset)
[4.145s] Level 1:colcon.colcon_core.environment:checking '/home/zsj/code/unitree_ws/install/create_dataset' for CMake module files
[4.145s] Level 1:colcon.colcon_core.environment:checking '/home/zsj/code/unitree_ws/install/create_dataset' for CMake config files
[4.145s] Level 1:colcon.colcon_core.shell:create_environment_hook('create_dataset', 'cmake_prefix_path')
[4.146s] INFO:colcon.colcon_core.shell:Creating environment hook '/home/zsj/code/unitree_ws/install/create_dataset/share/create_dataset/hook/cmake_prefix_path.ps1'
[4.146s] INFO:colcon.colcon_core.shell:Creating environment descriptor '/home/zsj/code/unitree_ws/install/create_dataset/share/create_dataset/hook/cmake_prefix_path.dsv'
[4.146s] INFO:colcon.colcon_core.shell:Creating environment hook '/home/zsj/code/unitree_ws/install/create_dataset/share/create_dataset/hook/cmake_prefix_path.sh'
[4.147s] Level 1:colcon.colcon_core.environment:checking '/home/zsj/code/unitree_ws/install/create_dataset/lib'
[4.147s] Level 1:colcon.colcon_core.environment:checking '/home/zsj/code/unitree_ws/install/create_dataset/bin'
[4.147s] Level 1:colcon.colcon_core.environment:checking '/home/zsj/code/unitree_ws/install/create_dataset/lib/pkgconfig/create_dataset.pc'
[4.148s] Level 1:colcon.colcon_core.environment:checking '/home/zsj/code/unitree_ws/install/create_dataset/lib/python3.10/site-packages'
[4.148s] Level 1:colcon.colcon_core.environment:checking '/home/zsj/code/unitree_ws/install/create_dataset/bin'
[4.149s] INFO:colcon.colcon_core.shell:Creating package script '/home/zsj/code/unitree_ws/install/create_dataset/share/create_dataset/package.ps1'
[4.149s] INFO:colcon.colcon_core.shell:Creating package descriptor '/home/zsj/code/unitree_ws/install/create_dataset/share/create_dataset/package.dsv'
[4.150s] INFO:colcon.colcon_core.shell:Creating package script '/home/zsj/code/unitree_ws/install/create_dataset/share/create_dataset/package.sh'
[4.150s] INFO:colcon.colcon_core.shell:Creating package script '/home/zsj/code/unitree_ws/install/create_dataset/share/create_dataset/package.bash'
[4.151s] INFO:colcon.colcon_core.shell:Creating package script '/home/zsj/code/unitree_ws/install/create_dataset/share/create_dataset/package.zsh'
[4.151s] Level 1:colcon.colcon_core.environment:create_file_with_runtime_dependencies(/home/zsj/code/unitree_ws/install/create_dataset/share/colcon-core/packages/create_dataset)
[4.162s] DEBUG:colcon.colcon_parallel_executor.executor.parallel:closing loop
[4.162s] DEBUG:colcon.colcon_parallel_executor.executor.parallel:loop closed
[4.162s] DEBUG:colcon.colcon_parallel_executor.executor.parallel:run_until_complete finished with '2'
[4.162s] DEBUG:colcon.colcon_core.event_reactor:joining thread
[4.167s] INFO:colcon.colcon_core.plugin_system:Skipping extension 'colcon_notification.desktop_notification.terminal_notifier': Not used on non-Darwin systems
[4.167s] INFO:colcon.colcon_core.plugin_system:Skipping extension 'colcon_notification.desktop_notification.win32': Not used on non-Windows systems
[4.167s] INFO:colcon.colcon_notification.desktop_notification:Sending desktop notification using 'notify2'
[4.190s] DEBUG:colcon.colcon_core.event_reactor:joined thread
[4.190s] INFO:colcon.colcon_core.shell:Creating prefix script '/home/zsj/code/unitree_ws/install/local_setup.ps1'
[4.191s] INFO:colcon.colcon_core.shell:Creating prefix util module '/home/zsj/code/unitree_ws/install/_local_setup_util_ps1.py'
[4.193s] INFO:colcon.colcon_core.shell:Creating prefix chain script '/home/zsj/code/unitree_ws/install/setup.ps1'
[4.194s] INFO:colcon.colcon_core.shell:Creating prefix script '/home/zsj/code/unitree_ws/install/local_setup.sh'
[4.194s] INFO:colcon.colcon_core.shell:Creating prefix util module '/home/zsj/code/unitree_ws/install/_local_setup_util_sh.py'
[4.195s] INFO:colcon.colcon_core.shell:Creating prefix chain script '/home/zsj/code/unitree_ws/install/setup.sh'
[4.196s] INFO:colcon.colcon_core.shell:Creating prefix script '/home/zsj/code/unitree_ws/install/local_setup.bash'
[4.196s] INFO:colcon.colcon_core.shell:Creating prefix chain script '/home/zsj/code/unitree_ws/install/setup.bash'
[4.197s] INFO:colcon.colcon_core.shell:Creating prefix script '/home/zsj/code/unitree_ws/install/local_setup.zsh'
[4.198s] INFO:colcon.colcon_core.shell:Creating prefix chain script '/home/zsj/code/unitree_ws/install/setup.zsh'
