[0.008s] Invoking command in '/home/zsj/code/unitree_ws/build/robot_state': CMAKE_PREFIX_PATH=${CMAKE_PREFIX_PATH}:/home/zsj/code/unitree_ws/install/read_bag:/opt/ros/humble /usr/bin/cmake /home/zsj/code/unitree_ws/src/robot_state -DCMAKE_INSTALL_PREFIX=/home/zsj/code/unitree_ws/install/robot_state
[0.061s] -- The C compiler identification is GNU 11.4.0
[0.110s] -- The CXX compiler identification is GNU 11.4.0
[0.117s] -- Detecting C compiler ABI info
[0.180s] -- Detecting C compiler ABI info - done
[0.186s] -- Check for working C compiler: /usr/bin/cc - skipped
[0.187s] -- Detecting C compile features
[0.187s] -- Detecting C compile features - done
[0.190s] -- Detecting CXX compiler ABI info
[0.266s] -- Detecting CXX compiler ABI info - done
[0.274s] -- Check for working CXX compiler: /usr/bin/c++ - skipped
[0.274s] -- Detecting CXX compile features
[0.275s] -- Detecting CXX compile features - done
[0.277s] -- Found ament_cmake: 1.3.8 (/opt/ros/humble/share/ament_cmake/cmake)
[0.411s] -- Found Python3: /usr/bin/python3 (found version "3.10.12") found components: Interpreter 
[0.502s] -- Found rosidl_default_generators: 1.2.0 (/opt/ros/humble/share/rosidl_default_generators/cmake)
[0.505s] -- Using all available rosidl_typesupport_c: rosidl_typesupport_fastrtps_c;rosidl_typesupport_introspection_c
[0.512s] -- Found rosidl_adapter: 3.1.5 (/opt/ros/humble/share/rosidl_adapter/cmake)
[0.550s] -- Using all available rosidl_typesupport_cpp: rosidl_typesupport_fastrtps_cpp;rosidl_typesupport_introspection_cpp
[0.808s] -- Found ament_cmake_ros: 0.10.0 (/opt/ros/humble/share/ament_cmake_ros/cmake)
[0.979s] -- Using all available rosidl_typesupport_c: rosidl_typesupport_fastrtps_c;rosidl_typesupport_introspection_c
[1.198s] -- Using all available rosidl_typesupport_cpp: rosidl_typesupport_fastrtps_cpp;rosidl_typesupport_introspection_cpp
[1.218s] -- Found PythonInterp: /usr/bin/python3 (found suitable version "3.10.12", minimum required is "3.6") 
[1.219s] -- Found python_cmake_module: 0.10.0 (/opt/ros/humble/share/python_cmake_module/cmake)
[1.242s] -- Found PythonLibs: /usr/lib/x86_64-linux-gnu/libpython3.10.so (found suitable version "3.10.12", minimum required is "3.5") 
[1.242s] -- Using PYTHON_EXECUTABLE: /usr/bin/python3
[1.242s] -- Using PYTHON_INCLUDE_DIRS: /usr/include/python3.10
[1.242s] -- Using PYTHON_LIBRARIES: /usr/lib/x86_64-linux-gnu/libpython3.10.so
[1.261s] -- Found PythonExtra: .so  
[1.293s] -- Found ament_lint_auto: 0.12.10 (/opt/ros/humble/share/ament_lint_auto/cmake)
[1.311s] -- Added test 'lint_cmake' to check CMake code style
[1.312s] -- Added test 'xmllint' to check XML markup files
[1.315s] -- Configuring done
[1.342s] -- Generating done
[1.345s] -- Build files have been written to: /home/zsj/code/unitree_ws/build/robot_state
[1.350s] Invoked command in '/home/zsj/code/unitree_ws/build/robot_state' returned '0': CMAKE_PREFIX_PATH=${CMAKE_PREFIX_PATH}:/home/zsj/code/unitree_ws/install/read_bag:/opt/ros/humble /usr/bin/cmake /home/zsj/code/unitree_ws/src/robot_state -DCMAKE_INSTALL_PREFIX=/home/zsj/code/unitree_ws/install/robot_state
[1.352s] Invoking command in '/home/zsj/code/unitree_ws/build/robot_state': CMAKE_PREFIX_PATH=${CMAKE_PREFIX_PATH}:/home/zsj/code/unitree_ws/install/read_bag:/opt/ros/humble /usr/bin/cmake --build /home/zsj/code/unitree_ws/build/robot_state -- -j12 -l12
[1.393s] [  3%] [34m[1mGenerating C code for ROS interfaces[0m
[1.403s] [  6%] [34m[1mGenerating C++ code for ROS interfaces[0m
[1.412s] [  6%] Built target ament_cmake_python_copy_robot_state
[1.694s] [  9%] [32mBuilding C object CMakeFiles/robot_state__rosidl_generator_c.dir/rosidl_generator_c/robot_state/msg/detail/robot_state__functions.c.o[0m
[1.697s] running egg_info
[1.698s] creating robot_state.egg-info
[1.698s] writing robot_state.egg-info/PKG-INFO
[1.699s] writing dependency_links to robot_state.egg-info/dependency_links.txt
[1.699s] writing top-level names to robot_state.egg-info/top_level.txt
[1.699s] writing manifest file 'robot_state.egg-info/SOURCES.txt'
[1.701s] reading manifest file 'robot_state.egg-info/SOURCES.txt'
[1.701s] writing manifest file 'robot_state.egg-info/SOURCES.txt'
[1.715s] [  9%] Built target robot_state__cpp
[1.726s] [ 19%] [34m[1mGenerating C++ type support for eProsima Fast-RTPS[0m
[1.726s] [ 19%] [34m[1mGenerating C++ type support dispatch for ROS interfaces[0m
[1.727s] [ 19%] [34m[1mGenerating C++ introspection for ROS interfaces[0m
[1.729s] [ 19%] Built target ament_cmake_python_build_robot_state_egg
[1.748s] [ 22%] [32m[1mLinking C shared library librobot_state__rosidl_generator_c.so[0m
[1.791s] [ 22%] Built target robot_state__rosidl_generator_c
[1.803s] [ 29%] [34m[1mGenerating C introspection for ROS interfaces[0m
[1.803s] [ 29%] [34m[1mGenerating C type support for eProsima Fast-RTPS[0m
[1.809s] [ 32%] [34m[1mGenerating C type support dispatch for ROS interfaces[0m
[2.012s] [ 35%] [32mBuilding CXX object CMakeFiles/robot_state__rosidl_typesupport_cpp.dir/rosidl_typesupport_cpp/robot_state/msg/robot_state__type_support.cpp.o[0m
[2.056s] [ 38%] [32mBuilding CXX object CMakeFiles/robot_state__rosidl_typesupport_fastrtps_cpp.dir/rosidl_typesupport_fastrtps_cpp/robot_state/msg/detail/dds_fastrtps/robot_state__type_support.cpp.o[0m
[2.145s] [ 41%] [32mBuilding CXX object CMakeFiles/robot_state__rosidl_typesupport_fastrtps_c.dir/rosidl_typesupport_fastrtps_c/robot_state/msg/detail/robot_state__type_support_c.cpp.o[0m
[2.153s] [ 45%] [32mBuilding C object CMakeFiles/robot_state__rosidl_typesupport_introspection_c.dir/rosidl_typesupport_introspection_c/robot_state/msg/detail/robot_state__type_support.c.o[0m
[2.209s] [ 48%] [32mBuilding CXX object CMakeFiles/robot_state__rosidl_typesupport_introspection_cpp.dir/rosidl_typesupport_introspection_cpp/robot_state/msg/detail/robot_state__type_support.cpp.o[0m
[2.210s] [ 51%] [32m[1mLinking C shared library librobot_state__rosidl_typesupport_introspection_c.so[0m
[2.253s] [ 51%] Built target robot_state__rosidl_typesupport_introspection_c
[2.288s] [ 54%] [32mBuilding CXX object CMakeFiles/robot_state__rosidl_typesupport_c.dir/rosidl_typesupport_c/robot_state/msg/robot_state__type_support.cpp.o[0m
[2.325s] [ 58%] [32m[1mLinking CXX shared library librobot_state__rosidl_typesupport_c.so[0m
[2.355s] [ 61%] [32m[1mLinking CXX shared library librobot_state__rosidl_typesupport_cpp.so[0m
[2.380s] [ 61%] Built target robot_state__rosidl_typesupport_c
[2.411s] [ 61%] Built target robot_state__rosidl_typesupport_cpp
[2.541s] [ 64%] [32m[1mLinking CXX shared library librobot_state__rosidl_typesupport_fastrtps_c.so[0m
[2.551s] [ 67%] [32m[1mLinking CXX shared library librobot_state__rosidl_typesupport_fastrtps_cpp.so[0m
[2.636s] [ 67%] Built target robot_state__rosidl_typesupport_fastrtps_c
[2.645s] [ 67%] Built target robot_state__rosidl_typesupport_fastrtps_cpp
[2.680s] [ 70%] [32m[1mLinking CXX shared library librobot_state__rosidl_typesupport_introspection_cpp.so[0m
[2.757s] [ 70%] Built target robot_state__rosidl_typesupport_introspection_cpp
[2.781s] [ 70%] Built target robot_state
[2.803s] [ 74%] [34m[1mGenerating Python code for ROS interfaces[0m
[3.129s] [ 74%] Built target robot_state__py
[3.148s] [ 77%] [32mBuilding C object CMakeFiles/robot_state__rosidl_generator_py.dir/rosidl_generator_py/robot_state/msg/_robot_state_s.c.o[0m
[3.249s] [ 80%] [32m[1mLinking C shared library rosidl_generator_py/robot_state/librobot_state__rosidl_generator_py.so[0m
[3.285s] [ 80%] Built target robot_state__rosidl_generator_py
[3.305s] [ 90%] [32mBuilding C object CMakeFiles/robot_state__rosidl_typesupport_introspection_c__pyext.dir/rosidl_generator_py/robot_state/_robot_state_s.ep.rosidl_typesupport_introspection_c.c.o[0m
[3.305s] [ 90%] [32mBuilding C object CMakeFiles/robot_state__rosidl_typesupport_c__pyext.dir/rosidl_generator_py/robot_state/_robot_state_s.ep.rosidl_typesupport_c.c.o[0m
[3.305s] [ 90%] [32mBuilding C object CMakeFiles/robot_state__rosidl_typesupport_fastrtps_c__pyext.dir/rosidl_generator_py/robot_state/_robot_state_s.ep.rosidl_typesupport_fastrtps_c.c.o[0m
[3.396s] [ 93%] [32m[1mLinking C shared library rosidl_generator_py/robot_state/robot_state_s__rosidl_typesupport_c.cpython-310-x86_64-linux-gnu.so[0m
[3.397s] [ 96%] [32m[1mLinking C shared library rosidl_generator_py/robot_state/robot_state_s__rosidl_typesupport_introspection_c.cpython-310-x86_64-linux-gnu.so[0m
[3.400s] [100%] [32m[1mLinking C shared library rosidl_generator_py/robot_state/robot_state_s__rosidl_typesupport_fastrtps_c.cpython-310-x86_64-linux-gnu.so[0m
[3.429s] [100%] Built target robot_state__rosidl_typesupport_c__pyext
[3.429s] [100%] Built target robot_state__rosidl_typesupport_introspection_c__pyext
[3.435s] [100%] Built target robot_state__rosidl_typesupport_fastrtps_c__pyext
[3.447s] Invoked command in '/home/zsj/code/unitree_ws/build/robot_state' returned '0': CMAKE_PREFIX_PATH=${CMAKE_PREFIX_PATH}:/home/zsj/code/unitree_ws/install/read_bag:/opt/ros/humble /usr/bin/cmake --build /home/zsj/code/unitree_ws/build/robot_state -- -j12 -l12
[3.532s] Invoking command in '/home/zsj/code/unitree_ws/build/robot_state': CMAKE_PREFIX_PATH=${CMAKE_PREFIX_PATH}:/home/zsj/code/unitree_ws/install/read_bag:/opt/ros/humble /usr/bin/cmake --install /home/zsj/code/unitree_ws/build/robot_state
[3.541s] -- Install configuration: ""
[3.541s] -- Installing: /home/zsj/code/unitree_ws/install/robot_state/share/ament_index/resource_index/rosidl_interfaces/robot_state
[3.541s] -- Installing: /home/zsj/code/unitree_ws/install/robot_state/include/robot_state/robot_state
[3.541s] -- Installing: /home/zsj/code/unitree_ws/install/robot_state/include/robot_state/robot_state/msg
[3.542s] -- Installing: /home/zsj/code/unitree_ws/install/robot_state/include/robot_state/robot_state/msg/robot_state.h
[3.542s] -- Installing: /home/zsj/code/unitree_ws/install/robot_state/include/robot_state/robot_state/msg/rosidl_generator_c__visibility_control.h
[3.542s] -- Installing: /home/zsj/code/unitree_ws/install/robot_state/include/robot_state/robot_state/msg/detail
[3.542s] -- Installing: /home/zsj/code/unitree_ws/install/robot_state/include/robot_state/robot_state/msg/detail/robot_state__functions.h
[3.542s] -- Installing: /home/zsj/code/unitree_ws/install/robot_state/include/robot_state/robot_state/msg/detail/robot_state__struct.h
[3.542s] -- Installing: /home/zsj/code/unitree_ws/install/robot_state/include/robot_state/robot_state/msg/detail/robot_state__type_support.h
[3.542s] -- Installing: /home/zsj/code/unitree_ws/install/robot_state/include/robot_state/robot_state/msg/detail/robot_state__functions.c
[3.542s] -- Installing: /home/zsj/code/unitree_ws/install/robot_state/share/robot_state/environment/library_path.sh
[3.542s] -- Installing: /home/zsj/code/unitree_ws/install/robot_state/share/robot_state/environment/library_path.dsv
[3.542s] -- Installing: /home/zsj/code/unitree_ws/install/robot_state/lib/librobot_state__rosidl_generator_c.so
[3.543s] -- Set runtime path of "/home/zsj/code/unitree_ws/install/robot_state/lib/librobot_state__rosidl_generator_c.so" to ""
[3.543s] -- Up-to-date: /home/zsj/code/unitree_ws/install/robot_state/include/robot_state/robot_state
[3.543s] -- Up-to-date: /home/zsj/code/unitree_ws/install/robot_state/include/robot_state/robot_state/msg
[3.543s] -- Installing: /home/zsj/code/unitree_ws/install/robot_state/include/robot_state/robot_state/msg/rosidl_typesupport_fastrtps_c__visibility_control.h
[3.543s] -- Up-to-date: /home/zsj/code/unitree_ws/install/robot_state/include/robot_state/robot_state/msg/detail
[3.543s] -- Installing: /home/zsj/code/unitree_ws/install/robot_state/include/robot_state/robot_state/msg/detail/robot_state__rosidl_typesupport_fastrtps_c.h
[3.543s] -- Installing: /home/zsj/code/unitree_ws/install/robot_state/lib/librobot_state__rosidl_typesupport_fastrtps_c.so
[3.544s] -- Set runtime path of "/home/zsj/code/unitree_ws/install/robot_state/lib/librobot_state__rosidl_typesupport_fastrtps_c.so" to ""
[3.544s] -- Up-to-date: /home/zsj/code/unitree_ws/install/robot_state/include/robot_state/robot_state
[3.544s] -- Up-to-date: /home/zsj/code/unitree_ws/install/robot_state/include/robot_state/robot_state/msg
[3.544s] -- Installing: /home/zsj/code/unitree_ws/install/robot_state/include/robot_state/robot_state/msg/rosidl_typesupport_introspection_c__visibility_control.h
[3.544s] -- Up-to-date: /home/zsj/code/unitree_ws/install/robot_state/include/robot_state/robot_state/msg/detail
[3.544s] -- Installing: /home/zsj/code/unitree_ws/install/robot_state/include/robot_state/robot_state/msg/detail/robot_state__rosidl_typesupport_introspection_c.h
[3.544s] -- Installing: /home/zsj/code/unitree_ws/install/robot_state/include/robot_state/robot_state/msg/detail/robot_state__type_support.c
[3.544s] -- Installing: /home/zsj/code/unitree_ws/install/robot_state/lib/librobot_state__rosidl_typesupport_introspection_c.so
[3.545s] -- Set runtime path of "/home/zsj/code/unitree_ws/install/robot_state/lib/librobot_state__rosidl_typesupport_introspection_c.so" to ""
[3.545s] -- Installing: /home/zsj/code/unitree_ws/install/robot_state/lib/librobot_state__rosidl_typesupport_c.so
[3.545s] -- Set runtime path of "/home/zsj/code/unitree_ws/install/robot_state/lib/librobot_state__rosidl_typesupport_c.so" to ""
[3.545s] -- Up-to-date: /home/zsj/code/unitree_ws/install/robot_state/include/robot_state/robot_state
[3.546s] -- Up-to-date: /home/zsj/code/unitree_ws/install/robot_state/include/robot_state/robot_state/msg
[3.546s] -- Installing: /home/zsj/code/unitree_ws/install/robot_state/include/robot_state/robot_state/msg/robot_state.hpp
[3.546s] -- Up-to-date: /home/zsj/code/unitree_ws/install/robot_state/include/robot_state/robot_state/msg/detail
[3.546s] -- Installing: /home/zsj/code/unitree_ws/install/robot_state/include/robot_state/robot_state/msg/detail/robot_state__struct.hpp
[3.546s] -- Installing: /home/zsj/code/unitree_ws/install/robot_state/include/robot_state/robot_state/msg/detail/robot_state__builder.hpp
[3.546s] -- Installing: /home/zsj/code/unitree_ws/install/robot_state/include/robot_state/robot_state/msg/detail/robot_state__traits.hpp
[3.546s] -- Up-to-date: /home/zsj/code/unitree_ws/install/robot_state/include/robot_state/robot_state
[3.546s] -- Up-to-date: /home/zsj/code/unitree_ws/install/robot_state/include/robot_state/robot_state/msg
[3.546s] -- Installing: /home/zsj/code/unitree_ws/install/robot_state/include/robot_state/robot_state/msg/rosidl_typesupport_fastrtps_cpp__visibility_control.h
[3.546s] -- Up-to-date: /home/zsj/code/unitree_ws/install/robot_state/include/robot_state/robot_state/msg/detail
[3.546s] -- Installing: /home/zsj/code/unitree_ws/install/robot_state/include/robot_state/robot_state/msg/detail/robot_state__rosidl_typesupport_fastrtps_cpp.hpp
[3.546s] -- Installing: /home/zsj/code/unitree_ws/install/robot_state/include/robot_state/robot_state/msg/detail/dds_fastrtps
[3.547s] -- Installing: /home/zsj/code/unitree_ws/install/robot_state/lib/librobot_state__rosidl_typesupport_fastrtps_cpp.so
[3.547s] -- Set runtime path of "/home/zsj/code/unitree_ws/install/robot_state/lib/librobot_state__rosidl_typesupport_fastrtps_cpp.so" to ""
[3.547s] -- Up-to-date: /home/zsj/code/unitree_ws/install/robot_state/include/robot_state/robot_state
[3.547s] -- Up-to-date: /home/zsj/code/unitree_ws/install/robot_state/include/robot_state/robot_state/msg
[3.547s] -- Up-to-date: /home/zsj/code/unitree_ws/install/robot_state/include/robot_state/robot_state/msg/detail
[3.547s] -- Installing: /home/zsj/code/unitree_ws/install/robot_state/include/robot_state/robot_state/msg/detail/robot_state__type_support.cpp
[3.547s] -- Installing: /home/zsj/code/unitree_ws/install/robot_state/include/robot_state/robot_state/msg/detail/robot_state__rosidl_typesupport_introspection_cpp.hpp
[3.547s] -- Installing: /home/zsj/code/unitree_ws/install/robot_state/lib/librobot_state__rosidl_typesupport_introspection_cpp.so
[3.548s] -- Set runtime path of "/home/zsj/code/unitree_ws/install/robot_state/lib/librobot_state__rosidl_typesupport_introspection_cpp.so" to ""
[3.548s] -- Installing: /home/zsj/code/unitree_ws/install/robot_state/lib/librobot_state__rosidl_typesupport_cpp.so
[3.548s] -- Set runtime path of "/home/zsj/code/unitree_ws/install/robot_state/lib/librobot_state__rosidl_typesupport_cpp.so" to ""
[3.548s] -- Installing: /home/zsj/code/unitree_ws/install/robot_state/share/robot_state/environment/pythonpath.sh
[3.549s] -- Installing: /home/zsj/code/unitree_ws/install/robot_state/share/robot_state/environment/pythonpath.dsv
[3.549s] -- Installing: /home/zsj/code/unitree_ws/install/robot_state/local/lib/python3.10/dist-packages/robot_state-0.0.0-py3.10.egg-info
[3.549s] -- Installing: /home/zsj/code/unitree_ws/install/robot_state/local/lib/python3.10/dist-packages/robot_state-0.0.0-py3.10.egg-info/PKG-INFO
[3.549s] -- Installing: /home/zsj/code/unitree_ws/install/robot_state/local/lib/python3.10/dist-packages/robot_state-0.0.0-py3.10.egg-info/dependency_links.txt
[3.549s] -- Installing: /home/zsj/code/unitree_ws/install/robot_state/local/lib/python3.10/dist-packages/robot_state-0.0.0-py3.10.egg-info/SOURCES.txt
[3.550s] -- Installing: /home/zsj/code/unitree_ws/install/robot_state/local/lib/python3.10/dist-packages/robot_state-0.0.0-py3.10.egg-info/top_level.txt
[3.550s] -- Installing: /home/zsj/code/unitree_ws/install/robot_state/local/lib/python3.10/dist-packages/robot_state
[3.550s] -- Installing: /home/zsj/code/unitree_ws/install/robot_state/local/lib/python3.10/dist-packages/robot_state/librobot_state__rosidl_generator_py.so
[3.550s] -- Installing: /home/zsj/code/unitree_ws/install/robot_state/local/lib/python3.10/dist-packages/robot_state/robot_state_s__rosidl_typesupport_fastrtps_c.cpython-310-x86_64-linux-gnu.so
[3.550s] -- Installing: /home/zsj/code/unitree_ws/install/robot_state/local/lib/python3.10/dist-packages/robot_state/_robot_state_s.ep.rosidl_typesupport_introspection_c.c
[3.550s] -- Installing: /home/zsj/code/unitree_ws/install/robot_state/local/lib/python3.10/dist-packages/robot_state/robot_state_s__rosidl_typesupport_introspection_c.cpython-310-x86_64-linux-gnu.so
[3.550s] -- Installing: /home/zsj/code/unitree_ws/install/robot_state/local/lib/python3.10/dist-packages/robot_state/robot_state_s__rosidl_typesupport_c.cpython-310-x86_64-linux-gnu.so
[3.550s] -- Installing: /home/zsj/code/unitree_ws/install/robot_state/local/lib/python3.10/dist-packages/robot_state/_robot_state_s.ep.rosidl_typesupport_fastrtps_c.c
[3.551s] -- Installing: /home/zsj/code/unitree_ws/install/robot_state/local/lib/python3.10/dist-packages/robot_state/__init__.py
[3.551s] -- Installing: /home/zsj/code/unitree_ws/install/robot_state/local/lib/python3.10/dist-packages/robot_state/msg
[3.551s] -- Installing: /home/zsj/code/unitree_ws/install/robot_state/local/lib/python3.10/dist-packages/robot_state/msg/_robot_state.py
[3.551s] -- Installing: /home/zsj/code/unitree_ws/install/robot_state/local/lib/python3.10/dist-packages/robot_state/msg/_robot_state_s.c
[3.551s] -- Installing: /home/zsj/code/unitree_ws/install/robot_state/local/lib/python3.10/dist-packages/robot_state/msg/__init__.py
[3.551s] -- Installing: /home/zsj/code/unitree_ws/install/robot_state/local/lib/python3.10/dist-packages/robot_state/_robot_state_s.ep.rosidl_typesupport_c.c
[3.589s] Listing '/home/zsj/code/unitree_ws/install/robot_state/local/lib/python3.10/dist-packages/robot_state'...
[3.589s] Compiling '/home/zsj/code/unitree_ws/install/robot_state/local/lib/python3.10/dist-packages/robot_state/__init__.py'...
[3.589s] Listing '/home/zsj/code/unitree_ws/install/robot_state/local/lib/python3.10/dist-packages/robot_state/msg'...
[3.589s] Compiling '/home/zsj/code/unitree_ws/install/robot_state/local/lib/python3.10/dist-packages/robot_state/msg/__init__.py'...
[3.590s] Compiling '/home/zsj/code/unitree_ws/install/robot_state/local/lib/python3.10/dist-packages/robot_state/msg/_robot_state.py'...
[3.594s] -- Installing: /home/zsj/code/unitree_ws/install/robot_state/local/lib/python3.10/dist-packages/robot_state/robot_state_s__rosidl_typesupport_fastrtps_c.cpython-310-x86_64-linux-gnu.so
[3.594s] -- Set runtime path of "/home/zsj/code/unitree_ws/install/robot_state/local/lib/python3.10/dist-packages/robot_state/robot_state_s__rosidl_typesupport_fastrtps_c.cpython-310-x86_64-linux-gnu.so" to ""
[3.595s] -- Installing: /home/zsj/code/unitree_ws/install/robot_state/local/lib/python3.10/dist-packages/robot_state/robot_state_s__rosidl_typesupport_introspection_c.cpython-310-x86_64-linux-gnu.so
[3.595s] -- Set runtime path of "/home/zsj/code/unitree_ws/install/robot_state/local/lib/python3.10/dist-packages/robot_state/robot_state_s__rosidl_typesupport_introspection_c.cpython-310-x86_64-linux-gnu.so" to ""
[3.595s] -- Installing: /home/zsj/code/unitree_ws/install/robot_state/local/lib/python3.10/dist-packages/robot_state/robot_state_s__rosidl_typesupport_c.cpython-310-x86_64-linux-gnu.so
[3.596s] -- Set runtime path of "/home/zsj/code/unitree_ws/install/robot_state/local/lib/python3.10/dist-packages/robot_state/robot_state_s__rosidl_typesupport_c.cpython-310-x86_64-linux-gnu.so" to ""
[3.596s] -- Installing: /home/zsj/code/unitree_ws/install/robot_state/lib/librobot_state__rosidl_generator_py.so
[3.596s] -- Set runtime path of "/home/zsj/code/unitree_ws/install/robot_state/lib/librobot_state__rosidl_generator_py.so" to ""
[3.596s] -- Installing: /home/zsj/code/unitree_ws/install/robot_state/share/robot_state/msg/RobotState.idl
[3.596s] -- Installing: /home/zsj/code/unitree_ws/install/robot_state/share/robot_state/msg/RobotState.msg
[3.597s] -- Installing: /home/zsj/code/unitree_ws/install/robot_state/share/ament_index/resource_index/package_run_dependencies/robot_state
[3.597s] -- Installing: /home/zsj/code/unitree_ws/install/robot_state/share/ament_index/resource_index/parent_prefix_path/robot_state
[3.597s] -- Installing: /home/zsj/code/unitree_ws/install/robot_state/share/robot_state/environment/ament_prefix_path.sh
[3.597s] -- Installing: /home/zsj/code/unitree_ws/install/robot_state/share/robot_state/environment/ament_prefix_path.dsv
[3.597s] -- Installing: /home/zsj/code/unitree_ws/install/robot_state/share/robot_state/environment/path.sh
[3.597s] -- Installing: /home/zsj/code/unitree_ws/install/robot_state/share/robot_state/environment/path.dsv
[3.597s] -- Installing: /home/zsj/code/unitree_ws/install/robot_state/share/robot_state/local_setup.bash
[3.597s] -- Installing: /home/zsj/code/unitree_ws/install/robot_state/share/robot_state/local_setup.sh
[3.598s] -- Installing: /home/zsj/code/unitree_ws/install/robot_state/share/robot_state/local_setup.zsh
[3.598s] -- Installing: /home/zsj/code/unitree_ws/install/robot_state/share/robot_state/local_setup.dsv
[3.598s] -- Installing: /home/zsj/code/unitree_ws/install/robot_state/share/robot_state/package.dsv
[3.598s] -- Installing: /home/zsj/code/unitree_ws/install/robot_state/share/ament_index/resource_index/packages/robot_state
[3.598s] -- Installing: /home/zsj/code/unitree_ws/install/robot_state/share/robot_state/cmake/export_robot_state__rosidl_generator_cExport.cmake
[3.598s] -- Installing: /home/zsj/code/unitree_ws/install/robot_state/share/robot_state/cmake/export_robot_state__rosidl_generator_cExport-noconfig.cmake
[3.599s] -- Installing: /home/zsj/code/unitree_ws/install/robot_state/share/robot_state/cmake/export_robot_state__rosidl_typesupport_fastrtps_cExport.cmake
[3.599s] -- Installing: /home/zsj/code/unitree_ws/install/robot_state/share/robot_state/cmake/export_robot_state__rosidl_typesupport_fastrtps_cExport-noconfig.cmake
[3.599s] -- Installing: /home/zsj/code/unitree_ws/install/robot_state/share/robot_state/cmake/robot_state__rosidl_typesupport_introspection_cExport.cmake
[3.599s] -- Installing: /home/zsj/code/unitree_ws/install/robot_state/share/robot_state/cmake/robot_state__rosidl_typesupport_introspection_cExport-noconfig.cmake
[3.599s] -- Installing: /home/zsj/code/unitree_ws/install/robot_state/share/robot_state/cmake/robot_state__rosidl_typesupport_cExport.cmake
[3.599s] -- Installing: /home/zsj/code/unitree_ws/install/robot_state/share/robot_state/cmake/robot_state__rosidl_typesupport_cExport-noconfig.cmake
[3.599s] -- Installing: /home/zsj/code/unitree_ws/install/robot_state/share/robot_state/cmake/export_robot_state__rosidl_generator_cppExport.cmake
[3.600s] -- Installing: /home/zsj/code/unitree_ws/install/robot_state/share/robot_state/cmake/export_robot_state__rosidl_typesupport_fastrtps_cppExport.cmake
[3.600s] -- Installing: /home/zsj/code/unitree_ws/install/robot_state/share/robot_state/cmake/export_robot_state__rosidl_typesupport_fastrtps_cppExport-noconfig.cmake
[3.600s] -- Installing: /home/zsj/code/unitree_ws/install/robot_state/share/robot_state/cmake/robot_state__rosidl_typesupport_introspection_cppExport.cmake
[3.600s] -- Installing: /home/zsj/code/unitree_ws/install/robot_state/share/robot_state/cmake/robot_state__rosidl_typesupport_introspection_cppExport-noconfig.cmake
[3.600s] -- Installing: /home/zsj/code/unitree_ws/install/robot_state/share/robot_state/cmake/robot_state__rosidl_typesupport_cppExport.cmake
[3.600s] -- Installing: /home/zsj/code/unitree_ws/install/robot_state/share/robot_state/cmake/robot_state__rosidl_typesupport_cppExport-noconfig.cmake
[3.601s] -- Installing: /home/zsj/code/unitree_ws/install/robot_state/share/robot_state/cmake/export_robot_state__rosidl_generator_pyExport.cmake
[3.601s] -- Installing: /home/zsj/code/unitree_ws/install/robot_state/share/robot_state/cmake/export_robot_state__rosidl_generator_pyExport-noconfig.cmake
[3.601s] -- Installing: /home/zsj/code/unitree_ws/install/robot_state/share/robot_state/cmake/rosidl_cmake-extras.cmake
[3.601s] -- Installing: /home/zsj/code/unitree_ws/install/robot_state/share/robot_state/cmake/ament_cmake_export_include_directories-extras.cmake
[3.601s] -- Installing: /home/zsj/code/unitree_ws/install/robot_state/share/robot_state/cmake/ament_cmake_export_libraries-extras.cmake
[3.601s] -- Installing: /home/zsj/code/unitree_ws/install/robot_state/share/robot_state/cmake/ament_cmake_export_targets-extras.cmake
[3.601s] -- Installing: /home/zsj/code/unitree_ws/install/robot_state/share/robot_state/cmake/rosidl_cmake_export_typesupport_targets-extras.cmake
[3.601s] -- Installing: /home/zsj/code/unitree_ws/install/robot_state/share/robot_state/cmake/ament_cmake_export_dependencies-extras.cmake
[3.602s] -- Installing: /home/zsj/code/unitree_ws/install/robot_state/share/robot_state/cmake/rosidl_cmake_export_typesupport_libraries-extras.cmake
[3.602s] -- Installing: /home/zsj/code/unitree_ws/install/robot_state/share/robot_state/cmake/robot_stateConfig.cmake
[3.602s] -- Installing: /home/zsj/code/unitree_ws/install/robot_state/share/robot_state/cmake/robot_stateConfig-version.cmake
[3.602s] -- Installing: /home/zsj/code/unitree_ws/install/robot_state/share/robot_state/package.xml
[3.604s] Invoked command in '/home/zsj/code/unitree_ws/build/robot_state' returned '0': CMAKE_PREFIX_PATH=${CMAKE_PREFIX_PATH}:/home/zsj/code/unitree_ws/install/read_bag:/opt/ros/humble /usr/bin/cmake --install /home/zsj/code/unitree_ws/build/robot_state
