[0.016s] Invoking command in '/home/zsj/code/unitree_ws/build/robot_state': CMAKE_PREFIX_PATH=${CMAKE_PREFIX_PATH}:/opt/ros/humble /usr/bin/cmake --build /home/zsj/code/unitree_ws/build/robot_state -- -j12 -l12
[0.078s] [  3%] Built target robot_state__cpp
[0.079s] [ 12%] Built target robot_state__rosidl_generator_c
[0.097s] [ 12%] Built target ament_cmake_python_copy_robot_state
[0.112s] [ 22%] Built target robot_state__rosidl_typesupport_introspection_cpp
[0.113s] [ 32%] Built target robot_state__rosidl_typesupport_fastrtps_cpp
[0.113s] [ 41%] Built target robot_state__rosidl_typesupport_introspection_c
[0.118s] [ 51%] Built target robot_state__rosidl_typesupport_fastrtps_c
[0.119s] [ 61%] Built target robot_state__rosidl_typesupport_cpp
[0.121s] [ 70%] Built target robot_state__rosidl_typesupport_c
[0.148s] [ 70%] Built target robot_state
[0.174s] [ 74%] Built target robot_state__py
[0.203s] [ 80%] Built target robot_state__rosidl_generator_py
[0.236s] [ 93%] Built target robot_state__rosidl_typesupport_fastrtps_c__pyext
[0.236s] [ 93%] Built target robot_state__rosidl_typesupport_introspection_c__pyext
[0.236s] [100%] Built target robot_state__rosidl_typesupport_c__pyext
[0.392s] running egg_info
[0.393s] writing robot_state.egg-info/PKG-INFO
[0.394s] writing dependency_links to robot_state.egg-info/dependency_links.txt
[0.394s] writing top-level names to robot_state.egg-info/top_level.txt
[0.397s] reading manifest file 'robot_state.egg-info/SOURCES.txt'
[0.398s] writing manifest file 'robot_state.egg-info/SOURCES.txt'
[0.422s] [100%] Built target ament_cmake_python_build_robot_state_egg
[0.435s] Invoked command in '/home/zsj/code/unitree_ws/build/robot_state' returned '0': CMAKE_PREFIX_PATH=${CMAKE_PREFIX_PATH}:/opt/ros/humble /usr/bin/cmake --build /home/zsj/code/unitree_ws/build/robot_state -- -j12 -l12
[0.545s] Invoking command in '/home/zsj/code/unitree_ws/build/robot_state': CMAKE_PREFIX_PATH=${CMAKE_PREFIX_PATH}:/opt/ros/humble /usr/bin/cmake --install /home/zsj/code/unitree_ws/build/robot_state
[0.558s] -- Install configuration: ""
[0.558s] -- Up-to-date: /home/zsj/code/unitree_ws/install/robot_state/share/ament_index/resource_index/rosidl_interfaces/robot_state
[0.559s] -- Up-to-date: /home/zsj/code/unitree_ws/install/robot_state/include/robot_state/robot_state
[0.559s] -- Up-to-date: /home/zsj/code/unitree_ws/install/robot_state/include/robot_state/robot_state/msg
[0.559s] -- Up-to-date: /home/zsj/code/unitree_ws/install/robot_state/include/robot_state/robot_state/msg/robot_state.h
[0.559s] -- Up-to-date: /home/zsj/code/unitree_ws/install/robot_state/include/robot_state/robot_state/msg/rosidl_generator_c__visibility_control.h
[0.559s] -- Up-to-date: /home/zsj/code/unitree_ws/install/robot_state/include/robot_state/robot_state/msg/detail
[0.559s] -- Up-to-date: /home/zsj/code/unitree_ws/install/robot_state/include/robot_state/robot_state/msg/detail/robot_state__functions.h
[0.560s] -- Up-to-date: /home/zsj/code/unitree_ws/install/robot_state/include/robot_state/robot_state/msg/detail/robot_state__struct.h
[0.560s] -- Up-to-date: /home/zsj/code/unitree_ws/install/robot_state/include/robot_state/robot_state/msg/detail/robot_state__type_support.h
[0.560s] -- Up-to-date: /home/zsj/code/unitree_ws/install/robot_state/include/robot_state/robot_state/msg/detail/robot_state__functions.c
[0.560s] -- Up-to-date: /home/zsj/code/unitree_ws/install/robot_state/share/robot_state/environment/library_path.sh
[0.560s] -- Up-to-date: /home/zsj/code/unitree_ws/install/robot_state/share/robot_state/environment/library_path.dsv
[0.560s] -- Up-to-date: /home/zsj/code/unitree_ws/install/robot_state/lib/librobot_state__rosidl_generator_c.so
[0.560s] -- Up-to-date: /home/zsj/code/unitree_ws/install/robot_state/include/robot_state/robot_state
[0.560s] -- Up-to-date: /home/zsj/code/unitree_ws/install/robot_state/include/robot_state/robot_state/msg
[0.561s] -- Up-to-date: /home/zsj/code/unitree_ws/install/robot_state/include/robot_state/robot_state/msg/rosidl_typesupport_fastrtps_c__visibility_control.h
[0.561s] -- Up-to-date: /home/zsj/code/unitree_ws/install/robot_state/include/robot_state/robot_state/msg/detail
[0.561s] -- Up-to-date: /home/zsj/code/unitree_ws/install/robot_state/include/robot_state/robot_state/msg/detail/robot_state__rosidl_typesupport_fastrtps_c.h
[0.561s] -- Up-to-date: /home/zsj/code/unitree_ws/install/robot_state/lib/librobot_state__rosidl_typesupport_fastrtps_c.so
[0.561s] -- Up-to-date: /home/zsj/code/unitree_ws/install/robot_state/include/robot_state/robot_state
[0.561s] -- Up-to-date: /home/zsj/code/unitree_ws/install/robot_state/include/robot_state/robot_state/msg
[0.561s] -- Up-to-date: /home/zsj/code/unitree_ws/install/robot_state/include/robot_state/robot_state/msg/rosidl_typesupport_introspection_c__visibility_control.h
[0.561s] -- Up-to-date: /home/zsj/code/unitree_ws/install/robot_state/include/robot_state/robot_state/msg/detail
[0.562s] -- Up-to-date: /home/zsj/code/unitree_ws/install/robot_state/include/robot_state/robot_state/msg/detail/robot_state__rosidl_typesupport_introspection_c.h
[0.562s] -- Up-to-date: /home/zsj/code/unitree_ws/install/robot_state/include/robot_state/robot_state/msg/detail/robot_state__type_support.c
[0.562s] -- Up-to-date: /home/zsj/code/unitree_ws/install/robot_state/lib/librobot_state__rosidl_typesupport_introspection_c.so
[0.562s] -- Up-to-date: /home/zsj/code/unitree_ws/install/robot_state/lib/librobot_state__rosidl_typesupport_c.so
[0.562s] -- Up-to-date: /home/zsj/code/unitree_ws/install/robot_state/include/robot_state/robot_state
[0.563s] -- Up-to-date: /home/zsj/code/unitree_ws/install/robot_state/include/robot_state/robot_state/msg
[0.563s] -- Up-to-date: /home/zsj/code/unitree_ws/install/robot_state/include/robot_state/robot_state/msg/robot_state.hpp
[0.563s] -- Up-to-date: /home/zsj/code/unitree_ws/install/robot_state/include/robot_state/robot_state/msg/detail
[0.563s] -- Up-to-date: /home/zsj/code/unitree_ws/install/robot_state/include/robot_state/robot_state/msg/detail/robot_state__struct.hpp
[0.564s] -- Up-to-date: /home/zsj/code/unitree_ws/install/robot_state/include/robot_state/robot_state/msg/detail/robot_state__builder.hpp
[0.564s] -- Up-to-date: /home/zsj/code/unitree_ws/install/robot_state/include/robot_state/robot_state/msg/detail/robot_state__traits.hpp
[0.564s] -- Up-to-date: /home/zsj/code/unitree_ws/install/robot_state/include/robot_state/robot_state
[0.564s] -- Up-to-date: /home/zsj/code/unitree_ws/install/robot_state/include/robot_state/robot_state/msg
[0.565s] -- Up-to-date: /home/zsj/code/unitree_ws/install/robot_state/include/robot_state/robot_state/msg/rosidl_typesupport_fastrtps_cpp__visibility_control.h
[0.565s] -- Up-to-date: /home/zsj/code/unitree_ws/install/robot_state/include/robot_state/robot_state/msg/detail
[0.565s] -- Up-to-date: /home/zsj/code/unitree_ws/install/robot_state/include/robot_state/robot_state/msg/detail/robot_state__rosidl_typesupport_fastrtps_cpp.hpp
[0.565s] -- Up-to-date: /home/zsj/code/unitree_ws/install/robot_state/include/robot_state/robot_state/msg/detail/dds_fastrtps
[0.566s] -- Up-to-date: /home/zsj/code/unitree_ws/install/robot_state/lib/librobot_state__rosidl_typesupport_fastrtps_cpp.so
[0.566s] -- Up-to-date: /home/zsj/code/unitree_ws/install/robot_state/include/robot_state/robot_state
[0.566s] -- Up-to-date: /home/zsj/code/unitree_ws/install/robot_state/include/robot_state/robot_state/msg
[0.566s] -- Up-to-date: /home/zsj/code/unitree_ws/install/robot_state/include/robot_state/robot_state/msg/detail
[0.566s] -- Up-to-date: /home/zsj/code/unitree_ws/install/robot_state/include/robot_state/robot_state/msg/detail/robot_state__type_support.cpp
[0.567s] -- Up-to-date: /home/zsj/code/unitree_ws/install/robot_state/include/robot_state/robot_state/msg/detail/robot_state__rosidl_typesupport_introspection_cpp.hpp
[0.567s] -- Up-to-date: /home/zsj/code/unitree_ws/install/robot_state/lib/librobot_state__rosidl_typesupport_introspection_cpp.so
[0.567s] -- Up-to-date: /home/zsj/code/unitree_ws/install/robot_state/lib/librobot_state__rosidl_typesupport_cpp.so
[0.567s] -- Up-to-date: /home/zsj/code/unitree_ws/install/robot_state/share/robot_state/environment/pythonpath.sh
[0.567s] -- Up-to-date: /home/zsj/code/unitree_ws/install/robot_state/share/robot_state/environment/pythonpath.dsv
[0.567s] -- Up-to-date: /home/zsj/code/unitree_ws/install/robot_state/local/lib/python3.10/dist-packages/robot_state-0.0.0-py3.10.egg-info
[0.568s] -- Installing: /home/zsj/code/unitree_ws/install/robot_state/local/lib/python3.10/dist-packages/robot_state-0.0.0-py3.10.egg-info/PKG-INFO
[0.568s] -- Installing: /home/zsj/code/unitree_ws/install/robot_state/local/lib/python3.10/dist-packages/robot_state-0.0.0-py3.10.egg-info/dependency_links.txt
[0.568s] -- Installing: /home/zsj/code/unitree_ws/install/robot_state/local/lib/python3.10/dist-packages/robot_state-0.0.0-py3.10.egg-info/SOURCES.txt
[0.568s] -- Installing: /home/zsj/code/unitree_ws/install/robot_state/local/lib/python3.10/dist-packages/robot_state-0.0.0-py3.10.egg-info/top_level.txt
[0.568s] -- Up-to-date: /home/zsj/code/unitree_ws/install/robot_state/local/lib/python3.10/dist-packages/robot_state
[0.568s] -- Up-to-date: /home/zsj/code/unitree_ws/install/robot_state/local/lib/python3.10/dist-packages/robot_state/librobot_state__rosidl_generator_py.so
[0.569s] -- Up-to-date: /home/zsj/code/unitree_ws/install/robot_state/local/lib/python3.10/dist-packages/robot_state/robot_state_s__rosidl_typesupport_fastrtps_c.cpython-310-x86_64-linux-gnu.so
[0.569s] -- Up-to-date: /home/zsj/code/unitree_ws/install/robot_state/local/lib/python3.10/dist-packages/robot_state/_robot_state_s.ep.rosidl_typesupport_introspection_c.c
[0.569s] -- Up-to-date: /home/zsj/code/unitree_ws/install/robot_state/local/lib/python3.10/dist-packages/robot_state/robot_state_s__rosidl_typesupport_introspection_c.cpython-310-x86_64-linux-gnu.so
[0.569s] -- Up-to-date: /home/zsj/code/unitree_ws/install/robot_state/local/lib/python3.10/dist-packages/robot_state/robot_state_s__rosidl_typesupport_c.cpython-310-x86_64-linux-gnu.so
[0.569s] -- Up-to-date: /home/zsj/code/unitree_ws/install/robot_state/local/lib/python3.10/dist-packages/robot_state/_robot_state_s.ep.rosidl_typesupport_fastrtps_c.c
[0.569s] -- Up-to-date: /home/zsj/code/unitree_ws/install/robot_state/local/lib/python3.10/dist-packages/robot_state/__init__.py
[0.570s] -- Up-to-date: /home/zsj/code/unitree_ws/install/robot_state/local/lib/python3.10/dist-packages/robot_state/msg
[0.570s] -- Up-to-date: /home/zsj/code/unitree_ws/install/robot_state/local/lib/python3.10/dist-packages/robot_state/msg/_robot_state.py
[0.570s] -- Up-to-date: /home/zsj/code/unitree_ws/install/robot_state/local/lib/python3.10/dist-packages/robot_state/msg/_robot_state_s.c
[0.570s] -- Up-to-date: /home/zsj/code/unitree_ws/install/robot_state/local/lib/python3.10/dist-packages/robot_state/msg/__init__.py
[0.570s] -- Up-to-date: /home/zsj/code/unitree_ws/install/robot_state/local/lib/python3.10/dist-packages/robot_state/_robot_state_s.ep.rosidl_typesupport_c.c
[0.605s] Listing '/home/zsj/code/unitree_ws/install/robot_state/local/lib/python3.10/dist-packages/robot_state'...
[0.606s] Listing '/home/zsj/code/unitree_ws/install/robot_state/local/lib/python3.10/dist-packages/robot_state/msg'...
[0.610s] -- Up-to-date: /home/zsj/code/unitree_ws/install/robot_state/local/lib/python3.10/dist-packages/robot_state/robot_state_s__rosidl_typesupport_fastrtps_c.cpython-310-x86_64-linux-gnu.so
[0.610s] -- Up-to-date: /home/zsj/code/unitree_ws/install/robot_state/local/lib/python3.10/dist-packages/robot_state/robot_state_s__rosidl_typesupport_introspection_c.cpython-310-x86_64-linux-gnu.so
[0.611s] -- Up-to-date: /home/zsj/code/unitree_ws/install/robot_state/local/lib/python3.10/dist-packages/robot_state/robot_state_s__rosidl_typesupport_c.cpython-310-x86_64-linux-gnu.so
[0.612s] -- Up-to-date: /home/zsj/code/unitree_ws/install/robot_state/lib/librobot_state__rosidl_generator_py.so
[0.612s] -- Up-to-date: /home/zsj/code/unitree_ws/install/robot_state/share/robot_state/msg/RobotState.idl
[0.613s] -- Up-to-date: /home/zsj/code/unitree_ws/install/robot_state/share/robot_state/msg/RobotState.msg
[0.613s] -- Up-to-date: /home/zsj/code/unitree_ws/install/robot_state/share/ament_index/resource_index/package_run_dependencies/robot_state
[0.613s] -- Up-to-date: /home/zsj/code/unitree_ws/install/robot_state/share/ament_index/resource_index/parent_prefix_path/robot_state
[0.613s] -- Up-to-date: /home/zsj/code/unitree_ws/install/robot_state/share/robot_state/environment/ament_prefix_path.sh
[0.613s] -- Up-to-date: /home/zsj/code/unitree_ws/install/robot_state/share/robot_state/environment/ament_prefix_path.dsv
[0.614s] -- Up-to-date: /home/zsj/code/unitree_ws/install/robot_state/share/robot_state/environment/path.sh
[0.614s] -- Up-to-date: /home/zsj/code/unitree_ws/install/robot_state/share/robot_state/environment/path.dsv
[0.614s] -- Up-to-date: /home/zsj/code/unitree_ws/install/robot_state/share/robot_state/local_setup.bash
[0.614s] -- Up-to-date: /home/zsj/code/unitree_ws/install/robot_state/share/robot_state/local_setup.sh
[0.614s] -- Up-to-date: /home/zsj/code/unitree_ws/install/robot_state/share/robot_state/local_setup.zsh
[0.614s] -- Up-to-date: /home/zsj/code/unitree_ws/install/robot_state/share/robot_state/local_setup.dsv
[0.615s] -- Installing: /home/zsj/code/unitree_ws/install/robot_state/share/robot_state/package.dsv
[0.615s] -- Up-to-date: /home/zsj/code/unitree_ws/install/robot_state/share/ament_index/resource_index/packages/robot_state
[0.615s] -- Up-to-date: /home/zsj/code/unitree_ws/install/robot_state/share/robot_state/cmake/export_robot_state__rosidl_generator_cExport.cmake
[0.615s] -- Up-to-date: /home/zsj/code/unitree_ws/install/robot_state/share/robot_state/cmake/export_robot_state__rosidl_generator_cExport-noconfig.cmake
[0.615s] -- Up-to-date: /home/zsj/code/unitree_ws/install/robot_state/share/robot_state/cmake/export_robot_state__rosidl_typesupport_fastrtps_cExport.cmake
[0.616s] -- Up-to-date: /home/zsj/code/unitree_ws/install/robot_state/share/robot_state/cmake/export_robot_state__rosidl_typesupport_fastrtps_cExport-noconfig.cmake
[0.616s] -- Up-to-date: /home/zsj/code/unitree_ws/install/robot_state/share/robot_state/cmake/robot_state__rosidl_typesupport_introspection_cExport.cmake
[0.616s] -- Up-to-date: /home/zsj/code/unitree_ws/install/robot_state/share/robot_state/cmake/robot_state__rosidl_typesupport_introspection_cExport-noconfig.cmake
[0.616s] -- Up-to-date: /home/zsj/code/unitree_ws/install/robot_state/share/robot_state/cmake/robot_state__rosidl_typesupport_cExport.cmake
[0.616s] -- Up-to-date: /home/zsj/code/unitree_ws/install/robot_state/share/robot_state/cmake/robot_state__rosidl_typesupport_cExport-noconfig.cmake
[0.616s] -- Up-to-date: /home/zsj/code/unitree_ws/install/robot_state/share/robot_state/cmake/export_robot_state__rosidl_generator_cppExport.cmake
[0.617s] -- Up-to-date: /home/zsj/code/unitree_ws/install/robot_state/share/robot_state/cmake/export_robot_state__rosidl_typesupport_fastrtps_cppExport.cmake
[0.617s] -- Up-to-date: /home/zsj/code/unitree_ws/install/robot_state/share/robot_state/cmake/export_robot_state__rosidl_typesupport_fastrtps_cppExport-noconfig.cmake
[0.617s] -- Up-to-date: /home/zsj/code/unitree_ws/install/robot_state/share/robot_state/cmake/robot_state__rosidl_typesupport_introspection_cppExport.cmake
[0.617s] -- Up-to-date: /home/zsj/code/unitree_ws/install/robot_state/share/robot_state/cmake/robot_state__rosidl_typesupport_introspection_cppExport-noconfig.cmake
[0.617s] -- Up-to-date: /home/zsj/code/unitree_ws/install/robot_state/share/robot_state/cmake/robot_state__rosidl_typesupport_cppExport.cmake
[0.618s] -- Up-to-date: /home/zsj/code/unitree_ws/install/robot_state/share/robot_state/cmake/robot_state__rosidl_typesupport_cppExport-noconfig.cmake
[0.618s] -- Up-to-date: /home/zsj/code/unitree_ws/install/robot_state/share/robot_state/cmake/export_robot_state__rosidl_generator_pyExport.cmake
[0.619s] -- Up-to-date: /home/zsj/code/unitree_ws/install/robot_state/share/robot_state/cmake/export_robot_state__rosidl_generator_pyExport-noconfig.cmake
[0.619s] -- Up-to-date: /home/zsj/code/unitree_ws/install/robot_state/share/robot_state/cmake/rosidl_cmake-extras.cmake
[0.619s] -- Up-to-date: /home/zsj/code/unitree_ws/install/robot_state/share/robot_state/cmake/ament_cmake_export_include_directories-extras.cmake
[0.619s] -- Up-to-date: /home/zsj/code/unitree_ws/install/robot_state/share/robot_state/cmake/ament_cmake_export_libraries-extras.cmake
[0.620s] -- Up-to-date: /home/zsj/code/unitree_ws/install/robot_state/share/robot_state/cmake/ament_cmake_export_targets-extras.cmake
[0.620s] -- Up-to-date: /home/zsj/code/unitree_ws/install/robot_state/share/robot_state/cmake/rosidl_cmake_export_typesupport_targets-extras.cmake
[0.620s] -- Up-to-date: /home/zsj/code/unitree_ws/install/robot_state/share/robot_state/cmake/ament_cmake_export_dependencies-extras.cmake
[0.620s] -- Up-to-date: /home/zsj/code/unitree_ws/install/robot_state/share/robot_state/cmake/rosidl_cmake_export_typesupport_libraries-extras.cmake
[0.620s] -- Up-to-date: /home/zsj/code/unitree_ws/install/robot_state/share/robot_state/cmake/robot_stateConfig.cmake
[0.621s] -- Up-to-date: /home/zsj/code/unitree_ws/install/robot_state/share/robot_state/cmake/robot_stateConfig-version.cmake
[0.621s] -- Up-to-date: /home/zsj/code/unitree_ws/install/robot_state/share/robot_state/package.xml
[0.621s] Invoked command in '/home/zsj/code/unitree_ws/build/robot_state' returned '0': CMAKE_PREFIX_PATH=${CMAKE_PREFIX_PATH}:/opt/ros/humble /usr/bin/cmake --install /home/zsj/code/unitree_ws/build/robot_state
