[0.010s] Invoking command in '/home/zsj/code/unitree_ws/build/robot_state': CMAKE_PREFIX_PATH=${CMAKE_PREFIX_PATH}:/home/zsj/code/unitree_ws/install/read_bag:/opt/ros/humble /usr/bin/cmake --build /home/zsj/code/unitree_ws/build/robot_state -- -j12 -l12
[0.058s] [  3%] Built target robot_state__cpp
[0.058s] [ 12%] Built target robot_state__rosidl_generator_c
[0.068s] [ 12%] Built target ament_cmake_python_copy_robot_state
[0.080s] [ 22%] Built target robot_state__rosidl_typesupport_c
[0.080s] [ 32%] Built target robot_state__rosidl_typesupport_fastrtps_c
[0.081s] [ 41%] Built target robot_state__rosidl_typesupport_introspection_c
[0.082s] [ 51%] Built target robot_state__rosidl_typesupport_cpp
[0.083s] [ 61%] Built target robot_state__rosidl_typesupport_introspection_cpp
[0.085s] [ 70%] Built target robot_state__rosidl_typesupport_fastrtps_cpp
[0.104s] [ 70%] Built target robot_state
[0.124s] [ 74%] Built target robot_state__py
[0.145s] [ 80%] Built target robot_state__rosidl_generator_py
[0.168s] [ 93%] Built target robot_state__rosidl_typesupport_c__pyext
[0.168s] [ 93%] Built target robot_state__rosidl_typesupport_fastrtps_c__pyext
[0.168s] [100%] Built target robot_state__rosidl_typesupport_introspection_c__pyext
[0.280s] running egg_info
[0.281s] writing robot_state.egg-info/PKG-INFO
[0.281s] writing dependency_links to robot_state.egg-info/dependency_links.txt
[0.281s] writing top-level names to robot_state.egg-info/top_level.txt
[0.283s] reading manifest file 'robot_state.egg-info/SOURCES.txt'
[0.283s] writing manifest file 'robot_state.egg-info/SOURCES.txt'
[0.304s] [100%] Built target ament_cmake_python_build_robot_state_egg
[0.315s] Invoked command in '/home/zsj/code/unitree_ws/build/robot_state' returned '0': CMAKE_PREFIX_PATH=${CMAKE_PREFIX_PATH}:/home/zsj/code/unitree_ws/install/read_bag:/opt/ros/humble /usr/bin/cmake --build /home/zsj/code/unitree_ws/build/robot_state -- -j12 -l12
[0.397s] Invoking command in '/home/zsj/code/unitree_ws/build/robot_state': CMAKE_PREFIX_PATH=${CMAKE_PREFIX_PATH}:/home/zsj/code/unitree_ws/install/read_bag:/opt/ros/humble /usr/bin/cmake --install /home/zsj/code/unitree_ws/build/robot_state
[0.404s] -- Install configuration: ""
[0.405s] -- Up-to-date: /home/zsj/code/unitree_ws/install/robot_state/share/ament_index/resource_index/rosidl_interfaces/robot_state
[0.405s] -- Up-to-date: /home/zsj/code/unitree_ws/install/robot_state/include/robot_state/robot_state
[0.405s] -- Up-to-date: /home/zsj/code/unitree_ws/install/robot_state/include/robot_state/robot_state/msg
[0.405s] -- Up-to-date: /home/zsj/code/unitree_ws/install/robot_state/include/robot_state/robot_state/msg/robot_state.h
[0.405s] -- Up-to-date: /home/zsj/code/unitree_ws/install/robot_state/include/robot_state/robot_state/msg/rosidl_generator_c__visibility_control.h
[0.405s] -- Up-to-date: /home/zsj/code/unitree_ws/install/robot_state/include/robot_state/robot_state/msg/detail
[0.405s] -- Up-to-date: /home/zsj/code/unitree_ws/install/robot_state/include/robot_state/robot_state/msg/detail/robot_state__functions.h
[0.405s] -- Up-to-date: /home/zsj/code/unitree_ws/install/robot_state/include/robot_state/robot_state/msg/detail/robot_state__struct.h
[0.405s] -- Up-to-date: /home/zsj/code/unitree_ws/install/robot_state/include/robot_state/robot_state/msg/detail/robot_state__type_support.h
[0.405s] -- Up-to-date: /home/zsj/code/unitree_ws/install/robot_state/include/robot_state/robot_state/msg/detail/robot_state__functions.c
[0.405s] -- Up-to-date: /home/zsj/code/unitree_ws/install/robot_state/share/robot_state/environment/library_path.sh
[0.405s] -- Up-to-date: /home/zsj/code/unitree_ws/install/robot_state/share/robot_state/environment/library_path.dsv
[0.406s] -- Up-to-date: /home/zsj/code/unitree_ws/install/robot_state/lib/librobot_state__rosidl_generator_c.so
[0.406s] -- Up-to-date: /home/zsj/code/unitree_ws/install/robot_state/include/robot_state/robot_state
[0.406s] -- Up-to-date: /home/zsj/code/unitree_ws/install/robot_state/include/robot_state/robot_state/msg
[0.406s] -- Up-to-date: /home/zsj/code/unitree_ws/install/robot_state/include/robot_state/robot_state/msg/rosidl_typesupport_fastrtps_c__visibility_control.h
[0.406s] -- Up-to-date: /home/zsj/code/unitree_ws/install/robot_state/include/robot_state/robot_state/msg/detail
[0.406s] -- Up-to-date: /home/zsj/code/unitree_ws/install/robot_state/include/robot_state/robot_state/msg/detail/robot_state__rosidl_typesupport_fastrtps_c.h
[0.406s] -- Up-to-date: /home/zsj/code/unitree_ws/install/robot_state/lib/librobot_state__rosidl_typesupport_fastrtps_c.so
[0.406s] -- Up-to-date: /home/zsj/code/unitree_ws/install/robot_state/include/robot_state/robot_state
[0.406s] -- Up-to-date: /home/zsj/code/unitree_ws/install/robot_state/include/robot_state/robot_state/msg
[0.406s] -- Up-to-date: /home/zsj/code/unitree_ws/install/robot_state/include/robot_state/robot_state/msg/rosidl_typesupport_introspection_c__visibility_control.h
[0.406s] -- Up-to-date: /home/zsj/code/unitree_ws/install/robot_state/include/robot_state/robot_state/msg/detail
[0.406s] -- Up-to-date: /home/zsj/code/unitree_ws/install/robot_state/include/robot_state/robot_state/msg/detail/robot_state__rosidl_typesupport_introspection_c.h
[0.406s] -- Up-to-date: /home/zsj/code/unitree_ws/install/robot_state/include/robot_state/robot_state/msg/detail/robot_state__type_support.c
[0.406s] -- Up-to-date: /home/zsj/code/unitree_ws/install/robot_state/lib/librobot_state__rosidl_typesupport_introspection_c.so
[0.406s] -- Up-to-date: /home/zsj/code/unitree_ws/install/robot_state/lib/librobot_state__rosidl_typesupport_c.so
[0.407s] -- Up-to-date: /home/zsj/code/unitree_ws/install/robot_state/include/robot_state/robot_state
[0.407s] -- Up-to-date: /home/zsj/code/unitree_ws/install/robot_state/include/robot_state/robot_state/msg
[0.407s] -- Up-to-date: /home/zsj/code/unitree_ws/install/robot_state/include/robot_state/robot_state/msg/robot_state.hpp
[0.407s] -- Up-to-date: /home/zsj/code/unitree_ws/install/robot_state/include/robot_state/robot_state/msg/detail
[0.407s] -- Up-to-date: /home/zsj/code/unitree_ws/install/robot_state/include/robot_state/robot_state/msg/detail/robot_state__struct.hpp
[0.407s] -- Up-to-date: /home/zsj/code/unitree_ws/install/robot_state/include/robot_state/robot_state/msg/detail/robot_state__builder.hpp
[0.407s] -- Up-to-date: /home/zsj/code/unitree_ws/install/robot_state/include/robot_state/robot_state/msg/detail/robot_state__traits.hpp
[0.407s] -- Up-to-date: /home/zsj/code/unitree_ws/install/robot_state/include/robot_state/robot_state
[0.407s] -- Up-to-date: /home/zsj/code/unitree_ws/install/robot_state/include/robot_state/robot_state/msg
[0.407s] -- Up-to-date: /home/zsj/code/unitree_ws/install/robot_state/include/robot_state/robot_state/msg/rosidl_typesupport_fastrtps_cpp__visibility_control.h
[0.407s] -- Up-to-date: /home/zsj/code/unitree_ws/install/robot_state/include/robot_state/robot_state/msg/detail
[0.407s] -- Up-to-date: /home/zsj/code/unitree_ws/install/robot_state/include/robot_state/robot_state/msg/detail/robot_state__rosidl_typesupport_fastrtps_cpp.hpp
[0.407s] -- Up-to-date: /home/zsj/code/unitree_ws/install/robot_state/include/robot_state/robot_state/msg/detail/dds_fastrtps
[0.407s] -- Up-to-date: /home/zsj/code/unitree_ws/install/robot_state/lib/librobot_state__rosidl_typesupport_fastrtps_cpp.so
[0.407s] -- Up-to-date: /home/zsj/code/unitree_ws/install/robot_state/include/robot_state/robot_state
[0.407s] -- Up-to-date: /home/zsj/code/unitree_ws/install/robot_state/include/robot_state/robot_state/msg
[0.407s] -- Up-to-date: /home/zsj/code/unitree_ws/install/robot_state/include/robot_state/robot_state/msg/detail
[0.408s] -- Up-to-date: /home/zsj/code/unitree_ws/install/robot_state/include/robot_state/robot_state/msg/detail/robot_state__type_support.cpp
[0.408s] -- Up-to-date: /home/zsj/code/unitree_ws/install/robot_state/include/robot_state/robot_state/msg/detail/robot_state__rosidl_typesupport_introspection_cpp.hpp
[0.408s] -- Up-to-date: /home/zsj/code/unitree_ws/install/robot_state/lib/librobot_state__rosidl_typesupport_introspection_cpp.so
[0.408s] -- Up-to-date: /home/zsj/code/unitree_ws/install/robot_state/lib/librobot_state__rosidl_typesupport_cpp.so
[0.408s] -- Up-to-date: /home/zsj/code/unitree_ws/install/robot_state/share/robot_state/environment/pythonpath.sh
[0.408s] -- Up-to-date: /home/zsj/code/unitree_ws/install/robot_state/share/robot_state/environment/pythonpath.dsv
[0.408s] -- Up-to-date: /home/zsj/code/unitree_ws/install/robot_state/local/lib/python3.10/dist-packages/robot_state-0.0.0-py3.10.egg-info
[0.408s] -- Installing: /home/zsj/code/unitree_ws/install/robot_state/local/lib/python3.10/dist-packages/robot_state-0.0.0-py3.10.egg-info/PKG-INFO
[0.408s] -- Installing: /home/zsj/code/unitree_ws/install/robot_state/local/lib/python3.10/dist-packages/robot_state-0.0.0-py3.10.egg-info/dependency_links.txt
[0.408s] -- Installing: /home/zsj/code/unitree_ws/install/robot_state/local/lib/python3.10/dist-packages/robot_state-0.0.0-py3.10.egg-info/SOURCES.txt
[0.408s] -- Installing: /home/zsj/code/unitree_ws/install/robot_state/local/lib/python3.10/dist-packages/robot_state-0.0.0-py3.10.egg-info/top_level.txt
[0.408s] -- Up-to-date: /home/zsj/code/unitree_ws/install/robot_state/local/lib/python3.10/dist-packages/robot_state
[0.408s] -- Up-to-date: /home/zsj/code/unitree_ws/install/robot_state/local/lib/python3.10/dist-packages/robot_state/librobot_state__rosidl_generator_py.so
[0.409s] -- Up-to-date: /home/zsj/code/unitree_ws/install/robot_state/local/lib/python3.10/dist-packages/robot_state/robot_state_s__rosidl_typesupport_fastrtps_c.cpython-310-x86_64-linux-gnu.so
[0.409s] -- Up-to-date: /home/zsj/code/unitree_ws/install/robot_state/local/lib/python3.10/dist-packages/robot_state/_robot_state_s.ep.rosidl_typesupport_introspection_c.c
[0.409s] -- Up-to-date: /home/zsj/code/unitree_ws/install/robot_state/local/lib/python3.10/dist-packages/robot_state/robot_state_s__rosidl_typesupport_introspection_c.cpython-310-x86_64-linux-gnu.so
[0.409s] -- Up-to-date: /home/zsj/code/unitree_ws/install/robot_state/local/lib/python3.10/dist-packages/robot_state/robot_state_s__rosidl_typesupport_c.cpython-310-x86_64-linux-gnu.so
[0.409s] -- Up-to-date: /home/zsj/code/unitree_ws/install/robot_state/local/lib/python3.10/dist-packages/robot_state/_robot_state_s.ep.rosidl_typesupport_fastrtps_c.c
[0.409s] -- Up-to-date: /home/zsj/code/unitree_ws/install/robot_state/local/lib/python3.10/dist-packages/robot_state/__init__.py
[0.409s] -- Up-to-date: /home/zsj/code/unitree_ws/install/robot_state/local/lib/python3.10/dist-packages/robot_state/msg
[0.409s] -- Up-to-date: /home/zsj/code/unitree_ws/install/robot_state/local/lib/python3.10/dist-packages/robot_state/msg/_robot_state.py
[0.409s] -- Up-to-date: /home/zsj/code/unitree_ws/install/robot_state/local/lib/python3.10/dist-packages/robot_state/msg/_robot_state_s.c
[0.409s] -- Up-to-date: /home/zsj/code/unitree_ws/install/robot_state/local/lib/python3.10/dist-packages/robot_state/msg/__init__.py
[0.409s] -- Up-to-date: /home/zsj/code/unitree_ws/install/robot_state/local/lib/python3.10/dist-packages/robot_state/_robot_state_s.ep.rosidl_typesupport_c.c
[0.436s] Listing '/home/zsj/code/unitree_ws/install/robot_state/local/lib/python3.10/dist-packages/robot_state'...
[0.436s] Listing '/home/zsj/code/unitree_ws/install/robot_state/local/lib/python3.10/dist-packages/robot_state/msg'...
[0.440s] -- Up-to-date: /home/zsj/code/unitree_ws/install/robot_state/local/lib/python3.10/dist-packages/robot_state/robot_state_s__rosidl_typesupport_fastrtps_c.cpython-310-x86_64-linux-gnu.so
[0.440s] -- Up-to-date: /home/zsj/code/unitree_ws/install/robot_state/local/lib/python3.10/dist-packages/robot_state/robot_state_s__rosidl_typesupport_introspection_c.cpython-310-x86_64-linux-gnu.so
[0.440s] -- Up-to-date: /home/zsj/code/unitree_ws/install/robot_state/local/lib/python3.10/dist-packages/robot_state/robot_state_s__rosidl_typesupport_c.cpython-310-x86_64-linux-gnu.so
[0.440s] -- Up-to-date: /home/zsj/code/unitree_ws/install/robot_state/lib/librobot_state__rosidl_generator_py.so
[0.441s] -- Up-to-date: /home/zsj/code/unitree_ws/install/robot_state/share/robot_state/msg/RobotState.idl
[0.441s] -- Up-to-date: /home/zsj/code/unitree_ws/install/robot_state/share/robot_state/msg/RobotState.msg
[0.441s] -- Up-to-date: /home/zsj/code/unitree_ws/install/robot_state/share/ament_index/resource_index/package_run_dependencies/robot_state
[0.441s] -- Up-to-date: /home/zsj/code/unitree_ws/install/robot_state/share/ament_index/resource_index/parent_prefix_path/robot_state
[0.441s] -- Up-to-date: /home/zsj/code/unitree_ws/install/robot_state/share/robot_state/environment/ament_prefix_path.sh
[0.442s] -- Up-to-date: /home/zsj/code/unitree_ws/install/robot_state/share/robot_state/environment/ament_prefix_path.dsv
[0.442s] -- Up-to-date: /home/zsj/code/unitree_ws/install/robot_state/share/robot_state/environment/path.sh
[0.442s] -- Up-to-date: /home/zsj/code/unitree_ws/install/robot_state/share/robot_state/environment/path.dsv
[0.442s] -- Up-to-date: /home/zsj/code/unitree_ws/install/robot_state/share/robot_state/local_setup.bash
[0.442s] -- Up-to-date: /home/zsj/code/unitree_ws/install/robot_state/share/robot_state/local_setup.sh
[0.442s] -- Up-to-date: /home/zsj/code/unitree_ws/install/robot_state/share/robot_state/local_setup.zsh
[0.443s] -- Up-to-date: /home/zsj/code/unitree_ws/install/robot_state/share/robot_state/local_setup.dsv
[0.443s] -- Installing: /home/zsj/code/unitree_ws/install/robot_state/share/robot_state/package.dsv
[0.443s] -- Up-to-date: /home/zsj/code/unitree_ws/install/robot_state/share/ament_index/resource_index/packages/robot_state
[0.443s] -- Up-to-date: /home/zsj/code/unitree_ws/install/robot_state/share/robot_state/cmake/export_robot_state__rosidl_generator_cExport.cmake
[0.443s] -- Up-to-date: /home/zsj/code/unitree_ws/install/robot_state/share/robot_state/cmake/export_robot_state__rosidl_generator_cExport-noconfig.cmake
[0.443s] -- Up-to-date: /home/zsj/code/unitree_ws/install/robot_state/share/robot_state/cmake/export_robot_state__rosidl_typesupport_fastrtps_cExport.cmake
[0.443s] -- Up-to-date: /home/zsj/code/unitree_ws/install/robot_state/share/robot_state/cmake/export_robot_state__rosidl_typesupport_fastrtps_cExport-noconfig.cmake
[0.443s] -- Up-to-date: /home/zsj/code/unitree_ws/install/robot_state/share/robot_state/cmake/robot_state__rosidl_typesupport_introspection_cExport.cmake
[0.443s] -- Up-to-date: /home/zsj/code/unitree_ws/install/robot_state/share/robot_state/cmake/robot_state__rosidl_typesupport_introspection_cExport-noconfig.cmake
[0.443s] -- Up-to-date: /home/zsj/code/unitree_ws/install/robot_state/share/robot_state/cmake/robot_state__rosidl_typesupport_cExport.cmake
[0.443s] -- Up-to-date: /home/zsj/code/unitree_ws/install/robot_state/share/robot_state/cmake/robot_state__rosidl_typesupport_cExport-noconfig.cmake
[0.443s] -- Up-to-date: /home/zsj/code/unitree_ws/install/robot_state/share/robot_state/cmake/export_robot_state__rosidl_generator_cppExport.cmake
[0.443s] -- Up-to-date: /home/zsj/code/unitree_ws/install/robot_state/share/robot_state/cmake/export_robot_state__rosidl_typesupport_fastrtps_cppExport.cmake
[0.443s] -- Up-to-date: /home/zsj/code/unitree_ws/install/robot_state/share/robot_state/cmake/export_robot_state__rosidl_typesupport_fastrtps_cppExport-noconfig.cmake
[0.444s] -- Up-to-date: /home/zsj/code/unitree_ws/install/robot_state/share/robot_state/cmake/robot_state__rosidl_typesupport_introspection_cppExport.cmake
[0.444s] -- Up-to-date: /home/zsj/code/unitree_ws/install/robot_state/share/robot_state/cmake/robot_state__rosidl_typesupport_introspection_cppExport-noconfig.cmake
[0.444s] -- Up-to-date: /home/zsj/code/unitree_ws/install/robot_state/share/robot_state/cmake/robot_state__rosidl_typesupport_cppExport.cmake
[0.444s] -- Up-to-date: /home/zsj/code/unitree_ws/install/robot_state/share/robot_state/cmake/robot_state__rosidl_typesupport_cppExport-noconfig.cmake
[0.444s] -- Up-to-date: /home/zsj/code/unitree_ws/install/robot_state/share/robot_state/cmake/export_robot_state__rosidl_generator_pyExport.cmake
[0.444s] -- Up-to-date: /home/zsj/code/unitree_ws/install/robot_state/share/robot_state/cmake/export_robot_state__rosidl_generator_pyExport-noconfig.cmake
[0.444s] -- Up-to-date: /home/zsj/code/unitree_ws/install/robot_state/share/robot_state/cmake/rosidl_cmake-extras.cmake
[0.444s] -- Up-to-date: /home/zsj/code/unitree_ws/install/robot_state/share/robot_state/cmake/ament_cmake_export_include_directories-extras.cmake
[0.444s] -- Up-to-date: /home/zsj/code/unitree_ws/install/robot_state/share/robot_state/cmake/ament_cmake_export_libraries-extras.cmake
[0.444s] -- Up-to-date: /home/zsj/code/unitree_ws/install/robot_state/share/robot_state/cmake/ament_cmake_export_targets-extras.cmake
[0.444s] -- Up-to-date: /home/zsj/code/unitree_ws/install/robot_state/share/robot_state/cmake/rosidl_cmake_export_typesupport_targets-extras.cmake
[0.444s] -- Up-to-date: /home/zsj/code/unitree_ws/install/robot_state/share/robot_state/cmake/ament_cmake_export_dependencies-extras.cmake
[0.444s] -- Up-to-date: /home/zsj/code/unitree_ws/install/robot_state/share/robot_state/cmake/rosidl_cmake_export_typesupport_libraries-extras.cmake
[0.444s] -- Up-to-date: /home/zsj/code/unitree_ws/install/robot_state/share/robot_state/cmake/robot_stateConfig.cmake
[0.444s] -- Up-to-date: /home/zsj/code/unitree_ws/install/robot_state/share/robot_state/cmake/robot_stateConfig-version.cmake
[0.444s] -- Up-to-date: /home/zsj/code/unitree_ws/install/robot_state/share/robot_state/package.xml
[0.445s] Invoked command in '/home/zsj/code/unitree_ws/build/robot_state' returned '0': CMAKE_PREFIX_PATH=${CMAKE_PREFIX_PATH}:/home/zsj/code/unitree_ws/install/read_bag:/opt/ros/humble /usr/bin/cmake --install /home/zsj/code/unitree_ws/build/robot_state
