[35m[1mConsolidate compiler generated dependencies of target control_speed[0m
[ 57%] Built target read_data
[ 57%] Built target record_data
[ 71%] [32mBuilding CXX object CMakeFiles/control_speed.dir/src/control_speed.cpp.o[0m
[ 85%] [32m[1mLinking CXX executable control_speed[0m
[100%] Built target control_speed
-- Install configuration: ""
-- Up-to-date: /home/zsj/code/unitree_ws/install/create_dataset/lib/create_dataset/record_data
-- Installing: /home/zsj/code/unitree_ws/install/create_dataset/lib/create_dataset/control_speed
-- Set runtime path of "/home/zsj/code/unitree_ws/install/create_dataset/lib/create_dataset/control_speed" to ""
-- Up-to-date: /home/zsj/code/unitree_ws/install/create_dataset/lib/create_dataset/read_data
-- Up-to-date: /home/zsj/code/unitree_ws/install/create_dataset/share/ament_index/resource_index/package_run_dependencies/create_dataset
-- Up-to-date: /home/zsj/code/unitree_ws/install/create_dataset/share/ament_index/resource_index/parent_prefix_path/create_dataset
-- Up-to-date: /home/zsj/code/unitree_ws/install/create_dataset/share/create_dataset/environment/ament_prefix_path.sh
-- Up-to-date: /home/zsj/code/unitree_ws/install/create_dataset/share/create_dataset/environment/ament_prefix_path.dsv
-- Up-to-date: /home/zsj/code/unitree_ws/install/create_dataset/share/create_dataset/environment/path.sh
-- Up-to-date: /home/zsj/code/unitree_ws/install/create_dataset/share/create_dataset/environment/path.dsv
-- Up-to-date: /home/zsj/code/unitree_ws/install/create_dataset/share/create_dataset/local_setup.bash
-- Up-to-date: /home/zsj/code/unitree_ws/install/create_dataset/share/create_dataset/local_setup.sh
-- Up-to-date: /home/zsj/code/unitree_ws/install/create_dataset/share/create_dataset/local_setup.zsh
-- Up-to-date: /home/zsj/code/unitree_ws/install/create_dataset/share/create_dataset/local_setup.dsv
-- Installing: /home/zsj/code/unitree_ws/install/create_dataset/share/create_dataset/package.dsv
-- Up-to-date: /home/zsj/code/unitree_ws/install/create_dataset/share/ament_index/resource_index/packages/create_dataset
-- Up-to-date: /home/zsj/code/unitree_ws/install/create_dataset/share/create_dataset/cmake/create_datasetConfig.cmake
-- Up-to-date: /home/zsj/code/unitree_ws/install/create_dataset/share/create_dataset/cmake/create_datasetConfig-version.cmake
-- Up-to-date: /home/zsj/code/unitree_ws/install/create_dataset/share/create_dataset/package.xml
