[0.016s] Invoking command in '/home/zsj/code/unitree_ws/build/create_dataset': CMAKE_PREFIX_PATH=/home/zsj/code/unitree_ws/install/robot_state:/home/zsj/code/unitree_ws/install/create_dataset:/home/zsj/code/unitree_ros2/cyclonedds_ws/install/unitree_go:/home/zsj/code/unitree_ros2/cyclonedds_ws/install/unitree_api:/home/zsj/code/unitree_ros2/cyclonedds_ws/install/rmw_cyclonedds_cpp:/home/zsj/code/unitree_ros2/cyclonedds_ws/install/cyclonedds:/opt/ros/humble /usr/bin/cmake --build /home/zsj/code/unitree_ws/build/create_dataset -- -j12 -l12
[0.079s] [35m[1mConsolidate compiler generated dependencies of target control_speed[0m
[0.098s] [ 57%] Built target read_data
[0.099s] [ 57%] Built target record_data
[0.108s] [ 71%] [32mBuilding CXX object CMakeFiles/control_speed.dir/src/control_speed.cpp.o[0m
[11.065s] [ 85%] [32m[1mLinking CXX executable control_speed[0m
[11.618s] [100%] Built target control_speed
[11.633s] Invoked command in '/home/zsj/code/unitree_ws/build/create_dataset' returned '0': CMAKE_PREFIX_PATH=/home/zsj/code/unitree_ws/install/robot_state:/home/zsj/code/unitree_ws/install/create_dataset:/home/zsj/code/unitree_ros2/cyclonedds_ws/install/unitree_go:/home/zsj/code/unitree_ros2/cyclonedds_ws/install/unitree_api:/home/zsj/code/unitree_ros2/cyclonedds_ws/install/rmw_cyclonedds_cpp:/home/zsj/code/unitree_ros2/cyclonedds_ws/install/cyclonedds:/opt/ros/humble /usr/bin/cmake --build /home/zsj/code/unitree_ws/build/create_dataset -- -j12 -l12
[11.688s] Invoking command in '/home/zsj/code/unitree_ws/build/create_dataset': CMAKE_PREFIX_PATH=/home/zsj/code/unitree_ws/install/robot_state:/home/zsj/code/unitree_ws/install/create_dataset:/home/zsj/code/unitree_ros2/cyclonedds_ws/install/unitree_go:/home/zsj/code/unitree_ros2/cyclonedds_ws/install/unitree_api:/home/zsj/code/unitree_ros2/cyclonedds_ws/install/rmw_cyclonedds_cpp:/home/zsj/code/unitree_ros2/cyclonedds_ws/install/cyclonedds:/opt/ros/humble /usr/bin/cmake --install /home/zsj/code/unitree_ws/build/create_dataset
[11.699s] -- Install configuration: ""
[11.700s] -- Up-to-date: /home/zsj/code/unitree_ws/install/create_dataset/lib/create_dataset/record_data
[11.700s] -- Installing: /home/zsj/code/unitree_ws/install/create_dataset/lib/create_dataset/control_speed
[11.707s] -- Set runtime path of "/home/zsj/code/unitree_ws/install/create_dataset/lib/create_dataset/control_speed" to ""
[11.707s] -- Up-to-date: /home/zsj/code/unitree_ws/install/create_dataset/lib/create_dataset/read_data
[11.708s] -- Up-to-date: /home/zsj/code/unitree_ws/install/create_dataset/share/ament_index/resource_index/package_run_dependencies/create_dataset
[11.708s] -- Up-to-date: /home/zsj/code/unitree_ws/install/create_dataset/share/ament_index/resource_index/parent_prefix_path/create_dataset
[11.708s] -- Up-to-date: /home/zsj/code/unitree_ws/install/create_dataset/share/create_dataset/environment/ament_prefix_path.sh
[11.708s] -- Up-to-date: /home/zsj/code/unitree_ws/install/create_dataset/share/create_dataset/environment/ament_prefix_path.dsv
[11.709s] -- Up-to-date: /home/zsj/code/unitree_ws/install/create_dataset/share/create_dataset/environment/path.sh
[11.709s] -- Up-to-date: /home/zsj/code/unitree_ws/install/create_dataset/share/create_dataset/environment/path.dsv
[11.709s] -- Up-to-date: /home/zsj/code/unitree_ws/install/create_dataset/share/create_dataset/local_setup.bash
[11.709s] -- Up-to-date: /home/zsj/code/unitree_ws/install/create_dataset/share/create_dataset/local_setup.sh
[11.709s] -- Up-to-date: /home/zsj/code/unitree_ws/install/create_dataset/share/create_dataset/local_setup.zsh
[11.709s] -- Up-to-date: /home/zsj/code/unitree_ws/install/create_dataset/share/create_dataset/local_setup.dsv
[11.709s] -- Installing: /home/zsj/code/unitree_ws/install/create_dataset/share/create_dataset/package.dsv
[11.709s] -- Up-to-date: /home/zsj/code/unitree_ws/install/create_dataset/share/ament_index/resource_index/packages/create_dataset
[11.709s] -- Up-to-date: /home/zsj/code/unitree_ws/install/create_dataset/share/create_dataset/cmake/create_datasetConfig.cmake
[11.709s] -- Up-to-date: /home/zsj/code/unitree_ws/install/create_dataset/share/create_dataset/cmake/create_datasetConfig-version.cmake
[11.710s] -- Up-to-date: /home/zsj/code/unitree_ws/install/create_dataset/share/create_dataset/package.xml
[11.711s] Invoked command in '/home/zsj/code/unitree_ws/build/create_dataset' returned '0': CMAKE_PREFIX_PATH=/home/zsj/code/unitree_ws/install/robot_state:/home/zsj/code/unitree_ws/install/create_dataset:/home/zsj/code/unitree_ros2/cyclonedds_ws/install/unitree_go:/home/zsj/code/unitree_ros2/cyclonedds_ws/install/unitree_api:/home/zsj/code/unitree_ros2/cyclonedds_ws/install/rmw_cyclonedds_cpp:/home/zsj/code/unitree_ros2/cyclonedds_ws/install/cyclonedds:/opt/ros/humble /usr/bin/cmake --install /home/zsj/code/unitree_ws/build/create_dataset
