-- The C compiler identification is GNU 11.4.0
-- The CXX compiler identification is GNU 11.4.0
-- Detecting C compiler ABI info
-- Detecting C compiler ABI info - done
-- Check for working C compiler: /usr/bin/cc - skipped
-- Detecting C compile features
-- Detecting C compile features - done
-- Detecting CXX compiler ABI info
-- Detecting CXX compiler ABI info - done
-- Check for working CXX compiler: /usr/bin/c++ - skipped
-- Detecting CXX compile features
-- Detecting CXX compile features - done
-- Found ament_cmake: 1.3.8 (/opt/ros/humble/share/ament_cmake/cmake)
-- Found Python3: /usr/bin/python3 (found version "3.10.12") found components: Interpreter 
-- Found unitree_go: 0.0.0 (/home/zsj/code/unitree_ros2/cyclonedds_ws/install/unitree_go/share/unitree_go/cmake)
-- Found rosidl_generator_c: 3.1.5 (/opt/ros/humble/share/rosidl_generator_c/cmake)
-- Found rosidl_adapter: 3.1.5 (/opt/ros/humble/share/rosidl_adapter/cmake)
-- Found rosidl_generator_cpp: 3.1.5 (/opt/ros/humble/share/rosidl_generator_cpp/cmake)
-- Using all available rosidl_typesupport_c: rosidl_typesupport_fastrtps_c;rosidl_typesupport_introspection_c
-- Using all available rosidl_typesupport_cpp: rosidl_typesupport_fastrtps_cpp;rosidl_typesupport_introspection_cpp
-- Found unitree_api: 0.0.0 (/home/zsj/code/unitree_ros2/cyclonedds_ws/install/unitree_api/share/unitree_api/cmake)
-- Found rclcpp: 16.0.8 (/opt/ros/humble/share/rclcpp/cmake)
-- Found rmw_implementation_cmake: 6.1.1 (/opt/ros/humble/share/rmw_implementation_cmake/cmake)
-- Found rmw_cyclonedds_cpp: 1.3.4 (/home/zsj/code/unitree_ros2/cyclonedds_ws/install/rmw_cyclonedds_cpp/share/rmw_cyclonedds_cpp/cmake)
-- Using RMW implementation 'rmw_cyclonedds_cpp' as default
-- Looking for pthread.h
-- Looking for pthread.h - found
-- Performing Test CMAKE_HAVE_LIBC_PTHREAD
-- Performing Test CMAKE_HAVE_LIBC_PTHREAD - Success
-- Found Threads: TRUE  
-- Found rosbag2_cpp: 0.15.9 (/opt/ros/humble/share/rosbag2_cpp/cmake)
-- Found robot_state: 0.0.0 (/home/zsj/code/unitree_ws/install/robot_state/share/robot_state/cmake)
-- Found ament_lint_auto: 0.12.10 (/opt/ros/humble/share/ament_lint_auto/cmake)
-- Added test 'cppcheck' to perform static code analysis on C / C++ code
-- Configured cppcheck include dirs: /home/zsj/code/unitree_ws/src/create_dataset/include;/home/zsj/code/unitree_ws/src/create_dataset/include/common
-- Configured cppcheck exclude dirs and/or files: 
-- Added test 'lint_cmake' to check CMake code style
-- Added test 'uncrustify' to check C / C++ code style
-- Configured uncrustify additional arguments: 
-- Added test 'xmllint' to check XML markup files
-- Configuring done
-- Generating done
-- Build files have been written to: /home/zsj/code/unitree_ws/build/create_dataset
[ 57%] [32mBuilding CXX object CMakeFiles/control_speed.dir/src/common/ros2_sport_client.cpp.o[0m
[ 57%] [32mBuilding CXX object CMakeFiles/control_speed.dir/src/control_speed.cpp.o[0m
[ 57%] [32mBuilding CXX object CMakeFiles/read_data.dir/src/read_data.cpp.o[0m
[ 57%] [32mBuilding CXX object CMakeFiles/record_data.dir/src/record_data.cpp.o[0m
[ 71%] [32m[1mLinking CXX executable record_data[0m
[ 71%] Built target record_data
[ 85%] [32m[1mLinking CXX executable control_speed[0m
[ 85%] Built target control_speed
