[  3%] Built target robot_state__cpp
[ 12%] Built target robot_state__rosidl_generator_c
[ 12%] Built target ament_cmake_python_copy_robot_state
[ 35%] Built target robot_state__rosidl_typesupport_introspection_cpp
[ 35%] Built target robot_state__rosidl_typesupport_c
[ 41%] Built target robot_state__rosidl_typesupport_fastrtps_c
[ 51%] Built target robot_state__rosidl_typesupport_fastrtps_cpp
[ 61%] Built target robot_state__rosidl_typesupport_introspection_c
[ 70%] Built target robot_state__rosidl_typesupport_cpp
[ 70%] Built target robot_state
[ 74%] Built target robot_state__py
[ 80%] Built target robot_state__rosidl_generator_py
[100%] Built target robot_state__rosidl_typesupport_introspection_c__pyext
[100%] Built target robot_state__rosidl_typesupport_c__pyext
[100%] Built target robot_state__rosidl_typesupport_fastrtps_c__pyext
running egg_info
writing robot_state.egg-info/PKG-INFO
writing dependency_links to robot_state.egg-info/dependency_links.txt
writing top-level names to robot_state.egg-info/top_level.txt
reading manifest file 'robot_state.egg-info/SOURCES.txt'
writing manifest file 'robot_state.egg-info/SOURCES.txt'
[100%] Built target ament_cmake_python_build_robot_state_egg
-- Install configuration: ""
-- Up-to-date: /home/zsj/code/unitree_ws/install/robot_state/share/ament_index/resource_index/rosidl_interfaces/robot_state
-- Up-to-date: /home/zsj/code/unitree_ws/install/robot_state/include/robot_state/robot_state
-- Up-to-date: /home/zsj/code/unitree_ws/install/robot_state/include/robot_state/robot_state/msg
-- Up-to-date: /home/zsj/code/unitree_ws/install/robot_state/include/robot_state/robot_state/msg/robot_state.h
-- Up-to-date: /home/zsj/code/unitree_ws/install/robot_state/include/robot_state/robot_state/msg/rosidl_generator_c__visibility_control.h
-- Up-to-date: /home/zsj/code/unitree_ws/install/robot_state/include/robot_state/robot_state/msg/detail
-- Up-to-date: /home/zsj/code/unitree_ws/install/robot_state/include/robot_state/robot_state/msg/detail/robot_state__functions.h
-- Up-to-date: /home/zsj/code/unitree_ws/install/robot_state/include/robot_state/robot_state/msg/detail/robot_state__struct.h
-- Up-to-date: /home/zsj/code/unitree_ws/install/robot_state/include/robot_state/robot_state/msg/detail/robot_state__type_support.h
-- Up-to-date: /home/zsj/code/unitree_ws/install/robot_state/include/robot_state/robot_state/msg/detail/robot_state__functions.c
-- Up-to-date: /home/zsj/code/unitree_ws/install/robot_state/share/robot_state/environment/library_path.sh
-- Up-to-date: /home/zsj/code/unitree_ws/install/robot_state/share/robot_state/environment/library_path.dsv
-- Up-to-date: /home/zsj/code/unitree_ws/install/robot_state/lib/librobot_state__rosidl_generator_c.so
-- Up-to-date: /home/zsj/code/unitree_ws/install/robot_state/include/robot_state/robot_state
-- Up-to-date: /home/zsj/code/unitree_ws/install/robot_state/include/robot_state/robot_state/msg
-- Up-to-date: /home/zsj/code/unitree_ws/install/robot_state/include/robot_state/robot_state/msg/rosidl_typesupport_fastrtps_c__visibility_control.h
-- Up-to-date: /home/zsj/code/unitree_ws/install/robot_state/include/robot_state/robot_state/msg/detail
-- Up-to-date: /home/zsj/code/unitree_ws/install/robot_state/include/robot_state/robot_state/msg/detail/robot_state__rosidl_typesupport_fastrtps_c.h
-- Up-to-date: /home/zsj/code/unitree_ws/install/robot_state/lib/librobot_state__rosidl_typesupport_fastrtps_c.so
-- Up-to-date: /home/zsj/code/unitree_ws/install/robot_state/include/robot_state/robot_state
-- Up-to-date: /home/zsj/code/unitree_ws/install/robot_state/include/robot_state/robot_state/msg
-- Up-to-date: /home/zsj/code/unitree_ws/install/robot_state/include/robot_state/robot_state/msg/rosidl_typesupport_introspection_c__visibility_control.h
-- Up-to-date: /home/zsj/code/unitree_ws/install/robot_state/include/robot_state/robot_state/msg/detail
-- Up-to-date: /home/zsj/code/unitree_ws/install/robot_state/include/robot_state/robot_state/msg/detail/robot_state__rosidl_typesupport_introspection_c.h
-- Up-to-date: /home/zsj/code/unitree_ws/install/robot_state/include/robot_state/robot_state/msg/detail/robot_state__type_support.c
-- Up-to-date: /home/zsj/code/unitree_ws/install/robot_state/lib/librobot_state__rosidl_typesupport_introspection_c.so
-- Up-to-date: /home/zsj/code/unitree_ws/install/robot_state/lib/librobot_state__rosidl_typesupport_c.so
-- Up-to-date: /home/zsj/code/unitree_ws/install/robot_state/include/robot_state/robot_state
-- Up-to-date: /home/zsj/code/unitree_ws/install/robot_state/include/robot_state/robot_state/msg
-- Up-to-date: /home/zsj/code/unitree_ws/install/robot_state/include/robot_state/robot_state/msg/robot_state.hpp
-- Up-to-date: /home/zsj/code/unitree_ws/install/robot_state/include/robot_state/robot_state/msg/detail
-- Up-to-date: /home/zsj/code/unitree_ws/install/robot_state/include/robot_state/robot_state/msg/detail/robot_state__struct.hpp
-- Up-to-date: /home/zsj/code/unitree_ws/install/robot_state/include/robot_state/robot_state/msg/detail/robot_state__builder.hpp
-- Up-to-date: /home/zsj/code/unitree_ws/install/robot_state/include/robot_state/robot_state/msg/detail/robot_state__traits.hpp
-- Up-to-date: /home/zsj/code/unitree_ws/install/robot_state/include/robot_state/robot_state
-- Up-to-date: /home/zsj/code/unitree_ws/install/robot_state/include/robot_state/robot_state/msg
-- Up-to-date: /home/zsj/code/unitree_ws/install/robot_state/include/robot_state/robot_state/msg/rosidl_typesupport_fastrtps_cpp__visibility_control.h
-- Up-to-date: /home/zsj/code/unitree_ws/install/robot_state/include/robot_state/robot_state/msg/detail
-- Up-to-date: /home/zsj/code/unitree_ws/install/robot_state/include/robot_state/robot_state/msg/detail/robot_state__rosidl_typesupport_fastrtps_cpp.hpp
-- Up-to-date: /home/zsj/code/unitree_ws/install/robot_state/include/robot_state/robot_state/msg/detail/dds_fastrtps
-- Up-to-date: /home/zsj/code/unitree_ws/install/robot_state/lib/librobot_state__rosidl_typesupport_fastrtps_cpp.so
-- Up-to-date: /home/zsj/code/unitree_ws/install/robot_state/include/robot_state/robot_state
-- Up-to-date: /home/zsj/code/unitree_ws/install/robot_state/include/robot_state/robot_state/msg
-- Up-to-date: /home/zsj/code/unitree_ws/install/robot_state/include/robot_state/robot_state/msg/detail
-- Up-to-date: /home/zsj/code/unitree_ws/install/robot_state/include/robot_state/robot_state/msg/detail/robot_state__type_support.cpp
-- Up-to-date: /home/zsj/code/unitree_ws/install/robot_state/include/robot_state/robot_state/msg/detail/robot_state__rosidl_typesupport_introspection_cpp.hpp
-- Up-to-date: /home/zsj/code/unitree_ws/install/robot_state/lib/librobot_state__rosidl_typesupport_introspection_cpp.so
-- Up-to-date: /home/zsj/code/unitree_ws/install/robot_state/lib/librobot_state__rosidl_typesupport_cpp.so
-- Up-to-date: /home/zsj/code/unitree_ws/install/robot_state/share/robot_state/environment/pythonpath.sh
-- Up-to-date: /home/zsj/code/unitree_ws/install/robot_state/share/robot_state/environment/pythonpath.dsv
-- Up-to-date: /home/zsj/code/unitree_ws/install/robot_state/local/lib/python3.10/dist-packages/robot_state-0.0.0-py3.10.egg-info
-- Installing: /home/zsj/code/unitree_ws/install/robot_state/local/lib/python3.10/dist-packages/robot_state-0.0.0-py3.10.egg-info/PKG-INFO
-- Installing: /home/zsj/code/unitree_ws/install/robot_state/local/lib/python3.10/dist-packages/robot_state-0.0.0-py3.10.egg-info/dependency_links.txt
-- Installing: /home/zsj/code/unitree_ws/install/robot_state/local/lib/python3.10/dist-packages/robot_state-0.0.0-py3.10.egg-info/SOURCES.txt
-- Installing: /home/zsj/code/unitree_ws/install/robot_state/local/lib/python3.10/dist-packages/robot_state-0.0.0-py3.10.egg-info/top_level.txt
-- Up-to-date: /home/zsj/code/unitree_ws/install/robot_state/local/lib/python3.10/dist-packages/robot_state
-- Up-to-date: /home/zsj/code/unitree_ws/install/robot_state/local/lib/python3.10/dist-packages/robot_state/librobot_state__rosidl_generator_py.so
-- Up-to-date: /home/zsj/code/unitree_ws/install/robot_state/local/lib/python3.10/dist-packages/robot_state/robot_state_s__rosidl_typesupport_fastrtps_c.cpython-310-x86_64-linux-gnu.so
-- Up-to-date: /home/zsj/code/unitree_ws/install/robot_state/local/lib/python3.10/dist-packages/robot_state/_robot_state_s.ep.rosidl_typesupport_introspection_c.c
-- Up-to-date: /home/zsj/code/unitree_ws/install/robot_state/local/lib/python3.10/dist-packages/robot_state/robot_state_s__rosidl_typesupport_introspection_c.cpython-310-x86_64-linux-gnu.so
-- Up-to-date: /home/zsj/code/unitree_ws/install/robot_state/local/lib/python3.10/dist-packages/robot_state/robot_state_s__rosidl_typesupport_c.cpython-310-x86_64-linux-gnu.so
-- Up-to-date: /home/zsj/code/unitree_ws/install/robot_state/local/lib/python3.10/dist-packages/robot_state/_robot_state_s.ep.rosidl_typesupport_fastrtps_c.c
-- Up-to-date: /home/zsj/code/unitree_ws/install/robot_state/local/lib/python3.10/dist-packages/robot_state/__init__.py
-- Up-to-date: /home/zsj/code/unitree_ws/install/robot_state/local/lib/python3.10/dist-packages/robot_state/msg
-- Up-to-date: /home/zsj/code/unitree_ws/install/robot_state/local/lib/python3.10/dist-packages/robot_state/msg/_robot_state.py
-- Up-to-date: /home/zsj/code/unitree_ws/install/robot_state/local/lib/python3.10/dist-packages/robot_state/msg/_robot_state_s.c
-- Up-to-date: /home/zsj/code/unitree_ws/install/robot_state/local/lib/python3.10/dist-packages/robot_state/msg/__init__.py
-- Up-to-date: /home/zsj/code/unitree_ws/install/robot_state/local/lib/python3.10/dist-packages/robot_state/_robot_state_s.ep.rosidl_typesupport_c.c
Listing '/home/zsj/code/unitree_ws/install/robot_state/local/lib/python3.10/dist-packages/robot_state'...
Listing '/home/zsj/code/unitree_ws/install/robot_state/local/lib/python3.10/dist-packages/robot_state/msg'...
-- Up-to-date: /home/zsj/code/unitree_ws/install/robot_state/local/lib/python3.10/dist-packages/robot_state/robot_state_s__rosidl_typesupport_fastrtps_c.cpython-310-x86_64-linux-gnu.so
-- Up-to-date: /home/zsj/code/unitree_ws/install/robot_state/local/lib/python3.10/dist-packages/robot_state/robot_state_s__rosidl_typesupport_introspection_c.cpython-310-x86_64-linux-gnu.so
-- Up-to-date: /home/zsj/code/unitree_ws/install/robot_state/local/lib/python3.10/dist-packages/robot_state/robot_state_s__rosidl_typesupport_c.cpython-310-x86_64-linux-gnu.so
-- Up-to-date: /home/zsj/code/unitree_ws/install/robot_state/lib/librobot_state__rosidl_generator_py.so
-- Up-to-date: /home/zsj/code/unitree_ws/install/robot_state/share/robot_state/msg/RobotState.idl
-- Up-to-date: /home/zsj/code/unitree_ws/install/robot_state/share/robot_state/msg/RobotState.msg
-- Up-to-date: /home/zsj/code/unitree_ws/install/robot_state/share/ament_index/resource_index/package_run_dependencies/robot_state
-- Up-to-date: /home/zsj/code/unitree_ws/install/robot_state/share/ament_index/resource_index/parent_prefix_path/robot_state
-- Up-to-date: /home/zsj/code/unitree_ws/install/robot_state/share/robot_state/environment/ament_prefix_path.sh
-- Up-to-date: /home/zsj/code/unitree_ws/install/robot_state/share/robot_state/environment/ament_prefix_path.dsv
-- Up-to-date: /home/zsj/code/unitree_ws/install/robot_state/share/robot_state/environment/path.sh
-- Up-to-date: /home/zsj/code/unitree_ws/install/robot_state/share/robot_state/environment/path.dsv
-- Up-to-date: /home/zsj/code/unitree_ws/install/robot_state/share/robot_state/local_setup.bash
-- Up-to-date: /home/zsj/code/unitree_ws/install/robot_state/share/robot_state/local_setup.sh
-- Up-to-date: /home/zsj/code/unitree_ws/install/robot_state/share/robot_state/local_setup.zsh
-- Up-to-date: /home/zsj/code/unitree_ws/install/robot_state/share/robot_state/local_setup.dsv
-- Installing: /home/zsj/code/unitree_ws/install/robot_state/share/robot_state/package.dsv
-- Up-to-date: /home/zsj/code/unitree_ws/install/robot_state/share/ament_index/resource_index/packages/robot_state
-- Up-to-date: /home/zsj/code/unitree_ws/install/robot_state/share/robot_state/cmake/export_robot_state__rosidl_generator_cExport.cmake
-- Up-to-date: /home/zsj/code/unitree_ws/install/robot_state/share/robot_state/cmake/export_robot_state__rosidl_generator_cExport-noconfig.cmake
-- Up-to-date: /home/zsj/code/unitree_ws/install/robot_state/share/robot_state/cmake/export_robot_state__rosidl_typesupport_fastrtps_cExport.cmake
-- Up-to-date: /home/zsj/code/unitree_ws/install/robot_state/share/robot_state/cmake/export_robot_state__rosidl_typesupport_fastrtps_cExport-noconfig.cmake
-- Up-to-date: /home/zsj/code/unitree_ws/install/robot_state/share/robot_state/cmake/robot_state__rosidl_typesupport_introspection_cExport.cmake
-- Up-to-date: /home/zsj/code/unitree_ws/install/robot_state/share/robot_state/cmake/robot_state__rosidl_typesupport_introspection_cExport-noconfig.cmake
-- Up-to-date: /home/zsj/code/unitree_ws/install/robot_state/share/robot_state/cmake/robot_state__rosidl_typesupport_cExport.cmake
-- Up-to-date: /home/zsj/code/unitree_ws/install/robot_state/share/robot_state/cmake/robot_state__rosidl_typesupport_cExport-noconfig.cmake
-- Up-to-date: /home/zsj/code/unitree_ws/install/robot_state/share/robot_state/cmake/export_robot_state__rosidl_generator_cppExport.cmake
-- Up-to-date: /home/zsj/code/unitree_ws/install/robot_state/share/robot_state/cmake/export_robot_state__rosidl_typesupport_fastrtps_cppExport.cmake
-- Up-to-date: /home/zsj/code/unitree_ws/install/robot_state/share/robot_state/cmake/export_robot_state__rosidl_typesupport_fastrtps_cppExport-noconfig.cmake
-- Up-to-date: /home/zsj/code/unitree_ws/install/robot_state/share/robot_state/cmake/robot_state__rosidl_typesupport_introspection_cppExport.cmake
-- Up-to-date: /home/zsj/code/unitree_ws/install/robot_state/share/robot_state/cmake/robot_state__rosidl_typesupport_introspection_cppExport-noconfig.cmake
-- Up-to-date: /home/zsj/code/unitree_ws/install/robot_state/share/robot_state/cmake/robot_state__rosidl_typesupport_cppExport.cmake
-- Up-to-date: /home/zsj/code/unitree_ws/install/robot_state/share/robot_state/cmake/robot_state__rosidl_typesupport_cppExport-noconfig.cmake
-- Up-to-date: /home/zsj/code/unitree_ws/install/robot_state/share/robot_state/cmake/export_robot_state__rosidl_generator_pyExport.cmake
-- Up-to-date: /home/zsj/code/unitree_ws/install/robot_state/share/robot_state/cmake/export_robot_state__rosidl_generator_pyExport-noconfig.cmake
-- Up-to-date: /home/zsj/code/unitree_ws/install/robot_state/share/robot_state/cmake/rosidl_cmake-extras.cmake
-- Up-to-date: /home/zsj/code/unitree_ws/install/robot_state/share/robot_state/cmake/ament_cmake_export_include_directories-extras.cmake
-- Up-to-date: /home/zsj/code/unitree_ws/install/robot_state/share/robot_state/cmake/ament_cmake_export_libraries-extras.cmake
-- Up-to-date: /home/zsj/code/unitree_ws/install/robot_state/share/robot_state/cmake/ament_cmake_export_targets-extras.cmake
-- Up-to-date: /home/zsj/code/unitree_ws/install/robot_state/share/robot_state/cmake/rosidl_cmake_export_typesupport_targets-extras.cmake
-- Up-to-date: /home/zsj/code/unitree_ws/install/robot_state/share/robot_state/cmake/ament_cmake_export_dependencies-extras.cmake
-- Up-to-date: /home/zsj/code/unitree_ws/install/robot_state/share/robot_state/cmake/rosidl_cmake_export_typesupport_libraries-extras.cmake
-- Up-to-date: /home/zsj/code/unitree_ws/install/robot_state/share/robot_state/cmake/robot_stateConfig.cmake
-- Up-to-date: /home/zsj/code/unitree_ws/install/robot_state/share/robot_state/cmake/robot_stateConfig-version.cmake
-- Up-to-date: /home/zsj/code/unitree_ws/install/robot_state/share/robot_state/package.xml
