[0.086s] DEBUG:colcon:Command line arguments: ['/usr/bin/colcon', 'build']
[0.086s] DEBUG:colcon:Parsed command line arguments: Namespace(log_base=None, log_level=None, verb_name='build', build_base='build', install_base='install', merge_install=False, symlink_install=False, test_result_base=None, continue_on_error=False, executor='parallel', parallel_workers=12, event_handlers=None, ignore_user_meta=False, metas=['./colcon.meta'], base_paths=['.'], packages_ignore=None, packages_ignore_regex=None, paths=None, packages_up_to=None, packages_up_to_regex=None, packages_above=None, packages_above_and_dependencies=None, packages_above_depth=None, packages_select_by_dep=None, packages_skip_by_dep=None, packages_skip_up_to=None, packages_select_build_failed=False, packages_skip_build_finished=False, packages_select_test_failures=False, packages_skip_test_passed=False, packages_select=None, packages_skip=None, packages_select_regex=None, packages_skip_regex=None, packages_start=None, packages_end=None, allow_overriding=[], cmake_args=None, cmake_target=None, cmake_target_skip_unavailable=False, cmake_clean_cache=False, cmake_clean_first=False, cmake_force_configure=False, ament_cmake_args=None, catkin_cmake_args=None, catkin_skip_building_tests=False, verb_parser=<colcon_defaults.argument_parser.defaults.DefaultArgumentsDecorator object at 0x7e96477bf5e0>, verb_extension=<colcon_core.verb.build.BuildVerb object at 0x7e96477bf010>, main=<bound method BuildVerb.main of <colcon_core.verb.build.BuildVerb object at 0x7e96477bf010>>)
[0.225s] Level 1:colcon.colcon_core.package_discovery:discover_packages(colcon_meta) check parameters
[0.226s] Level 1:colcon.colcon_core.package_discovery:discover_packages(recursive) check parameters
[0.226s] Level 1:colcon.colcon_core.package_discovery:discover_packages(ignore) check parameters
[0.226s] Level 1:colcon.colcon_core.package_discovery:discover_packages(path) check parameters
[0.226s] Level 1:colcon.colcon_core.package_discovery:discover_packages(colcon_meta) discover
[0.226s] Level 1:colcon.colcon_core.package_discovery:discover_packages(recursive) discover
[0.226s] INFO:colcon.colcon_core.package_discovery:Crawling recursively for packages in '/home/zsj/code/unitree_ws'
[0.226s] Level 1:colcon.colcon_core.package_identification:_identify(.) by extensions ['ignore', 'ignore_ament_install']
[0.226s] Level 1:colcon.colcon_core.package_identification:_identify(.) by extension 'ignore'
[0.226s] Level 1:colcon.colcon_core.package_identification:_identify(.) by extension 'ignore_ament_install'
[0.226s] Level 1:colcon.colcon_core.package_identification:_identify(.) by extensions ['colcon_pkg']
[0.226s] Level 1:colcon.colcon_core.package_identification:_identify(.) by extension 'colcon_pkg'
[0.226s] Level 1:colcon.colcon_core.package_identification:_identify(.) by extensions ['colcon_meta']
[0.226s] Level 1:colcon.colcon_core.package_identification:_identify(.) by extension 'colcon_meta'
[0.226s] Level 1:colcon.colcon_core.package_identification:_identify(.) by extensions ['ros']
[0.226s] Level 1:colcon.colcon_core.package_identification:_identify(.) by extension 'ros'
[0.236s] Level 1:colcon.colcon_core.package_identification:_identify(.) by extensions ['cmake', 'python']
[0.236s] Level 1:colcon.colcon_core.package_identification:_identify(.) by extension 'cmake'
[0.236s] Level 1:colcon.colcon_core.package_identification:_identify(.) by extension 'python'
[0.236s] Level 1:colcon.colcon_core.package_identification:_identify(.) by extensions ['python_setup_py']
[0.236s] Level 1:colcon.colcon_core.package_identification:_identify(.) by extension 'python_setup_py'
[0.236s] Level 1:colcon.colcon_core.package_identification:_identify(build) by extensions ['ignore', 'ignore_ament_install']
[0.236s] Level 1:colcon.colcon_core.package_identification:_identify(build) by extension 'ignore'
[0.236s] Level 1:colcon.colcon_core.package_identification:_identify(build) ignored
[0.236s] Level 1:colcon.colcon_core.package_identification:_identify(install) by extensions ['ignore', 'ignore_ament_install']
[0.236s] Level 1:colcon.colcon_core.package_identification:_identify(install) by extension 'ignore'
[0.236s] Level 1:colcon.colcon_core.package_identification:_identify(install) ignored
[0.236s] Level 1:colcon.colcon_core.package_identification:_identify(log) by extensions ['ignore', 'ignore_ament_install']
[0.237s] Level 1:colcon.colcon_core.package_identification:_identify(log) by extension 'ignore'
[0.237s] Level 1:colcon.colcon_core.package_identification:_identify(log) ignored
[0.237s] Level 1:colcon.colcon_core.package_identification:_identify(src) by extensions ['ignore', 'ignore_ament_install']
[0.237s] Level 1:colcon.colcon_core.package_identification:_identify(src) by extension 'ignore'
[0.237s] Level 1:colcon.colcon_core.package_identification:_identify(src) by extension 'ignore_ament_install'
[0.237s] Level 1:colcon.colcon_core.package_identification:_identify(src) by extensions ['colcon_pkg']
[0.237s] Level 1:colcon.colcon_core.package_identification:_identify(src) by extension 'colcon_pkg'
[0.237s] Level 1:colcon.colcon_core.package_identification:_identify(src) by extensions ['colcon_meta']
[0.237s] Level 1:colcon.colcon_core.package_identification:_identify(src) by extension 'colcon_meta'
[0.237s] Level 1:colcon.colcon_core.package_identification:_identify(src) by extensions ['ros']
[0.237s] Level 1:colcon.colcon_core.package_identification:_identify(src) by extension 'ros'
[0.237s] Level 1:colcon.colcon_core.package_identification:_identify(src) by extensions ['cmake', 'python']
[0.237s] Level 1:colcon.colcon_core.package_identification:_identify(src) by extension 'cmake'
[0.237s] Level 1:colcon.colcon_core.package_identification:_identify(src) by extension 'python'
[0.237s] Level 1:colcon.colcon_core.package_identification:_identify(src) by extensions ['python_setup_py']
[0.237s] Level 1:colcon.colcon_core.package_identification:_identify(src) by extension 'python_setup_py'
[0.237s] Level 1:colcon.colcon_core.package_identification:_identify(src/create_dataset) by extensions ['ignore', 'ignore_ament_install']
[0.237s] Level 1:colcon.colcon_core.package_identification:_identify(src/create_dataset) by extension 'ignore'
[0.237s] Level 1:colcon.colcon_core.package_identification:_identify(src/create_dataset) by extension 'ignore_ament_install'
[0.237s] Level 1:colcon.colcon_core.package_identification:_identify(src/create_dataset) by extensions ['colcon_pkg']
[0.237s] Level 1:colcon.colcon_core.package_identification:_identify(src/create_dataset) by extension 'colcon_pkg'
[0.237s] Level 1:colcon.colcon_core.package_identification:_identify(src/create_dataset) by extensions ['colcon_meta']
[0.238s] Level 1:colcon.colcon_core.package_identification:_identify(src/create_dataset) by extension 'colcon_meta'
[0.238s] Level 1:colcon.colcon_core.package_identification:_identify(src/create_dataset) by extensions ['ros']
[0.238s] Level 1:colcon.colcon_core.package_identification:_identify(src/create_dataset) by extension 'ros'
[0.240s] DEBUG:colcon.colcon_core.package_identification:Package 'src/create_dataset' with type 'ros.ament_cmake' and name 'create_dataset'
[0.240s] Level 1:colcon.colcon_core.package_identification:_identify(src/robot_state) by extensions ['ignore', 'ignore_ament_install']
[0.240s] Level 1:colcon.colcon_core.package_identification:_identify(src/robot_state) by extension 'ignore'
[0.240s] Level 1:colcon.colcon_core.package_identification:_identify(src/robot_state) by extension 'ignore_ament_install'
[0.240s] Level 1:colcon.colcon_core.package_identification:_identify(src/robot_state) by extensions ['colcon_pkg']
[0.240s] Level 1:colcon.colcon_core.package_identification:_identify(src/robot_state) by extension 'colcon_pkg'
[0.240s] Level 1:colcon.colcon_core.package_identification:_identify(src/robot_state) by extensions ['colcon_meta']
[0.240s] Level 1:colcon.colcon_core.package_identification:_identify(src/robot_state) by extension 'colcon_meta'
[0.240s] Level 1:colcon.colcon_core.package_identification:_identify(src/robot_state) by extensions ['ros']
[0.240s] Level 1:colcon.colcon_core.package_identification:_identify(src/robot_state) by extension 'ros'
[0.241s] DEBUG:colcon.colcon_core.package_identification:Package 'src/robot_state' with type 'ros.ament_cmake' and name 'robot_state'
[0.241s] Level 1:colcon.colcon_core.package_discovery:discover_packages(recursive) using defaults
[0.241s] Level 1:colcon.colcon_core.package_discovery:discover_packages(ignore) discover
[0.241s] Level 1:colcon.colcon_core.package_discovery:discover_packages(ignore) using defaults
[0.241s] Level 1:colcon.colcon_core.package_discovery:discover_packages(path) discover
[0.241s] Level 1:colcon.colcon_core.package_discovery:discover_packages(path) using defaults
[0.257s] Level 1:colcon.colcon_core.package_discovery:discover_packages(prefix_path) check parameters
[0.257s] Level 1:colcon.colcon_core.package_discovery:discover_packages(prefix_path) discover
[0.258s] WARNING:colcon.colcon_ros.prefix_path.ament:The path '/home/zsj/code/unitree_ws/install/read_bag' in the environment variable AMENT_PREFIX_PATH doesn't exist
[0.259s] DEBUG:colcon.colcon_installed_package_information.package_discovery:Found 2 installed packages in /home/zsj/code/unitree_ws/install
[0.259s] DEBUG:colcon.colcon_installed_package_information.package_discovery:Found 4 installed packages in /home/zsj/code/unitree_ros2/cyclonedds_ws/install
[0.260s] DEBUG:colcon.colcon_installed_package_information.package_discovery:Found 272 installed packages in /opt/ros/humble
[0.262s] Level 1:colcon.colcon_core.package_discovery:discover_packages(prefix_path) using defaults
[0.301s] Level 5:colcon.colcon_core.verb:set package 'robot_state' build argument 'cmake_args' from command line to 'None'
[0.301s] Level 5:colcon.colcon_core.verb:set package 'robot_state' build argument 'cmake_target' from command line to 'None'
[0.302s] Level 5:colcon.colcon_core.verb:set package 'robot_state' build argument 'cmake_target_skip_unavailable' from command line to 'False'
[0.302s] Level 5:colcon.colcon_core.verb:set package 'robot_state' build argument 'cmake_clean_cache' from command line to 'False'
[0.302s] Level 5:colcon.colcon_core.verb:set package 'robot_state' build argument 'cmake_clean_first' from command line to 'False'
[0.302s] Level 5:colcon.colcon_core.verb:set package 'robot_state' build argument 'cmake_force_configure' from command line to 'False'
[0.302s] Level 5:colcon.colcon_core.verb:set package 'robot_state' build argument 'ament_cmake_args' from command line to 'None'
[0.302s] Level 5:colcon.colcon_core.verb:set package 'robot_state' build argument 'catkin_cmake_args' from command line to 'None'
[0.302s] Level 5:colcon.colcon_core.verb:set package 'robot_state' build argument 'catkin_skip_building_tests' from command line to 'False'
[0.302s] DEBUG:colcon.colcon_core.verb:Building package 'robot_state' with the following arguments: {'ament_cmake_args': None, 'build_base': '/home/zsj/code/unitree_ws/build/robot_state', 'catkin_cmake_args': None, 'catkin_skip_building_tests': False, 'cmake_args': None, 'cmake_clean_cache': False, 'cmake_clean_first': False, 'cmake_force_configure': False, 'cmake_target': None, 'cmake_target_skip_unavailable': False, 'install_base': '/home/zsj/code/unitree_ws/install/robot_state', 'merge_install': False, 'path': '/home/zsj/code/unitree_ws/src/robot_state', 'symlink_install': False, 'test_result_base': None}
[0.302s] Level 5:colcon.colcon_core.verb:set package 'create_dataset' build argument 'cmake_args' from command line to 'None'
[0.302s] Level 5:colcon.colcon_core.verb:set package 'create_dataset' build argument 'cmake_target' from command line to 'None'
[0.302s] Level 5:colcon.colcon_core.verb:set package 'create_dataset' build argument 'cmake_target_skip_unavailable' from command line to 'False'
[0.302s] Level 5:colcon.colcon_core.verb:set package 'create_dataset' build argument 'cmake_clean_cache' from command line to 'False'
[0.302s] Level 5:colcon.colcon_core.verb:set package 'create_dataset' build argument 'cmake_clean_first' from command line to 'False'
[0.302s] Level 5:colcon.colcon_core.verb:set package 'create_dataset' build argument 'cmake_force_configure' from command line to 'False'
[0.302s] Level 5:colcon.colcon_core.verb:set package 'create_dataset' build argument 'ament_cmake_args' from command line to 'None'
[0.302s] Level 5:colcon.colcon_core.verb:set package 'create_dataset' build argument 'catkin_cmake_args' from command line to 'None'
[0.302s] Level 5:colcon.colcon_core.verb:set package 'create_dataset' build argument 'catkin_skip_building_tests' from command line to 'False'
[0.302s] DEBUG:colcon.colcon_core.verb:Building package 'create_dataset' with the following arguments: {'ament_cmake_args': None, 'build_base': '/home/zsj/code/unitree_ws/build/create_dataset', 'catkin_cmake_args': None, 'catkin_skip_building_tests': False, 'cmake_args': None, 'cmake_clean_cache': False, 'cmake_clean_first': False, 'cmake_force_configure': False, 'cmake_target': None, 'cmake_target_skip_unavailable': False, 'install_base': '/home/zsj/code/unitree_ws/install/create_dataset', 'merge_install': False, 'path': '/home/zsj/code/unitree_ws/src/create_dataset', 'symlink_install': False, 'test_result_base': None}
[0.302s] INFO:colcon.colcon_core.executor:Executing jobs using 'parallel' executor
[0.303s] DEBUG:colcon.colcon_parallel_executor.executor.parallel:run_until_complete
[0.303s] INFO:colcon.colcon_ros.task.ament_cmake.build:Building ROS package in '/home/zsj/code/unitree_ws/src/robot_state' with build type 'ament_cmake'
[0.304s] INFO:colcon.colcon_cmake.task.cmake.build:Building CMake package in '/home/zsj/code/unitree_ws/src/robot_state'
[0.305s] INFO:colcon.colcon_core.plugin_system:Skipping extension 'colcon_core.shell.bat': Not used on non-Windows systems
[0.305s] INFO:colcon.colcon_core.shell:Skip shell extension 'powershell' for command environment: Not usable outside of PowerShell
[0.305s] DEBUG:colcon.colcon_core.shell:Skip shell extension 'dsv' for command environment
[0.314s] DEBUG:colcon.colcon_core.event_handler.log_command:Invoking command in '/home/zsj/code/unitree_ws/build/robot_state': CMAKE_PREFIX_PATH=${CMAKE_PREFIX_PATH}:/home/zsj/code/unitree_ws/install/read_bag:/opt/ros/humble /usr/bin/cmake --build /home/zsj/code/unitree_ws/build/robot_state -- -j12 -l12
[0.636s] DEBUG:colcon.colcon_core.event_handler.log_command:Invoked command in '/home/zsj/code/unitree_ws/build/robot_state' returned '0': CMAKE_PREFIX_PATH=${CMAKE_PREFIX_PATH}:/home/zsj/code/unitree_ws/install/read_bag:/opt/ros/humble /usr/bin/cmake --build /home/zsj/code/unitree_ws/build/robot_state -- -j12 -l12
[0.710s] DEBUG:colcon.colcon_core.event_handler.log_command:Invoking command in '/home/zsj/code/unitree_ws/build/robot_state': CMAKE_PREFIX_PATH=${CMAKE_PREFIX_PATH}:/home/zsj/code/unitree_ws/install/read_bag:/opt/ros/humble /usr/bin/cmake --install /home/zsj/code/unitree_ws/build/robot_state
[0.760s] Level 1:colcon.colcon_core.environment:create_environment_scripts_only(robot_state)
[0.761s] DEBUG:colcon.colcon_core.event_handler.log_command:Invoked command in '/home/zsj/code/unitree_ws/build/robot_state' returned '0': CMAKE_PREFIX_PATH=${CMAKE_PREFIX_PATH}:/home/zsj/code/unitree_ws/install/read_bag:/opt/ros/humble /usr/bin/cmake --install /home/zsj/code/unitree_ws/build/robot_state
[0.763s] Level 1:colcon.colcon_core.environment:checking '/home/zsj/code/unitree_ws/install/robot_state' for CMake module files
[0.763s] Level 1:colcon.colcon_core.environment:checking '/home/zsj/code/unitree_ws/install/robot_state' for CMake config files
[0.764s] Level 1:colcon.colcon_core.shell:create_environment_hook('robot_state', 'cmake_prefix_path')
[0.764s] INFO:colcon.colcon_core.shell:Creating environment hook '/home/zsj/code/unitree_ws/install/robot_state/share/robot_state/hook/cmake_prefix_path.ps1'
[0.764s] INFO:colcon.colcon_core.shell:Creating environment descriptor '/home/zsj/code/unitree_ws/install/robot_state/share/robot_state/hook/cmake_prefix_path.dsv'
[0.765s] INFO:colcon.colcon_core.shell:Creating environment hook '/home/zsj/code/unitree_ws/install/robot_state/share/robot_state/hook/cmake_prefix_path.sh'
[0.765s] Level 1:colcon.colcon_core.environment:checking '/home/zsj/code/unitree_ws/install/robot_state/lib'
[0.765s] Level 1:colcon.colcon_core.shell:create_environment_hook('robot_state', 'ld_library_path_lib')
[0.766s] INFO:colcon.colcon_core.shell:Creating environment hook '/home/zsj/code/unitree_ws/install/robot_state/share/robot_state/hook/ld_library_path_lib.ps1'
[0.766s] INFO:colcon.colcon_core.shell:Creating environment descriptor '/home/zsj/code/unitree_ws/install/robot_state/share/robot_state/hook/ld_library_path_lib.dsv'
[0.766s] INFO:colcon.colcon_core.shell:Creating environment hook '/home/zsj/code/unitree_ws/install/robot_state/share/robot_state/hook/ld_library_path_lib.sh'
[0.766s] Level 1:colcon.colcon_core.environment:checking '/home/zsj/code/unitree_ws/install/robot_state/bin'
[0.766s] Level 1:colcon.colcon_core.environment:checking '/home/zsj/code/unitree_ws/install/robot_state/lib/pkgconfig/robot_state.pc'
[0.767s] Level 1:colcon.colcon_core.environment:checking '/home/zsj/code/unitree_ws/install/robot_state/lib/python3.10/site-packages'
[0.767s] Level 1:colcon.colcon_core.environment:checking '/home/zsj/code/unitree_ws/install/robot_state/bin'
[0.767s] INFO:colcon.colcon_core.shell:Creating package script '/home/zsj/code/unitree_ws/install/robot_state/share/robot_state/package.ps1'
[0.768s] INFO:colcon.colcon_core.shell:Creating package descriptor '/home/zsj/code/unitree_ws/install/robot_state/share/robot_state/package.dsv'
[0.768s] INFO:colcon.colcon_core.shell:Creating package script '/home/zsj/code/unitree_ws/install/robot_state/share/robot_state/package.sh'
[0.769s] INFO:colcon.colcon_core.shell:Creating package script '/home/zsj/code/unitree_ws/install/robot_state/share/robot_state/package.bash'
[0.769s] INFO:colcon.colcon_core.shell:Creating package script '/home/zsj/code/unitree_ws/install/robot_state/share/robot_state/package.zsh'
[0.770s] Level 1:colcon.colcon_core.environment:create_file_with_runtime_dependencies(/home/zsj/code/unitree_ws/install/robot_state/share/colcon-core/packages/robot_state)
[0.836s] Level 1:colcon.colcon_core.environment:create_environment_scripts_only(robot_state)
[0.836s] Level 1:colcon.colcon_core.environment:checking '/home/zsj/code/unitree_ws/install/robot_state' for CMake module files
[0.837s] Level 1:colcon.colcon_core.environment:checking '/home/zsj/code/unitree_ws/install/robot_state' for CMake config files
[0.837s] Level 1:colcon.colcon_core.shell:create_environment_hook('robot_state', 'cmake_prefix_path')
[0.837s] INFO:colcon.colcon_core.shell:Creating environment hook '/home/zsj/code/unitree_ws/install/robot_state/share/robot_state/hook/cmake_prefix_path.ps1'
[0.837s] INFO:colcon.colcon_core.shell:Creating environment descriptor '/home/zsj/code/unitree_ws/install/robot_state/share/robot_state/hook/cmake_prefix_path.dsv'
[0.838s] INFO:colcon.colcon_core.shell:Creating environment hook '/home/zsj/code/unitree_ws/install/robot_state/share/robot_state/hook/cmake_prefix_path.sh'
[0.838s] Level 1:colcon.colcon_core.environment:checking '/home/zsj/code/unitree_ws/install/robot_state/lib'
[0.838s] Level 1:colcon.colcon_core.shell:create_environment_hook('robot_state', 'ld_library_path_lib')
[0.838s] INFO:colcon.colcon_core.shell:Creating environment hook '/home/zsj/code/unitree_ws/install/robot_state/share/robot_state/hook/ld_library_path_lib.ps1'
[0.838s] INFO:colcon.colcon_core.shell:Creating environment descriptor '/home/zsj/code/unitree_ws/install/robot_state/share/robot_state/hook/ld_library_path_lib.dsv'
[0.839s] INFO:colcon.colcon_core.shell:Creating environment hook '/home/zsj/code/unitree_ws/install/robot_state/share/robot_state/hook/ld_library_path_lib.sh'
[0.839s] Level 1:colcon.colcon_core.environment:checking '/home/zsj/code/unitree_ws/install/robot_state/bin'
[0.839s] Level 1:colcon.colcon_core.environment:checking '/home/zsj/code/unitree_ws/install/robot_state/lib/pkgconfig/robot_state.pc'
[0.839s] Level 1:colcon.colcon_core.environment:checking '/home/zsj/code/unitree_ws/install/robot_state/lib/python3.10/site-packages'
[0.840s] Level 1:colcon.colcon_core.environment:checking '/home/zsj/code/unitree_ws/install/robot_state/bin'
[0.840s] INFO:colcon.colcon_core.shell:Creating package script '/home/zsj/code/unitree_ws/install/robot_state/share/robot_state/package.ps1'
[0.840s] INFO:colcon.colcon_core.shell:Creating package descriptor '/home/zsj/code/unitree_ws/install/robot_state/share/robot_state/package.dsv'
[0.841s] INFO:colcon.colcon_core.shell:Creating package script '/home/zsj/code/unitree_ws/install/robot_state/share/robot_state/package.sh'
[0.841s] INFO:colcon.colcon_core.shell:Creating package script '/home/zsj/code/unitree_ws/install/robot_state/share/robot_state/package.bash'
[0.841s] INFO:colcon.colcon_core.shell:Creating package script '/home/zsj/code/unitree_ws/install/robot_state/share/robot_state/package.zsh'
[0.842s] Level 1:colcon.colcon_core.environment:create_file_with_runtime_dependencies(/home/zsj/code/unitree_ws/install/robot_state/share/colcon-core/packages/robot_state)
[0.842s] INFO:colcon.colcon_ros.task.ament_cmake.build:Building ROS package in '/home/zsj/code/unitree_ws/src/create_dataset' with build type 'ament_cmake'
[0.842s] INFO:colcon.colcon_cmake.task.cmake.build:Building CMake package in '/home/zsj/code/unitree_ws/src/create_dataset'
[0.842s] INFO:colcon.colcon_core.shell:Skip shell extension 'powershell' for command environment: Not usable outside of PowerShell
[0.842s] DEBUG:colcon.colcon_core.shell:Skip shell extension 'dsv' for command environment
[0.852s] DEBUG:colcon.colcon_core.event_handler.log_command:Invoking command in '/home/zsj/code/unitree_ws/build/create_dataset': CMAKE_PREFIX_PATH=${CMAKE_PREFIX_PATH}:/home/zsj/code/unitree_ws/install/read_bag:/opt/ros/humble /usr/bin/cmake --build /home/zsj/code/unitree_ws/build/create_dataset -- -j12 -l12
[9.245s] DEBUG:colcon.colcon_core.event_handler.log_command:Invoked command in '/home/zsj/code/unitree_ws/build/create_dataset' returned '0': CMAKE_PREFIX_PATH=${CMAKE_PREFIX_PATH}:/home/zsj/code/unitree_ws/install/read_bag:/opt/ros/humble /usr/bin/cmake --build /home/zsj/code/unitree_ws/build/create_dataset -- -j12 -l12
[9.280s] DEBUG:colcon.colcon_core.event_handler.log_command:Invoking command in '/home/zsj/code/unitree_ws/build/create_dataset': CMAKE_PREFIX_PATH=${CMAKE_PREFIX_PATH}:/home/zsj/code/unitree_ws/install/read_bag:/opt/ros/humble /usr/bin/cmake --install /home/zsj/code/unitree_ws/build/create_dataset
[9.293s] Level 1:colcon.colcon_core.environment:create_environment_scripts_only(create_dataset)
[9.293s] Level 1:colcon.colcon_core.environment:checking '/home/zsj/code/unitree_ws/install/create_dataset' for CMake module files
[9.294s] DEBUG:colcon.colcon_core.event_handler.log_command:Invoked command in '/home/zsj/code/unitree_ws/build/create_dataset' returned '0': CMAKE_PREFIX_PATH=${CMAKE_PREFIX_PATH}:/home/zsj/code/unitree_ws/install/read_bag:/opt/ros/humble /usr/bin/cmake --install /home/zsj/code/unitree_ws/build/create_dataset
[9.294s] Level 1:colcon.colcon_core.environment:checking '/home/zsj/code/unitree_ws/install/create_dataset' for CMake config files
[9.295s] Level 1:colcon.colcon_core.shell:create_environment_hook('create_dataset', 'cmake_prefix_path')
[9.295s] INFO:colcon.colcon_core.shell:Creating environment hook '/home/zsj/code/unitree_ws/install/create_dataset/share/create_dataset/hook/cmake_prefix_path.ps1'
[9.295s] INFO:colcon.colcon_core.shell:Creating environment descriptor '/home/zsj/code/unitree_ws/install/create_dataset/share/create_dataset/hook/cmake_prefix_path.dsv'
[9.296s] INFO:colcon.colcon_core.shell:Creating environment hook '/home/zsj/code/unitree_ws/install/create_dataset/share/create_dataset/hook/cmake_prefix_path.sh'
[9.296s] Level 1:colcon.colcon_core.environment:checking '/home/zsj/code/unitree_ws/install/create_dataset/lib'
[9.296s] Level 1:colcon.colcon_core.environment:checking '/home/zsj/code/unitree_ws/install/create_dataset/bin'
[9.296s] Level 1:colcon.colcon_core.environment:checking '/home/zsj/code/unitree_ws/install/create_dataset/lib/pkgconfig/create_dataset.pc'
[9.297s] Level 1:colcon.colcon_core.environment:checking '/home/zsj/code/unitree_ws/install/create_dataset/lib/python3.10/site-packages'
[9.297s] Level 1:colcon.colcon_core.environment:checking '/home/zsj/code/unitree_ws/install/create_dataset/bin'
[9.297s] INFO:colcon.colcon_core.shell:Creating package script '/home/zsj/code/unitree_ws/install/create_dataset/share/create_dataset/package.ps1'
[9.297s] INFO:colcon.colcon_core.shell:Creating package descriptor '/home/zsj/code/unitree_ws/install/create_dataset/share/create_dataset/package.dsv'
[9.298s] INFO:colcon.colcon_core.shell:Creating package script '/home/zsj/code/unitree_ws/install/create_dataset/share/create_dataset/package.sh'
[9.298s] INFO:colcon.colcon_core.shell:Creating package script '/home/zsj/code/unitree_ws/install/create_dataset/share/create_dataset/package.bash'
[9.298s] INFO:colcon.colcon_core.shell:Creating package script '/home/zsj/code/unitree_ws/install/create_dataset/share/create_dataset/package.zsh'
[9.299s] Level 1:colcon.colcon_core.environment:create_file_with_runtime_dependencies(/home/zsj/code/unitree_ws/install/create_dataset/share/colcon-core/packages/create_dataset)
[9.338s] Level 1:colcon.colcon_core.environment:create_environment_scripts_only(create_dataset)
[9.339s] Level 1:colcon.colcon_core.environment:checking '/home/zsj/code/unitree_ws/install/create_dataset' for CMake module files
[9.339s] Level 1:colcon.colcon_core.environment:checking '/home/zsj/code/unitree_ws/install/create_dataset' for CMake config files
[9.340s] Level 1:colcon.colcon_core.shell:create_environment_hook('create_dataset', 'cmake_prefix_path')
[9.340s] INFO:colcon.colcon_core.shell:Creating environment hook '/home/zsj/code/unitree_ws/install/create_dataset/share/create_dataset/hook/cmake_prefix_path.ps1'
[9.341s] INFO:colcon.colcon_core.shell:Creating environment descriptor '/home/zsj/code/unitree_ws/install/create_dataset/share/create_dataset/hook/cmake_prefix_path.dsv'
[9.341s] INFO:colcon.colcon_core.shell:Creating environment hook '/home/zsj/code/unitree_ws/install/create_dataset/share/create_dataset/hook/cmake_prefix_path.sh'
[9.342s] Level 1:colcon.colcon_core.environment:checking '/home/zsj/code/unitree_ws/install/create_dataset/lib'
[9.342s] Level 1:colcon.colcon_core.environment:checking '/home/zsj/code/unitree_ws/install/create_dataset/bin'
[9.342s] Level 1:colcon.colcon_core.environment:checking '/home/zsj/code/unitree_ws/install/create_dataset/lib/pkgconfig/create_dataset.pc'
[9.342s] Level 1:colcon.colcon_core.environment:checking '/home/zsj/code/unitree_ws/install/create_dataset/lib/python3.10/site-packages'
[9.343s] Level 1:colcon.colcon_core.environment:checking '/home/zsj/code/unitree_ws/install/create_dataset/bin'
[9.343s] INFO:colcon.colcon_core.shell:Creating package script '/home/zsj/code/unitree_ws/install/create_dataset/share/create_dataset/package.ps1'
[9.344s] INFO:colcon.colcon_core.shell:Creating package descriptor '/home/zsj/code/unitree_ws/install/create_dataset/share/create_dataset/package.dsv'
[9.344s] INFO:colcon.colcon_core.shell:Creating package script '/home/zsj/code/unitree_ws/install/create_dataset/share/create_dataset/package.sh'
[9.345s] INFO:colcon.colcon_core.shell:Creating package script '/home/zsj/code/unitree_ws/install/create_dataset/share/create_dataset/package.bash'
[9.346s] INFO:colcon.colcon_core.shell:Creating package script '/home/zsj/code/unitree_ws/install/create_dataset/share/create_dataset/package.zsh'
[9.346s] Level 1:colcon.colcon_core.environment:create_file_with_runtime_dependencies(/home/zsj/code/unitree_ws/install/create_dataset/share/colcon-core/packages/create_dataset)
[9.346s] DEBUG:colcon.colcon_parallel_executor.executor.parallel:closing loop
[9.347s] DEBUG:colcon.colcon_parallel_executor.executor.parallel:loop closed
[9.347s] DEBUG:colcon.colcon_parallel_executor.executor.parallel:run_until_complete finished with '0'
[9.347s] DEBUG:colcon.colcon_core.event_reactor:joining thread
[9.355s] INFO:colcon.colcon_core.plugin_system:Skipping extension 'colcon_notification.desktop_notification.terminal_notifier': Not used on non-Darwin systems
[9.355s] INFO:colcon.colcon_core.plugin_system:Skipping extension 'colcon_notification.desktop_notification.win32': Not used on non-Windows systems
[9.355s] INFO:colcon.colcon_notification.desktop_notification:Sending desktop notification using 'notify2'
[9.375s] DEBUG:colcon.colcon_core.event_reactor:joined thread
[9.375s] INFO:colcon.colcon_core.shell:Creating prefix script '/home/zsj/code/unitree_ws/install/local_setup.ps1'
[9.377s] INFO:colcon.colcon_core.shell:Creating prefix util module '/home/zsj/code/unitree_ws/install/_local_setup_util_ps1.py'
[9.379s] INFO:colcon.colcon_core.shell:Creating prefix chain script '/home/zsj/code/unitree_ws/install/setup.ps1'
[9.381s] INFO:colcon.colcon_core.shell:Creating prefix script '/home/zsj/code/unitree_ws/install/local_setup.sh'
[9.381s] INFO:colcon.colcon_core.shell:Creating prefix util module '/home/zsj/code/unitree_ws/install/_local_setup_util_sh.py'
[9.382s] INFO:colcon.colcon_core.shell:Creating prefix chain script '/home/zsj/code/unitree_ws/install/setup.sh'
[9.384s] INFO:colcon.colcon_core.shell:Creating prefix script '/home/zsj/code/unitree_ws/install/local_setup.bash'
[9.384s] INFO:colcon.colcon_core.shell:Creating prefix chain script '/home/zsj/code/unitree_ws/install/setup.bash'
[9.386s] INFO:colcon.colcon_core.shell:Creating prefix script '/home/zsj/code/unitree_ws/install/local_setup.zsh'
[9.387s] INFO:colcon.colcon_core.shell:Creating prefix chain script '/home/zsj/code/unitree_ws/install/setup.zsh'
