[0.019s] Invoking command in '/home/zsj/code/unitree_ws/build/create_dataset': CMAKE_PREFIX_PATH=${CMAKE_PREFIX_PATH}:/home/zsj/code/unitree_ws/install/read_bag:/opt/ros/humble /usr/bin/cmake --build /home/zsj/code/unitree_ws/build/create_dataset -- -j12 -l12
[0.079s] [35m[1mConsolidate compiler generated dependencies of target read_data[0m
[0.096s] [ 42%] Built target control_speed
[0.096s] [ 71%] Built target record_data
[0.103s] [ 85%] [32mBuilding CXX object CMakeFiles/read_data.dir/src/read_data.cpp.o[0m
[2.606s] [01m[K/home/zsj/code/unitree_ws/src/create_dataset/src/read_data.cpp:[m[K In member function ‘[01m[Kvoid PlaybackNode::timer_callback()[m[K’:
[2.606s] [01m[K/home/zsj/code/unitree_ws/src/create_dataset/src/read_data.cpp:47:13:[m[K [01;35m[Kwarning: [m[Kunused variable ‘[01m[Ki[m[K’ [[01;35m[K]8;;https://gcc.gnu.org/onlinedocs/gcc/Warning-Options.html#index-Wunused-variable-Wunused-variable]8;;[m[K]
[2.606s]    47 |         int [01;35m[Ki[m[K=0;
[2.606s]       |             [01;35m[K^[m[K
[4.928s] [100%] [32m[1mLinking CXX executable read_data[0m
[5.109s] [100%] Built target read_data
[5.120s] Invoked command in '/home/zsj/code/unitree_ws/build/create_dataset' returned '0': CMAKE_PREFIX_PATH=${CMAKE_PREFIX_PATH}:/home/zsj/code/unitree_ws/install/read_bag:/opt/ros/humble /usr/bin/cmake --build /home/zsj/code/unitree_ws/build/create_dataset -- -j12 -l12
[5.154s] Invoking command in '/home/zsj/code/unitree_ws/build/create_dataset': CMAKE_PREFIX_PATH=${CMAKE_PREFIX_PATH}:/home/zsj/code/unitree_ws/install/read_bag:/opt/ros/humble /usr/bin/cmake --install /home/zsj/code/unitree_ws/build/create_dataset
[5.161s] -- Install configuration: ""
[5.161s] -- Up-to-date: /home/zsj/code/unitree_ws/install/create_dataset/lib/create_dataset/record_data
[5.162s] -- Up-to-date: /home/zsj/code/unitree_ws/install/create_dataset/lib/create_dataset/control_speed
[5.162s] -- Installing: /home/zsj/code/unitree_ws/install/create_dataset/lib/create_dataset/read_data
[5.164s] -- Set runtime path of "/home/zsj/code/unitree_ws/install/create_dataset/lib/create_dataset/read_data" to ""
[5.164s] -- Up-to-date: /home/zsj/code/unitree_ws/install/create_dataset/share/ament_index/resource_index/package_run_dependencies/create_dataset
[5.164s] -- Up-to-date: /home/zsj/code/unitree_ws/install/create_dataset/share/ament_index/resource_index/parent_prefix_path/create_dataset
[5.164s] -- Up-to-date: /home/zsj/code/unitree_ws/install/create_dataset/share/create_dataset/environment/ament_prefix_path.sh
[5.164s] -- Up-to-date: /home/zsj/code/unitree_ws/install/create_dataset/share/create_dataset/environment/ament_prefix_path.dsv
[5.164s] -- Up-to-date: /home/zsj/code/unitree_ws/install/create_dataset/share/create_dataset/environment/path.sh
[5.164s] -- Up-to-date: /home/zsj/code/unitree_ws/install/create_dataset/share/create_dataset/environment/path.dsv
[5.165s] -- Up-to-date: /home/zsj/code/unitree_ws/install/create_dataset/share/create_dataset/local_setup.bash
[5.165s] -- Up-to-date: /home/zsj/code/unitree_ws/install/create_dataset/share/create_dataset/local_setup.sh
[5.165s] -- Up-to-date: /home/zsj/code/unitree_ws/install/create_dataset/share/create_dataset/local_setup.zsh
[5.165s] -- Up-to-date: /home/zsj/code/unitree_ws/install/create_dataset/share/create_dataset/local_setup.dsv
[5.165s] -- Installing: /home/zsj/code/unitree_ws/install/create_dataset/share/create_dataset/package.dsv
[5.165s] -- Up-to-date: /home/zsj/code/unitree_ws/install/create_dataset/share/ament_index/resource_index/packages/create_dataset
[5.165s] -- Up-to-date: /home/zsj/code/unitree_ws/install/create_dataset/share/create_dataset/cmake/create_datasetConfig.cmake
[5.165s] -- Up-to-date: /home/zsj/code/unitree_ws/install/create_dataset/share/create_dataset/cmake/create_datasetConfig-version.cmake
[5.165s] -- Up-to-date: /home/zsj/code/unitree_ws/install/create_dataset/share/create_dataset/package.xml
[5.166s] Invoked command in '/home/zsj/code/unitree_ws/build/create_dataset' returned '0': CMAKE_PREFIX_PATH=${CMAKE_PREFIX_PATH}:/home/zsj/code/unitree_ws/install/read_bag:/opt/ros/humble /usr/bin/cmake --install /home/zsj/code/unitree_ws/build/create_dataset
