[0.113s] DEBUG:colcon:Command line arguments: ['/usr/bin/colcon', 'build']
[0.113s] DEBUG:colcon:Parsed command line arguments: Namespace(log_base=None, log_level=None, verb_name='build', build_base='build', install_base='install', merge_install=False, symlink_install=False, test_result_base=None, continue_on_error=False, executor='parallel', parallel_workers=12, event_handlers=None, ignore_user_meta=False, metas=['./colcon.meta'], base_paths=['.'], packages_ignore=None, packages_ignore_regex=None, paths=None, packages_up_to=None, packages_up_to_regex=None, packages_above=None, packages_above_and_dependencies=None, packages_above_depth=None, packages_select_by_dep=None, packages_skip_by_dep=None, packages_skip_up_to=None, packages_select_build_failed=False, packages_skip_build_finished=False, packages_select_test_failures=False, packages_skip_test_passed=False, packages_select=None, packages_skip=None, packages_select_regex=None, packages_skip_regex=None, packages_start=None, packages_end=None, allow_overriding=[], cmake_args=None, cmake_target=None, cmake_target_skip_unavailable=False, cmake_clean_cache=False, cmake_clean_first=False, cmake_force_configure=False, ament_cmake_args=None, catkin_cmake_args=None, catkin_skip_building_tests=False, verb_parser=<colcon_defaults.argument_parser.defaults.DefaultArgumentsDecorator object at 0x77ca97def280>, verb_extension=<colcon_core.verb.build.BuildVerb object at 0x77ca97deecb0>, main=<bound method BuildVerb.main of <colcon_core.verb.build.BuildVerb object at 0x77ca97deecb0>>)
[0.280s] Level 1:colcon.colcon_core.package_discovery:discover_packages(colcon_meta) check parameters
[0.280s] Level 1:colcon.colcon_core.package_discovery:discover_packages(recursive) check parameters
[0.280s] Level 1:colcon.colcon_core.package_discovery:discover_packages(ignore) check parameters
[0.280s] Level 1:colcon.colcon_core.package_discovery:discover_packages(path) check parameters
[0.280s] Level 1:colcon.colcon_core.package_discovery:discover_packages(colcon_meta) discover
[0.280s] Level 1:colcon.colcon_core.package_discovery:discover_packages(recursive) discover
[0.280s] INFO:colcon.colcon_core.package_discovery:Crawling recursively for packages in '/home/zsj/code/unitree_ws'
[0.280s] Level 1:colcon.colcon_core.package_identification:_identify(.) by extensions ['ignore', 'ignore_ament_install']
[0.281s] Level 1:colcon.colcon_core.package_identification:_identify(.) by extension 'ignore'
[0.281s] Level 1:colcon.colcon_core.package_identification:_identify(.) by extension 'ignore_ament_install'
[0.281s] Level 1:colcon.colcon_core.package_identification:_identify(.) by extensions ['colcon_pkg']
[0.281s] Level 1:colcon.colcon_core.package_identification:_identify(.) by extension 'colcon_pkg'
[0.281s] Level 1:colcon.colcon_core.package_identification:_identify(.) by extensions ['colcon_meta']
[0.281s] Level 1:colcon.colcon_core.package_identification:_identify(.) by extension 'colcon_meta'
[0.281s] Level 1:colcon.colcon_core.package_identification:_identify(.) by extensions ['ros']
[0.281s] Level 1:colcon.colcon_core.package_identification:_identify(.) by extension 'ros'
[0.293s] Level 1:colcon.colcon_core.package_identification:_identify(.) by extensions ['cmake', 'python']
[0.293s] Level 1:colcon.colcon_core.package_identification:_identify(.) by extension 'cmake'
[0.293s] Level 1:colcon.colcon_core.package_identification:_identify(.) by extension 'python'
[0.294s] Level 1:colcon.colcon_core.package_identification:_identify(.) by extensions ['python_setup_py']
[0.294s] Level 1:colcon.colcon_core.package_identification:_identify(.) by extension 'python_setup_py'
[0.294s] Level 1:colcon.colcon_core.package_identification:_identify(build) by extensions ['ignore', 'ignore_ament_install']
[0.294s] Level 1:colcon.colcon_core.package_identification:_identify(build) by extension 'ignore'
[0.294s] Level 1:colcon.colcon_core.package_identification:_identify(build) ignored
[0.294s] Level 1:colcon.colcon_core.package_identification:_identify(dataset) by extensions ['ignore', 'ignore_ament_install']
[0.294s] Level 1:colcon.colcon_core.package_identification:_identify(dataset) by extension 'ignore'
[0.294s] Level 1:colcon.colcon_core.package_identification:_identify(dataset) by extension 'ignore_ament_install'
[0.294s] Level 1:colcon.colcon_core.package_identification:_identify(dataset) by extensions ['colcon_pkg']
[0.294s] Level 1:colcon.colcon_core.package_identification:_identify(dataset) by extension 'colcon_pkg'
[0.295s] Level 1:colcon.colcon_core.package_identification:_identify(dataset) by extensions ['colcon_meta']
[0.295s] Level 1:colcon.colcon_core.package_identification:_identify(dataset) by extension 'colcon_meta'
[0.295s] Level 1:colcon.colcon_core.package_identification:_identify(dataset) by extensions ['ros']
[0.295s] Level 1:colcon.colcon_core.package_identification:_identify(dataset) by extension 'ros'
[0.295s] Level 1:colcon.colcon_core.package_identification:_identify(dataset) by extensions ['cmake', 'python']
[0.295s] Level 1:colcon.colcon_core.package_identification:_identify(dataset) by extension 'cmake'
[0.295s] Level 1:colcon.colcon_core.package_identification:_identify(dataset) by extension 'python'
[0.295s] Level 1:colcon.colcon_core.package_identification:_identify(dataset) by extensions ['python_setup_py']
[0.295s] Level 1:colcon.colcon_core.package_identification:_identify(dataset) by extension 'python_setup_py'
[0.295s] Level 1:colcon.colcon_core.package_identification:_identify(install) by extensions ['ignore', 'ignore_ament_install']
[0.295s] Level 1:colcon.colcon_core.package_identification:_identify(install) by extension 'ignore'
[0.295s] Level 1:colcon.colcon_core.package_identification:_identify(install) ignored
[0.296s] Level 1:colcon.colcon_core.package_identification:_identify(log) by extensions ['ignore', 'ignore_ament_install']
[0.296s] Level 1:colcon.colcon_core.package_identification:_identify(log) by extension 'ignore'
[0.296s] Level 1:colcon.colcon_core.package_identification:_identify(log) ignored
[0.296s] Level 1:colcon.colcon_core.package_identification:_identify(src) by extensions ['ignore', 'ignore_ament_install']
[0.296s] Level 1:colcon.colcon_core.package_identification:_identify(src) by extension 'ignore'
[0.297s] Level 1:colcon.colcon_core.package_identification:_identify(src) by extension 'ignore_ament_install'
[0.297s] Level 1:colcon.colcon_core.package_identification:_identify(src) by extensions ['colcon_pkg']
[0.297s] Level 1:colcon.colcon_core.package_identification:_identify(src) by extension 'colcon_pkg'
[0.297s] Level 1:colcon.colcon_core.package_identification:_identify(src) by extensions ['colcon_meta']
[0.297s] Level 1:colcon.colcon_core.package_identification:_identify(src) by extension 'colcon_meta'
[0.297s] Level 1:colcon.colcon_core.package_identification:_identify(src) by extensions ['ros']
[0.297s] Level 1:colcon.colcon_core.package_identification:_identify(src) by extension 'ros'
[0.297s] Level 1:colcon.colcon_core.package_identification:_identify(src) by extensions ['cmake', 'python']
[0.297s] Level 1:colcon.colcon_core.package_identification:_identify(src) by extension 'cmake'
[0.297s] Level 1:colcon.colcon_core.package_identification:_identify(src) by extension 'python'
[0.297s] Level 1:colcon.colcon_core.package_identification:_identify(src) by extensions ['python_setup_py']
[0.297s] Level 1:colcon.colcon_core.package_identification:_identify(src) by extension 'python_setup_py'
[0.297s] Level 1:colcon.colcon_core.package_identification:_identify(src/create_dataset) by extensions ['ignore', 'ignore_ament_install']
[0.298s] Level 1:colcon.colcon_core.package_identification:_identify(src/create_dataset) by extension 'ignore'
[0.298s] Level 1:colcon.colcon_core.package_identification:_identify(src/create_dataset) by extension 'ignore_ament_install'
[0.298s] Level 1:colcon.colcon_core.package_identification:_identify(src/create_dataset) by extensions ['colcon_pkg']
[0.298s] Level 1:colcon.colcon_core.package_identification:_identify(src/create_dataset) by extension 'colcon_pkg'
[0.298s] Level 1:colcon.colcon_core.package_identification:_identify(src/create_dataset) by extensions ['colcon_meta']
[0.298s] Level 1:colcon.colcon_core.package_identification:_identify(src/create_dataset) by extension 'colcon_meta'
[0.298s] Level 1:colcon.colcon_core.package_identification:_identify(src/create_dataset) by extensions ['ros']
[0.298s] Level 1:colcon.colcon_core.package_identification:_identify(src/create_dataset) by extension 'ros'
[0.301s] DEBUG:colcon.colcon_core.package_identification:Package 'src/create_dataset' with type 'ros.ament_cmake' and name 'create_dataset'
[0.301s] Level 1:colcon.colcon_core.package_identification:_identify(src/robot_state) by extensions ['ignore', 'ignore_ament_install']
[0.301s] Level 1:colcon.colcon_core.package_identification:_identify(src/robot_state) by extension 'ignore'
[0.302s] Level 1:colcon.colcon_core.package_identification:_identify(src/robot_state) by extension 'ignore_ament_install'
[0.302s] Level 1:colcon.colcon_core.package_identification:_identify(src/robot_state) by extensions ['colcon_pkg']
[0.302s] Level 1:colcon.colcon_core.package_identification:_identify(src/robot_state) by extension 'colcon_pkg'
[0.302s] Level 1:colcon.colcon_core.package_identification:_identify(src/robot_state) by extensions ['colcon_meta']
[0.302s] Level 1:colcon.colcon_core.package_identification:_identify(src/robot_state) by extension 'colcon_meta'
[0.302s] Level 1:colcon.colcon_core.package_identification:_identify(src/robot_state) by extensions ['ros']
[0.302s] Level 1:colcon.colcon_core.package_identification:_identify(src/robot_state) by extension 'ros'
[0.302s] DEBUG:colcon.colcon_core.package_identification:Package 'src/robot_state' with type 'ros.ament_cmake' and name 'robot_state'
[0.303s] Level 1:colcon.colcon_core.package_discovery:discover_packages(recursive) using defaults
[0.303s] Level 1:colcon.colcon_core.package_discovery:discover_packages(ignore) discover
[0.303s] Level 1:colcon.colcon_core.package_discovery:discover_packages(ignore) using defaults
[0.303s] Level 1:colcon.colcon_core.package_discovery:discover_packages(path) discover
[0.303s] Level 1:colcon.colcon_core.package_discovery:discover_packages(path) using defaults
[0.324s] Level 1:colcon.colcon_core.package_discovery:discover_packages(prefix_path) check parameters
[0.324s] Level 1:colcon.colcon_core.package_discovery:discover_packages(prefix_path) discover
[0.326s] DEBUG:colcon.colcon_installed_package_information.package_discovery:Found 2 installed packages in /home/zsj/code/unitree_ws/install
[0.326s] DEBUG:colcon.colcon_installed_package_information.package_discovery:Found 4 installed packages in /home/zsj/code/unitree_ros2/cyclonedds_ws/install
[0.328s] DEBUG:colcon.colcon_installed_package_information.package_discovery:Found 272 installed packages in /opt/ros/humble
[0.330s] Level 1:colcon.colcon_core.package_discovery:discover_packages(prefix_path) using defaults
[0.376s] Level 5:colcon.colcon_core.verb:set package 'robot_state' build argument 'cmake_args' from command line to 'None'
[0.376s] Level 5:colcon.colcon_core.verb:set package 'robot_state' build argument 'cmake_target' from command line to 'None'
[0.376s] Level 5:colcon.colcon_core.verb:set package 'robot_state' build argument 'cmake_target_skip_unavailable' from command line to 'False'
[0.376s] Level 5:colcon.colcon_core.verb:set package 'robot_state' build argument 'cmake_clean_cache' from command line to 'False'
[0.376s] Level 5:colcon.colcon_core.verb:set package 'robot_state' build argument 'cmake_clean_first' from command line to 'False'
[0.376s] Level 5:colcon.colcon_core.verb:set package 'robot_state' build argument 'cmake_force_configure' from command line to 'False'
[0.376s] Level 5:colcon.colcon_core.verb:set package 'robot_state' build argument 'ament_cmake_args' from command line to 'None'
[0.376s] Level 5:colcon.colcon_core.verb:set package 'robot_state' build argument 'catkin_cmake_args' from command line to 'None'
[0.376s] Level 5:colcon.colcon_core.verb:set package 'robot_state' build argument 'catkin_skip_building_tests' from command line to 'False'
[0.376s] DEBUG:colcon.colcon_core.verb:Building package 'robot_state' with the following arguments: {'ament_cmake_args': None, 'build_base': '/home/zsj/code/unitree_ws/build/robot_state', 'catkin_cmake_args': None, 'catkin_skip_building_tests': False, 'cmake_args': None, 'cmake_clean_cache': False, 'cmake_clean_first': False, 'cmake_force_configure': False, 'cmake_target': None, 'cmake_target_skip_unavailable': False, 'install_base': '/home/zsj/code/unitree_ws/install/robot_state', 'merge_install': False, 'path': '/home/zsj/code/unitree_ws/src/robot_state', 'symlink_install': False, 'test_result_base': None}
[0.377s] Level 5:colcon.colcon_core.verb:set package 'create_dataset' build argument 'cmake_args' from command line to 'None'
[0.377s] Level 5:colcon.colcon_core.verb:set package 'create_dataset' build argument 'cmake_target' from command line to 'None'
[0.377s] Level 5:colcon.colcon_core.verb:set package 'create_dataset' build argument 'cmake_target_skip_unavailable' from command line to 'False'
[0.377s] Level 5:colcon.colcon_core.verb:set package 'create_dataset' build argument 'cmake_clean_cache' from command line to 'False'
[0.377s] Level 5:colcon.colcon_core.verb:set package 'create_dataset' build argument 'cmake_clean_first' from command line to 'False'
[0.377s] Level 5:colcon.colcon_core.verb:set package 'create_dataset' build argument 'cmake_force_configure' from command line to 'False'
[0.377s] Level 5:colcon.colcon_core.verb:set package 'create_dataset' build argument 'ament_cmake_args' from command line to 'None'
[0.377s] Level 5:colcon.colcon_core.verb:set package 'create_dataset' build argument 'catkin_cmake_args' from command line to 'None'
[0.377s] Level 5:colcon.colcon_core.verb:set package 'create_dataset' build argument 'catkin_skip_building_tests' from command line to 'False'
[0.377s] DEBUG:colcon.colcon_core.verb:Building package 'create_dataset' with the following arguments: {'ament_cmake_args': None, 'build_base': '/home/zsj/code/unitree_ws/build/create_dataset', 'catkin_cmake_args': None, 'catkin_skip_building_tests': False, 'cmake_args': None, 'cmake_clean_cache': False, 'cmake_clean_first': False, 'cmake_force_configure': False, 'cmake_target': None, 'cmake_target_skip_unavailable': False, 'install_base': '/home/zsj/code/unitree_ws/install/create_dataset', 'merge_install': False, 'path': '/home/zsj/code/unitree_ws/src/create_dataset', 'symlink_install': False, 'test_result_base': None}
[0.377s] INFO:colcon.colcon_core.executor:Executing jobs using 'parallel' executor
[0.378s] DEBUG:colcon.colcon_parallel_executor.executor.parallel:run_until_complete
[0.379s] INFO:colcon.colcon_ros.task.ament_cmake.build:Building ROS package in '/home/zsj/code/unitree_ws/src/robot_state' with build type 'ament_cmake'
[0.379s] INFO:colcon.colcon_cmake.task.cmake.build:Building CMake package in '/home/zsj/code/unitree_ws/src/robot_state'
[0.381s] INFO:colcon.colcon_core.plugin_system:Skipping extension 'colcon_core.shell.bat': Not used on non-Windows systems
[0.382s] INFO:colcon.colcon_core.shell:Skip shell extension 'powershell' for command environment: Not usable outside of PowerShell
[0.382s] DEBUG:colcon.colcon_core.shell:Skip shell extension 'dsv' for command environment
[0.395s] DEBUG:colcon.colcon_core.event_handler.log_command:Invoking command in '/home/zsj/code/unitree_ws/build/robot_state': CMAKE_PREFIX_PATH=${CMAKE_PREFIX_PATH}:/opt/ros/humble /usr/bin/cmake --build /home/zsj/code/unitree_ws/build/robot_state -- -j12 -l12
[0.815s] DEBUG:colcon.colcon_core.event_handler.log_command:Invoked command in '/home/zsj/code/unitree_ws/build/robot_state' returned '0': CMAKE_PREFIX_PATH=${CMAKE_PREFIX_PATH}:/opt/ros/humble /usr/bin/cmake --build /home/zsj/code/unitree_ws/build/robot_state -- -j12 -l12
[0.925s] DEBUG:colcon.colcon_core.event_handler.log_command:Invoking command in '/home/zsj/code/unitree_ws/build/robot_state': CMAKE_PREFIX_PATH=${CMAKE_PREFIX_PATH}:/opt/ros/humble /usr/bin/cmake --install /home/zsj/code/unitree_ws/build/robot_state
[0.998s] Level 1:colcon.colcon_core.environment:create_environment_scripts_only(robot_state)
[1.001s] DEBUG:colcon.colcon_core.event_handler.log_command:Invoked command in '/home/zsj/code/unitree_ws/build/robot_state' returned '0': CMAKE_PREFIX_PATH=${CMAKE_PREFIX_PATH}:/opt/ros/humble /usr/bin/cmake --install /home/zsj/code/unitree_ws/build/robot_state
[1.003s] Level 1:colcon.colcon_core.environment:checking '/home/zsj/code/unitree_ws/install/robot_state' for CMake module files
[1.003s] Level 1:colcon.colcon_core.environment:checking '/home/zsj/code/unitree_ws/install/robot_state' for CMake config files
[1.004s] Level 1:colcon.colcon_core.shell:create_environment_hook('robot_state', 'cmake_prefix_path')
[1.004s] INFO:colcon.colcon_core.shell:Creating environment hook '/home/zsj/code/unitree_ws/install/robot_state/share/robot_state/hook/cmake_prefix_path.ps1'
[1.005s] INFO:colcon.colcon_core.shell:Creating environment descriptor '/home/zsj/code/unitree_ws/install/robot_state/share/robot_state/hook/cmake_prefix_path.dsv'
[1.005s] INFO:colcon.colcon_core.shell:Creating environment hook '/home/zsj/code/unitree_ws/install/robot_state/share/robot_state/hook/cmake_prefix_path.sh'
[1.006s] Level 1:colcon.colcon_core.environment:checking '/home/zsj/code/unitree_ws/install/robot_state/lib'
[1.006s] Level 1:colcon.colcon_core.shell:create_environment_hook('robot_state', 'ld_library_path_lib')
[1.007s] INFO:colcon.colcon_core.shell:Creating environment hook '/home/zsj/code/unitree_ws/install/robot_state/share/robot_state/hook/ld_library_path_lib.ps1'
[1.007s] INFO:colcon.colcon_core.shell:Creating environment descriptor '/home/zsj/code/unitree_ws/install/robot_state/share/robot_state/hook/ld_library_path_lib.dsv'
[1.008s] INFO:colcon.colcon_core.shell:Creating environment hook '/home/zsj/code/unitree_ws/install/robot_state/share/robot_state/hook/ld_library_path_lib.sh'
[1.008s] Level 1:colcon.colcon_core.environment:checking '/home/zsj/code/unitree_ws/install/robot_state/bin'
[1.008s] Level 1:colcon.colcon_core.environment:checking '/home/zsj/code/unitree_ws/install/robot_state/lib/pkgconfig/robot_state.pc'
[1.008s] Level 1:colcon.colcon_core.environment:checking '/home/zsj/code/unitree_ws/install/robot_state/lib/python3.10/site-packages'
[1.009s] Level 1:colcon.colcon_core.environment:checking '/home/zsj/code/unitree_ws/install/robot_state/bin'
[1.009s] INFO:colcon.colcon_core.shell:Creating package script '/home/zsj/code/unitree_ws/install/robot_state/share/robot_state/package.ps1'
[1.010s] INFO:colcon.colcon_core.shell:Creating package descriptor '/home/zsj/code/unitree_ws/install/robot_state/share/robot_state/package.dsv'
[1.011s] INFO:colcon.colcon_core.shell:Creating package script '/home/zsj/code/unitree_ws/install/robot_state/share/robot_state/package.sh'
[1.011s] INFO:colcon.colcon_core.shell:Creating package script '/home/zsj/code/unitree_ws/install/robot_state/share/robot_state/package.bash'
[1.012s] INFO:colcon.colcon_core.shell:Creating package script '/home/zsj/code/unitree_ws/install/robot_state/share/robot_state/package.zsh'
[1.013s] Level 1:colcon.colcon_core.environment:create_file_with_runtime_dependencies(/home/zsj/code/unitree_ws/install/robot_state/share/colcon-core/packages/robot_state)
[1.113s] Level 1:colcon.colcon_core.environment:create_environment_scripts_only(robot_state)
[1.114s] Level 1:colcon.colcon_core.environment:checking '/home/zsj/code/unitree_ws/install/robot_state' for CMake module files
[1.115s] Level 1:colcon.colcon_core.environment:checking '/home/zsj/code/unitree_ws/install/robot_state' for CMake config files
[1.115s] Level 1:colcon.colcon_core.shell:create_environment_hook('robot_state', 'cmake_prefix_path')
[1.115s] INFO:colcon.colcon_core.shell:Creating environment hook '/home/zsj/code/unitree_ws/install/robot_state/share/robot_state/hook/cmake_prefix_path.ps1'
[1.116s] INFO:colcon.colcon_core.shell:Creating environment descriptor '/home/zsj/code/unitree_ws/install/robot_state/share/robot_state/hook/cmake_prefix_path.dsv'
[1.117s] INFO:colcon.colcon_core.shell:Creating environment hook '/home/zsj/code/unitree_ws/install/robot_state/share/robot_state/hook/cmake_prefix_path.sh'
[1.117s] Level 1:colcon.colcon_core.environment:checking '/home/zsj/code/unitree_ws/install/robot_state/lib'
[1.118s] Level 1:colcon.colcon_core.shell:create_environment_hook('robot_state', 'ld_library_path_lib')
[1.118s] INFO:colcon.colcon_core.shell:Creating environment hook '/home/zsj/code/unitree_ws/install/robot_state/share/robot_state/hook/ld_library_path_lib.ps1'
[1.118s] INFO:colcon.colcon_core.shell:Creating environment descriptor '/home/zsj/code/unitree_ws/install/robot_state/share/robot_state/hook/ld_library_path_lib.dsv'
[1.119s] INFO:colcon.colcon_core.shell:Creating environment hook '/home/zsj/code/unitree_ws/install/robot_state/share/robot_state/hook/ld_library_path_lib.sh'
[1.119s] Level 1:colcon.colcon_core.environment:checking '/home/zsj/code/unitree_ws/install/robot_state/bin'
[1.120s] Level 1:colcon.colcon_core.environment:checking '/home/zsj/code/unitree_ws/install/robot_state/lib/pkgconfig/robot_state.pc'
[1.120s] Level 1:colcon.colcon_core.environment:checking '/home/zsj/code/unitree_ws/install/robot_state/lib/python3.10/site-packages'
[1.120s] Level 1:colcon.colcon_core.environment:checking '/home/zsj/code/unitree_ws/install/robot_state/bin'
[1.121s] INFO:colcon.colcon_core.shell:Creating package script '/home/zsj/code/unitree_ws/install/robot_state/share/robot_state/package.ps1'
[1.122s] INFO:colcon.colcon_core.shell:Creating package descriptor '/home/zsj/code/unitree_ws/install/robot_state/share/robot_state/package.dsv'
[1.122s] INFO:colcon.colcon_core.shell:Creating package script '/home/zsj/code/unitree_ws/install/robot_state/share/robot_state/package.sh'
[1.123s] INFO:colcon.colcon_core.shell:Creating package script '/home/zsj/code/unitree_ws/install/robot_state/share/robot_state/package.bash'
[1.124s] INFO:colcon.colcon_core.shell:Creating package script '/home/zsj/code/unitree_ws/install/robot_state/share/robot_state/package.zsh'
[1.124s] Level 1:colcon.colcon_core.environment:create_file_with_runtime_dependencies(/home/zsj/code/unitree_ws/install/robot_state/share/colcon-core/packages/robot_state)
[1.125s] INFO:colcon.colcon_ros.task.ament_cmake.build:Building ROS package in '/home/zsj/code/unitree_ws/src/create_dataset' with build type 'ament_cmake'
[1.125s] INFO:colcon.colcon_cmake.task.cmake.build:Building CMake package in '/home/zsj/code/unitree_ws/src/create_dataset'
[1.126s] INFO:colcon.colcon_core.shell:Skip shell extension 'powershell' for command environment: Not usable outside of PowerShell
[1.126s] DEBUG:colcon.colcon_core.shell:Skip shell extension 'dsv' for command environment
[1.144s] DEBUG:colcon.colcon_core.event_handler.log_command:Invoking command in '/home/zsj/code/unitree_ws/build/create_dataset': CMAKE_PREFIX_PATH=/home/zsj/code/unitree_ws/install/robot_state:/home/zsj/code/unitree_ws/install/create_dataset:/home/zsj/code/unitree_ros2/cyclonedds_ws/install/unitree_go:/home/zsj/code/unitree_ros2/cyclonedds_ws/install/unitree_api:/home/zsj/code/unitree_ros2/cyclonedds_ws/install/rmw_cyclonedds_cpp:/home/zsj/code/unitree_ros2/cyclonedds_ws/install/cyclonedds:/opt/ros/humble /usr/bin/cmake --build /home/zsj/code/unitree_ws/build/create_dataset -- -j12 -l12
[7.237s] DEBUG:colcon.colcon_core.event_handler.log_command:Invoked command in '/home/zsj/code/unitree_ws/build/create_dataset' returned '2': CMAKE_PREFIX_PATH=/home/zsj/code/unitree_ws/install/robot_state:/home/zsj/code/unitree_ws/install/create_dataset:/home/zsj/code/unitree_ros2/cyclonedds_ws/install/unitree_go:/home/zsj/code/unitree_ros2/cyclonedds_ws/install/unitree_api:/home/zsj/code/unitree_ros2/cyclonedds_ws/install/rmw_cyclonedds_cpp:/home/zsj/code/unitree_ros2/cyclonedds_ws/install/cyclonedds:/opt/ros/humble /usr/bin/cmake --build /home/zsj/code/unitree_ws/build/create_dataset -- -j12 -l12
[7.286s] Level 1:colcon.colcon_core.environment:create_environment_scripts_only(create_dataset)
[7.286s] Level 1:colcon.colcon_core.environment:checking '/home/zsj/code/unitree_ws/install/create_dataset' for CMake module files
[7.287s] Level 1:colcon.colcon_core.environment:checking '/home/zsj/code/unitree_ws/install/create_dataset' for CMake config files
[7.288s] Level 1:colcon.colcon_core.shell:create_environment_hook('create_dataset', 'cmake_prefix_path')
[7.288s] INFO:colcon.colcon_core.shell:Creating environment hook '/home/zsj/code/unitree_ws/install/create_dataset/share/create_dataset/hook/cmake_prefix_path.ps1'
[7.289s] INFO:colcon.colcon_core.shell:Creating environment descriptor '/home/zsj/code/unitree_ws/install/create_dataset/share/create_dataset/hook/cmake_prefix_path.dsv'
[7.289s] INFO:colcon.colcon_core.shell:Creating environment hook '/home/zsj/code/unitree_ws/install/create_dataset/share/create_dataset/hook/cmake_prefix_path.sh'
[7.290s] Level 1:colcon.colcon_core.environment:checking '/home/zsj/code/unitree_ws/install/create_dataset/lib'
[7.291s] Level 1:colcon.colcon_core.environment:checking '/home/zsj/code/unitree_ws/install/create_dataset/bin'
[7.291s] Level 1:colcon.colcon_core.environment:checking '/home/zsj/code/unitree_ws/install/create_dataset/lib/pkgconfig/create_dataset.pc'
[7.291s] Level 1:colcon.colcon_core.environment:checking '/home/zsj/code/unitree_ws/install/create_dataset/lib/python3.10/site-packages'
[7.292s] Level 1:colcon.colcon_core.environment:checking '/home/zsj/code/unitree_ws/install/create_dataset/bin'
[7.293s] INFO:colcon.colcon_core.shell:Creating package script '/home/zsj/code/unitree_ws/install/create_dataset/share/create_dataset/package.ps1'
[7.293s] INFO:colcon.colcon_core.shell:Creating package descriptor '/home/zsj/code/unitree_ws/install/create_dataset/share/create_dataset/package.dsv'
[7.294s] INFO:colcon.colcon_core.shell:Creating package script '/home/zsj/code/unitree_ws/install/create_dataset/share/create_dataset/package.sh'
[7.295s] INFO:colcon.colcon_core.shell:Creating package script '/home/zsj/code/unitree_ws/install/create_dataset/share/create_dataset/package.bash'
[7.296s] INFO:colcon.colcon_core.shell:Creating package script '/home/zsj/code/unitree_ws/install/create_dataset/share/create_dataset/package.zsh'
[7.296s] Level 1:colcon.colcon_core.environment:create_file_with_runtime_dependencies(/home/zsj/code/unitree_ws/install/create_dataset/share/colcon-core/packages/create_dataset)
[7.307s] DEBUG:colcon.colcon_parallel_executor.executor.parallel:closing loop
[7.307s] DEBUG:colcon.colcon_parallel_executor.executor.parallel:loop closed
[7.307s] DEBUG:colcon.colcon_parallel_executor.executor.parallel:run_until_complete finished with '2'
[7.308s] DEBUG:colcon.colcon_core.event_reactor:joining thread
[7.315s] INFO:colcon.colcon_core.plugin_system:Skipping extension 'colcon_notification.desktop_notification.terminal_notifier': Not used on non-Darwin systems
[7.315s] INFO:colcon.colcon_core.plugin_system:Skipping extension 'colcon_notification.desktop_notification.win32': Not used on non-Windows systems
[7.315s] INFO:colcon.colcon_notification.desktop_notification:Sending desktop notification using 'notify2'
[7.329s] DEBUG:colcon.colcon_core.event_reactor:joined thread
[7.329s] INFO:colcon.colcon_core.shell:Creating prefix script '/home/zsj/code/unitree_ws/install/local_setup.ps1'
[7.331s] INFO:colcon.colcon_core.shell:Creating prefix util module '/home/zsj/code/unitree_ws/install/_local_setup_util_ps1.py'
[7.332s] INFO:colcon.colcon_core.shell:Creating prefix chain script '/home/zsj/code/unitree_ws/install/setup.ps1'
[7.334s] INFO:colcon.colcon_core.shell:Creating prefix script '/home/zsj/code/unitree_ws/install/local_setup.sh'
[7.334s] INFO:colcon.colcon_core.shell:Creating prefix util module '/home/zsj/code/unitree_ws/install/_local_setup_util_sh.py'
[7.335s] INFO:colcon.colcon_core.shell:Creating prefix chain script '/home/zsj/code/unitree_ws/install/setup.sh'
[7.336s] INFO:colcon.colcon_core.shell:Creating prefix script '/home/zsj/code/unitree_ws/install/local_setup.bash'
[7.337s] INFO:colcon.colcon_core.shell:Creating prefix chain script '/home/zsj/code/unitree_ws/install/setup.bash'
[7.338s] INFO:colcon.colcon_core.shell:Creating prefix script '/home/zsj/code/unitree_ws/install/local_setup.zsh'
[7.339s] INFO:colcon.colcon_core.shell:Creating prefix chain script '/home/zsj/code/unitree_ws/install/setup.zsh'
